C51 COMPILER V9.60.0.0   IIC                                                               01/15/2023 16:03:28 PAGE 1   


C51 COMPILER V9.60.0.0, COMPILATION OF MODULE IIC
OBJECT MODULE PLACED IN .\build\Target 1\__\__\scr\iic.o
COMPILER INVOKED BY: D:\Keil_v5\C51\BIN\C51.exe .\..\..\SCR\IIC.C OMF2 TABS(4) CODE NOCOND SYMBOLS PRINT(.\build\Target 
                    -1\__\__\scr\iic.lst) INCDIR(D:/Keil_v5/C51/INC/STC;D:/Keil_v5/C51/INC) DEFINE(__UVISION_VERSION=526) OPTIMIZE(8,SPEED) S
                    -MALL ROM(LARGE) OBJECT(.\build\Target 1\__\__\scr\iic.o)

line level    source

   1          #include "iic.h"
   2          #include <STC15F2K60S2.H>
   3          #include <intrins.h>
   4          
   5          sbit SDA = P2^1;
   6          sbit SCL = P2^0;
   7          
   8          
   9          #define DELAY_TIME 5
  10          
  11          void Delay5ms()     //@11.0592MHz
  12          {
  13   1          unsigned char i, j;
  14   1      
  15   1          i = 54;
  16   1          j = 199;
  17   1          do
  18   1          {
  19   2              while (--j);
  20   2          } while (--i);
  21   1      }
  22          
  23          //I2C×ÜĎßÄÚ˛żŃÓĘ±şŻĘý
  24          void IIC_Delay(unsigned char i)
  25          {
  26   1          do{_nop_();}
  27   1          while(i--);        
  28   1      }
  29          
  30          //I2C×ÜĎßĆô¶ŻĐĹşĹ
  31          void IIC_Start(void)
  32          {
  33   1          SDA = 1;
  34   1          SCL = 1;
  35   1          IIC_Delay(DELAY_TIME);
  36   1          SDA = 0;
  37   1          IIC_Delay(DELAY_TIME);
  38   1          SCL = 0;    
  39   1      }
  40          
  41          //I2C×ÜĎßÍŁÖąĐĹşĹ
  42          void IIC_Stop(void)
  43          {
  44   1          SDA = 0;
  45   1          SCL = 1;
  46   1          IIC_Delay(DELAY_TIME);
  47   1          SDA = 1;
  48   1          IIC_Delay(DELAY_TIME);
  49   1      }
  50          
  51          //·˘ËÍÓ¦´đ»ň·ÇÓ¦´đĐĹşĹ
  52          void IIC_SendAck(bit ackbit)
  53          {
C51 COMPILER V9.60.0.0   IIC                                                               01/15/2023 16:03:28 PAGE 2   

  54   1          SCL = 0;
  55   1          SDA = ackbit;                   
  56   1          IIC_Delay(DELAY_TIME);
  57   1          SCL = 1;
  58   1          IIC_Delay(DELAY_TIME);
  59   1          SCL = 0; 
  60   1          SDA = 1;
  61   1          IIC_Delay(DELAY_TIME);
  62   1      }
  63          
  64          //µČ´ýÓ¦´đ
  65          bit IIC_WaitAck(void)
  66          {
  67   1          bit ackbit;
  68   1          
  69   1          SCL  = 1;
  70   1          IIC_Delay(DELAY_TIME);
  71   1          ackbit = SDA;
  72   1          SCL = 0;
  73   1          IIC_Delay(DELAY_TIME);
  74   1          return ackbit;
  75   1      }
  76          
  77          //I2C×ÜĎß·˘ËÍŇ»¸ö×Ö˝ÚĘýľÝ
  78          void IIC_SendByte(unsigned char byt)
  79          {
  80   1          unsigned char i;
  81   1      
  82   1          for(i=0; i<8; i++)
  83   1          {
  84   2              SCL  = 0;
  85   2              IIC_Delay(DELAY_TIME);
  86   2              if(byt & 0x80) SDA  = 1;
  87   2              else SDA  = 0;
  88   2              IIC_Delay(DELAY_TIME);
  89   2              SCL = 1;
  90   2              byt <<= 1;
  91   2              IIC_Delay(DELAY_TIME);
  92   2          }
  93   1          SCL  = 0;  
  94   1      }
  95          
  96          //I2C×ÜĎß˝ÓĘŐŇ»¸ö×Ö˝ÚĘýľÝ
  97          unsigned char IIC_RecByte(void)
  98          {
  99   1          unsigned char i, da;
 100   1          for(i=0; i<8; i++)
 101   1          {   
 102   2              SCL = 1;
 103   2          IIC_Delay(DELAY_TIME);
 104   2          da <<= 1;
 105   2          if(SDA) da |= 1;
 106   2          SCL = 0;
 107   2          IIC_Delay(DELAY_TIME);
 108   2          }
 109   1          return da;    
 110   1      }
 111          
 112          /**
 113           * @brief ÍůAT24C02Đ´Ň»¸öĘýľÝ
 114           * 
 115           * @param addr ´ć·ĹĘýľÝµÄµŘÖ·Ł¬µŘÖ··¶Î§ÎŞ0~255
C51 COMPILER V9.60.0.0   IIC                                                               01/15/2023 16:03:28 PAGE 3   

 116           * @param date ´ć·ĹµÄĘýľÝ´óĐˇŁ¬ĘýľÝ·¶Î§ÎŞ0~255
 117           * @return ÎŢ
 118           */
 119          void EEPROM_Write(unsigned char addr, unsigned char date)
 120          {
 121   1          IIC_Start();                    //ĆôÓĂIIC×ÜĎß
 122   1      
 123   1          IIC_SendByte(0xa0);             //·˘ËÍĆ÷ĽţµŘÖ·˛˘ĘąÓĂĐ´ĘýľÝą¦ÄÜ
 124   1          IIC_WaitAck();                  //µČ´ýĆ÷ĽţÓ¦´đ
 125   1      
 126   1          IIC_SendByte(addr);             //·˘ËÍĘýľÝµÄµŘÖ·
 127   1          IIC_WaitAck();                  //µČ´ýĆ÷ĽţÓ¦´đ
 128   1      
 129   1          IIC_SendByte(date);             //·˘ËÍĘýľÝ
 130   1          IIC_WaitAck();                  //µČ´ýĆ÷ĽţÓ¦´đ
 131   1      
 132   1          IIC_Stop();                     //ÍŁÖąĘąÓĂIIC×ÜĎß
 133   1          Delay5ms();
 134   1      }
 135          
 136          /**
 137           * @brief ´ÓAT24C02ÖĐ¶ÁŇ»¸öĘýľÝ
 138           * 
 139           * @param addr ËůŇŞ¶ÁµÄĘýľÝµÄµŘÖ·
 140           * @return ·µ»Ř¶ÁłöµÄĘýľÝ
 141           */
 142          unsigned char EEPROM_Read(unsigned char addr)
 143          {
 144   1          unsigned char date = 0;
 145   1      
 146   1          IIC_Start();                        //ĆôÓĂIIC×ÜĎß
 147   1      
 148   1          IIC_SendByte(0xa0);                 //·˘ËÍĆ÷ĽţµŘÖ·˛˘ĘąÓĂĐ´ĘýľÝą¦ÄÜ
 149   1          IIC_WaitAck();                      //µČ´ýĆ÷ĽţÓ¦´đ
 150   1      
 151   1          IIC_SendByte(addr);                 //·˘ËÍĘýľÝµÄµŘÖ·   
 152   1          IIC_WaitAck();                      //µČ´ýĆ÷ĽţÓ¦´đ
 153   1      
 154   1          IIC_Start();                        //¶ÁĐ´×Ş»»Ę±Ł¬ĐčÖŘĐÂĆôÓĂIIC×ÜĎß              
 155   1          IIC_SendByte(0xa1);                 //·˘ËÍĆ÷ĽţµŘÖ·˛˘ĘąÓĂ¶ÁĘýľÝą¦ÄÜ 
 156   1          IIC_WaitAck();                      //µČ´ýĆ÷ĽţÓ¦´đ
 157   1      
 158   1          date = IIC_RecByte();               //˝ÓĘŐŇ»¸ö×Ö˝ÚĘýľÝ
 159   1          IIC_SendAck(1);                     //·˘ËÍ·ÇÓ¦´đĐĹşĹ
 160   1      
 161   1          IIC_Stop();                         //ÍŁÖąĘąÓĂIIC×ÜĎß         
 162   1      
 163   1          return date;                        //·µ»Ř¶ÁČˇµ˝µÄĘýľÝ
 164   1      }
 165          
C51 COMPILER V9.60.0.0   IIC                                                               01/15/2023 16:03:28 PAGE 4   

ASSEMBLY LISTING OF GENERATED OBJECT CODE


             ; FUNCTION Delay5ms (BEGIN)
                                           ; SOURCE LINE # 11
                                           ; SOURCE LINE # 12
                                           ; SOURCE LINE # 15
;---- Variable 'i' assigned to Register 'R7' ----
0000 7F36              MOV     R7,#036H
                                           ; SOURCE LINE # 16
;---- Variable 'j' assigned to Register 'R6' ----
0002 7EC7              MOV     R6,#0C7H
                                           ; SOURCE LINE # 18
0004         ?C0004:
                                           ; SOURCE LINE # 19
0004 DEFE              DJNZ    R6,?C0004
                                           ; SOURCE LINE # 20
0006 DFFC              DJNZ    R7,?C0004
                                           ; SOURCE LINE # 21
0008 22                RET     
             ; FUNCTION Delay5ms (END)

             ; FUNCTION L?0029 (BEGIN)
0000         L?0030:
0000 D2A0              SETB    SCL
0002 7F05              MOV     R7,#05H
             ; FUNCTION _IIC_Delay (BEGIN)
                                           ; SOURCE LINE # 24
;---- Variable 'i' assigned to Register 'R7' ----
                                           ; SOURCE LINE # 25
0004         ?C0009:
                                           ; SOURCE LINE # 26
0004 00                NOP     
                                           ; SOURCE LINE # 27
0005 AE07              MOV     R6,AR7
0007 1F                DEC     R7
0008 EE                MOV     A,R6
0009 70F9              JNZ     ?C0009
                                           ; SOURCE LINE # 28
000B 22                RET     
             ; FUNCTION _IIC_Delay (END)

             ; FUNCTION IIC_Start (BEGIN)
                                           ; SOURCE LINE # 31
                                           ; SOURCE LINE # 32
                                           ; SOURCE LINE # 33
0000 D2A1              SETB    SDA
                                           ; SOURCE LINE # 34
                                           ; SOURCE LINE # 35
0002 120000      R     LCALL   L?0029
                                           ; SOURCE LINE # 36
0005 C2A1              CLR     SDA
                                           ; SOURCE LINE # 37
0007 7F05              MOV     R7,#05H
0009 120000      R     LCALL   _IIC_Delay
                                           ; SOURCE LINE # 38
000C C2A0              CLR     SCL
                                           ; SOURCE LINE # 39
000E 22                RET     
             ; FUNCTION IIC_Start (END)

             ; FUNCTION IIC_Stop (BEGIN)
C51 COMPILER V9.60.0.0   IIC                                                               01/15/2023 16:03:28 PAGE 5   

                                           ; SOURCE LINE # 42
                                           ; SOURCE LINE # 43
                                           ; SOURCE LINE # 44
0000 C2A1              CLR     SDA
                                           ; SOURCE LINE # 45
                                           ; SOURCE LINE # 46
0002 120000      R     LCALL   L?0029
                                           ; SOURCE LINE # 47
0005 D2A1              SETB    SDA
                                           ; SOURCE LINE # 48
0007 7F05              MOV     R7,#05H
0009 020000      R     LJMP    _IIC_Delay
             ; FUNCTION IIC_Stop (END)

             ; FUNCTION IIC_SendAck (BEGIN)
                                           ; SOURCE LINE # 52
                                           ; SOURCE LINE # 53
                                           ; SOURCE LINE # 54
0000 C2A0              CLR     SCL
                                           ; SOURCE LINE # 55
0002 A200        R     MOV     C,ackbit
0004 92A1              MOV     SDA,C
                                           ; SOURCE LINE # 56
0006 7F05              MOV     R7,#05H
0008 120000      R     LCALL   _IIC_Delay
                                           ; SOURCE LINE # 57
                                           ; SOURCE LINE # 58
000B 120000      R     LCALL   L?0030
                                           ; SOURCE LINE # 59
000E C2A0              CLR     SCL
                                           ; SOURCE LINE # 60
0010 D2A1              SETB    SDA
                                           ; SOURCE LINE # 61
0012 7F05              MOV     R7,#05H
0014 020000      R     LJMP    _IIC_Delay
             ; FUNCTION IIC_SendAck (END)

             ; FUNCTION L?0028 (BEGIN)
0000 120000      R     LCALL   IIC_Start
0003 7FA0              MOV     R7,#0A0H
0005 120000      R     LCALL   _IIC_SendByte
             ; FUNCTION IIC_WaitAck (BEGIN)
                                           ; SOURCE LINE # 65
                                           ; SOURCE LINE # 66
                                           ; SOURCE LINE # 69
                                           ; SOURCE LINE # 70
0008 120000      R     LCALL   L?0030
                                           ; SOURCE LINE # 71
000B A2A1              MOV     C,SDA
000D 9200        R     MOV     ackbit,C
                                           ; SOURCE LINE # 72
000F C2A0              CLR     SCL
                                           ; SOURCE LINE # 73
0011 7F05              MOV     R7,#05H
0013 120000      R     LCALL   _IIC_Delay
                                           ; SOURCE LINE # 74
0016 A200        R     MOV     C,ackbit
                                           ; SOURCE LINE # 75
0018 22                RET     
             ; FUNCTION IIC_WaitAck (END)

             ; FUNCTION _IIC_SendByte (BEGIN)
C51 COMPILER V9.60.0.0   IIC                                                               01/15/2023 16:03:28 PAGE 6   

                                           ; SOURCE LINE # 78
;---- Variable 'byt' assigned to Register 'R5' ----
0000 AD07              MOV     R5,AR7
                                           ; SOURCE LINE # 79
                                           ; SOURCE LINE # 82
;---- Variable 'i' assigned to Register 'R4' ----
0002 E4                CLR     A
0003 FC                MOV     R4,A
0004         ?C0015:
0004 EC                MOV     A,R4
0005 C3                CLR     C
0006 9408              SUBB    A,#08H
0008 7480              MOV     A,#080H
000A 9480              SUBB    A,#080H
000C 5024              JNC     ?C0016
                                           ; SOURCE LINE # 83
                                           ; SOURCE LINE # 84
000E C2A0              CLR     SCL
                                           ; SOURCE LINE # 85
0010 7F05              MOV     R7,#05H
0012 120000      R     LCALL   _IIC_Delay
                                           ; SOURCE LINE # 86
0015 ED                MOV     A,R5
0016 30E704            JNB     ACC.7,?C0018
0019 D2A1              SETB    SDA
001B 8002              SJMP    ?C0019
001D         ?C0018:
                                           ; SOURCE LINE # 87
001D C2A1              CLR     SDA
001F         ?C0019:
                                           ; SOURCE LINE # 88
001F 7F05              MOV     R7,#05H
0021 120000      R     LCALL   _IIC_Delay
                                           ; SOURCE LINE # 89
0024 D2A0              SETB    SCL
                                           ; SOURCE LINE # 90
0026 ED                MOV     A,R5
0027 25E0              ADD     A,ACC
0029 FD                MOV     R5,A
                                           ; SOURCE LINE # 91
002A 7F05              MOV     R7,#05H
002C 120000      R     LCALL   _IIC_Delay
                                           ; SOURCE LINE # 92
002F 0C                INC     R4
0030 80D2              SJMP    ?C0015
0032         ?C0016:
                                           ; SOURCE LINE # 93
0032 C2A0              CLR     SCL
                                           ; SOURCE LINE # 94
0034 22                RET     
             ; FUNCTION _IIC_SendByte (END)

             ; FUNCTION IIC_RecByte (BEGIN)
                                           ; SOURCE LINE # 97
;---- Variable 'da' assigned to Register 'R5' ----
                                           ; SOURCE LINE # 98
                                           ; SOURCE LINE # 100
;---- Variable 'i' assigned to Register 'R4' ----
0000 E4                CLR     A
0001 FC                MOV     R4,A
0002         ?C0021:
0002 EC                MOV     A,R4
C51 COMPILER V9.60.0.0   IIC                                                               01/15/2023 16:03:28 PAGE 7   

0003 C3                CLR     C
0004 9408              SUBB    A,#08H
0006 7480              MOV     A,#080H
0008 9480              SUBB    A,#080H
000A 5017              JNC     ?C0022
                                           ; SOURCE LINE # 101
                                           ; SOURCE LINE # 102
                                           ; SOURCE LINE # 103
000C 120000      R     LCALL   L?0030
                                           ; SOURCE LINE # 104
000F ED                MOV     A,R5
0010 25E0              ADD     A,ACC
0012 FD                MOV     R5,A
                                           ; SOURCE LINE # 105
0013 30A103            JNB     SDA,?C0024
0016 430501            ORL     AR5,#01H
0019         ?C0024:
                                           ; SOURCE LINE # 106
0019 C2A0              CLR     SCL
                                           ; SOURCE LINE # 107
001B 7F05              MOV     R7,#05H
001D 120000      R     LCALL   _IIC_Delay
                                           ; SOURCE LINE # 108
0020 0C                INC     R4
0021 80DF              SJMP    ?C0021
0023         ?C0022:
                                           ; SOURCE LINE # 109
0023 AF05              MOV     R7,AR5
                                           ; SOURCE LINE # 110
0025 22                RET     
             ; FUNCTION IIC_RecByte (END)

             ; FUNCTION _EEPROM_Write (BEGIN)
                                           ; SOURCE LINE # 119
;---- Variable 'date' assigned to Register 'R3' ----
0000 AB05              MOV     R3,AR5
;---- Variable 'addr' assigned to Register 'R2' ----
0002 AA07              MOV     R2,AR7
                                           ; SOURCE LINE # 120
                                           ; SOURCE LINE # 121
                                           ; SOURCE LINE # 123
                                           ; SOURCE LINE # 124
0004 120000      R     LCALL   L?0028
                                           ; SOURCE LINE # 126
0007 AF02              MOV     R7,AR2
0009 120000      R     LCALL   _IIC_SendByte
                                           ; SOURCE LINE # 127
000C 120000      R     LCALL   IIC_WaitAck
                                           ; SOURCE LINE # 129
000F AF03              MOV     R7,AR3
0011 120000      R     LCALL   _IIC_SendByte
                                           ; SOURCE LINE # 130
0014 120000      R     LCALL   IIC_WaitAck
                                           ; SOURCE LINE # 132
0017 120000      R     LCALL   IIC_Stop
                                           ; SOURCE LINE # 133
001A 020000      R     LJMP    Delay5ms
             ; FUNCTION _EEPROM_Write (END)

             ; FUNCTION _EEPROM_Read (BEGIN)
                                           ; SOURCE LINE # 142
;---- Variable 'addr' assigned to Register 'R3' ----
C51 COMPILER V9.60.0.0   IIC                                                               01/15/2023 16:03:28 PAGE 8   

0000 AB07              MOV     R3,AR7
                                           ; SOURCE LINE # 143
                                           ; SOURCE LINE # 144
;---- Variable 'date' assigned to Register 'R5' ----
0002 E4                CLR     A
0003 FD                MOV     R5,A
                                           ; SOURCE LINE # 146
                                           ; SOURCE LINE # 148
                                           ; SOURCE LINE # 149
0004 120000      R     LCALL   L?0028
                                           ; SOURCE LINE # 151
0007 AF03              MOV     R7,AR3
0009 120000      R     LCALL   _IIC_SendByte
                                           ; SOURCE LINE # 152
000C 120000      R     LCALL   IIC_WaitAck
                                           ; SOURCE LINE # 154
000F 120000      R     LCALL   IIC_Start
                                           ; SOURCE LINE # 155
0012 7FA1              MOV     R7,#0A1H
0014 120000      R     LCALL   _IIC_SendByte
                                           ; SOURCE LINE # 156
0017 120000      R     LCALL   IIC_WaitAck
                                           ; SOURCE LINE # 158
001A 120000      R     LCALL   IIC_RecByte
001D AD07              MOV     R5,AR7
                                           ; SOURCE LINE # 159
001F D200        R     SETB    ?IIC_SendAck?BIT
0021 120000      R     LCALL   IIC_SendAck
                                           ; SOURCE LINE # 161
0024 120000      R     LCALL   IIC_Stop
                                           ; SOURCE LINE # 163
0027 AF05              MOV     R7,AR5
                                           ; SOURCE LINE # 164
0029 22                RET     
             ; FUNCTION _EEPROM_Read (END)

C51 COMPILER V9.60.0.0   IIC                                                               01/15/2023 16:03:28 PAGE 9   

NAME                                    CLASS   MSPACE  TYPE    OFFSET  SIZE
====                                    =====   ======  ====    ======  ====


CCF2 . . . . . . . . . . . . . . . . .  ABSBIT   -----  BIT      00DAH  1
P1M0 . . . . . . . . . . . . . . . . .  SFR      DATA   U_CHAR   0092H  1
P0M1 . . . . . . . . . . . . . . . . .  SFR      DATA   U_CHAR   0093H  1
P2M0 . . . . . . . . . . . . . . . . .  SFR      DATA   U_CHAR   0096H  1
P1M1 . . . . . . . . . . . . . . . . .  SFR      DATA   U_CHAR   0091H  1
P0 . . . . . . . . . . . . . . . . . .  SFR      DATA   U_CHAR   0080H  1
P3M0 . . . . . . . . . . . . . . . . .  SFR      DATA   U_CHAR   00B2H  1
P2M1 . . . . . . . . . . . . . . . . .  SFR      DATA   U_CHAR   0095H  1
P1 . . . . . . . . . . . . . . . . . .  SFR      DATA   U_CHAR   0090H  1
P4M0 . . . . . . . . . . . . . . . . .  SFR      DATA   U_CHAR   00B4H  1
P3M1 . . . . . . . . . . . . . . . . .  SFR      DATA   U_CHAR   00B1H  1
P2 . . . . . . . . . . . . . . . . . .  SFR      DATA   U_CHAR   00A0H  1
WKTCH. . . . . . . . . . . . . . . . .  SFR      DATA   U_CHAR   00ABH  1
P5M0 . . . . . . . . . . . . . . . . .  SFR      DATA   U_CHAR   00CAH  1
P4M1 . . . . . . . . . . . . . . . . .  SFR      DATA   U_CHAR   00B3H  1
P3 . . . . . . . . . . . . . . . . . .  SFR      DATA   U_CHAR   00B0H  1
P6M0 . . . . . . . . . . . . . . . . .  SFR      DATA   U_CHAR   00CCH  1
P5M1 . . . . . . . . . . . . . . . . .  SFR      DATA   U_CHAR   00C9H  1
P4 . . . . . . . . . . . . . . . . . .  SFR      DATA   U_CHAR   00C0H  1
AC . . . . . . . . . . . . . . . . . .  ABSBIT   -----  BIT      00D6H  1
PWMIF. . . . . . . . . . . . . . . . .  SFR      DATA   U_CHAR   00F6H  1
P7M0 . . . . . . . . . . . . . . . . .  SFR      DATA   U_CHAR   00E2H  1
P6M1 . . . . . . . . . . . . . . . . .  SFR      DATA   U_CHAR   00CBH  1
P5 . . . . . . . . . . . . . . . . . .  SFR      DATA   U_CHAR   00C8H  1
EA . . . . . . . . . . . . . . . . . .  ABSBIT   -----  BIT      00AFH  1
P7M1 . . . . . . . . . . . . . . . . .  SFR      DATA   U_CHAR   00E1H  1
P6 . . . . . . . . . . . . . . . . . .  SFR      DATA   U_CHAR   00E8H  1
WKTCL. . . . . . . . . . . . . . . . .  SFR      DATA   U_CHAR   00AAH  1
P7 . . . . . . . . . . . . . . . . . .  SFR      DATA   U_CHAR   00F8H  1
SPCTL. . . . . . . . . . . . . . . . .  SFR      DATA   U_CHAR   00CEH  1
Delay5ms . . . . . . . . . . . . . . .  PUBLIC   CODE   PROC     0000H  -----
  i. . . . . . . . . . . . . . . . . .  * REG *  DATA   U_CHAR   0007H  1
  j. . . . . . . . . . . . . . . . . .  * REG *  DATA   U_CHAR   0006H  1
CF . . . . . . . . . . . . . . . . . .  ABSBIT   -----  BIT      00DFH  1
PWMCR. . . . . . . . . . . . . . . . .  SFR      DATA   U_CHAR   00F5H  1
CH . . . . . . . . . . . . . . . . . .  SFR      DATA   U_CHAR   00F9H  1
P_SW1. . . . . . . . . . . . . . . . .  SFR      DATA   U_CHAR   00A2H  1
P_SW2. . . . . . . . . . . . . . . . .  SFR      DATA   U_CHAR   00BAH  1
EADC . . . . . . . . . . . . . . . . .  ABSBIT   -----  BIT      00ADH  1
IE . . . . . . . . . . . . . . . . . .  SFR      DATA   U_CHAR   00A8H  1
CL . . . . . . . . . . . . . . . . . .  SFR      DATA   U_CHAR   00E9H  1
IAP_CMD. . . . . . . . . . . . . . . .  SFR      DATA   U_CHAR   00C5H  1
CCAP0H . . . . . . . . . . . . . . . .  SFR      DATA   U_CHAR   00FAH  1
CCAP1H . . . . . . . . . . . . . . . .  SFR      DATA   U_CHAR   00FBH  1
CCAP2H . . . . . . . . . . . . . . . .  SFR      DATA   U_CHAR   00FCH  1
ADC_RES. . . . . . . . . . . . . . . .  SFR      DATA   U_CHAR   00BDH  1
CCAP0L . . . . . . . . . . . . . . . .  SFR      DATA   U_CHAR   00EAH  1
CR . . . . . . . . . . . . . . . . . .  ABSBIT   -----  BIT      00DEH  1
PWMFDCR. . . . . . . . . . . . . . . .  SFR      DATA   U_CHAR   00F7H  1
CCAP1L . . . . . . . . . . . . . . . .  SFR      DATA   U_CHAR   00EBH  1
CCAPM0 . . . . . . . . . . . . . . . .  SFR      DATA   U_CHAR   00DAH  1
CCAP2L . . . . . . . . . . . . . . . .  SFR      DATA   U_CHAR   00ECH  1
CCAPM1 . . . . . . . . . . . . . . . .  SFR      DATA   U_CHAR   00DBH  1
CCAPM2 . . . . . . . . . . . . . . . .  SFR      DATA   U_CHAR   00DCH  1
ES . . . . . . . . . . . . . . . . . .  ABSBIT   -----  BIT      00ACH  1
PADC . . . . . . . . . . . . . . . . .  ABSBIT   -----  BIT      00BDH  1
IP . . . . . . . . . . . . . . . . . .  SFR      DATA   U_CHAR   00B8H  1
C51 COMPILER V9.60.0.0   IIC                                                               01/15/2023 16:03:28 PAGE 10  

NAME                                    CLASS   MSPACE  TYPE    OFFSET  SIZE
====                                    =====   ======  ====    ======  ====


RI . . . . . . . . . . . . . . . . . .  ABSBIT   -----  BIT      0098H  1
CY . . . . . . . . . . . . . . . . . .  ABSBIT   -----  BIT      00D7H  1
TI . . . . . . . . . . . . . . . . . .  ABSBIT   -----  BIT      0099H  1
CLK_DIV. . . . . . . . . . . . . . . .  SFR      DATA   U_CHAR   0097H  1
IAP_ADDRH. . . . . . . . . . . . . . .  SFR      DATA   U_CHAR   00C3H  1
PS . . . . . . . . . . . . . . . . . .  ABSBIT   -----  BIT      00BCH  1
SP . . . . . . . . . . . . . . . . . .  SFR      DATA   U_CHAR   0081H  1
CMOD . . . . . . . . . . . . . . . . .  SFR      DATA   U_CHAR   00D9H  1
CCON . . . . . . . . . . . . . . . . .  SFR      DATA   U_CHAR   00D8H  1
IAP_ADDRL. . . . . . . . . . . . . . .  SFR      DATA   U_CHAR   00C4H  1
PPCA . . . . . . . . . . . . . . . . .  ABSBIT   -----  BIT      00BFH  1
OV . . . . . . . . . . . . . . . . . .  ABSBIT   -----  BIT      00D2H  1
_IIC_Delay . . . . . . . . . . . . . .  PUBLIC   CODE   PROC     0004H  -----
  i. . . . . . . . . . . . . . . . . .  * REG *  DATA   U_CHAR   0007H  1
CMPCR1 . . . . . . . . . . . . . . . .  SFR      DATA   U_CHAR   00E6H  1
CMPCR2 . . . . . . . . . . . . . . . .  SFR      DATA   U_CHAR   00E7H  1
_EEPROM_Read . . . . . . . . . . . . .  PUBLIC   CODE   PROC     0000H  -----
  addr . . . . . . . . . . . . . . . .  * REG *  DATA   U_CHAR   0003H  1
  date . . . . . . . . . . . . . . . .  * REG *  DATA   U_CHAR   0005H  1
ELVD . . . . . . . . . . . . . . . . .  ABSBIT   -----  BIT      00AEH  1
P00. . . . . . . . . . . . . . . . . .  ABSBIT   -----  BIT      0080H  1
ADC_CONTR. . . . . . . . . . . . . . .  SFR      DATA   U_CHAR   00BCH  1
SBUF . . . . . . . . . . . . . . . . .  SFR      DATA   U_CHAR   0099H  1
PCON . . . . . . . . . . . . . . . . .  SFR      DATA   U_CHAR   0087H  1
P10. . . . . . . . . . . . . . . . . .  ABSBIT   -----  BIT      0090H  1
P01. . . . . . . . . . . . . . . . . .  ABSBIT   -----  BIT      0081H  1
P20. . . . . . . . . . . . . . . . . .  ABSBIT   -----  BIT      00A0H  1
P11. . . . . . . . . . . . . . . . . .  ABSBIT   -----  BIT      0091H  1
P02. . . . . . . . . . . . . . . . . .  ABSBIT   -----  BIT      0082H  1
P30. . . . . . . . . . . . . . . . . .  ABSBIT   -----  BIT      00B0H  1
P21. . . . . . . . . . . . . . . . . .  ABSBIT   -----  BIT      00A1H  1
P12. . . . . . . . . . . . . . . . . .  ABSBIT   -----  BIT      0092H  1
P03. . . . . . . . . . . . . . . . . .  ABSBIT   -----  BIT      0083H  1
SCON . . . . . . . . . . . . . . . . .  SFR      DATA   U_CHAR   0098H  1
P40. . . . . . . . . . . . . . . . . .  ABSBIT   -----  BIT      00C0H  1
P31. . . . . . . . . . . . . . . . . .  ABSBIT   -----  BIT      00B1H  1
P22. . . . . . . . . . . . . . . . . .  ABSBIT   -----  BIT      00A2H  1
P13. . . . . . . . . . . . . . . . . .  ABSBIT   -----  BIT      0093H  1
P04. . . . . . . . . . . . . . . . . .  ABSBIT   -----  BIT      0084H  1
TMOD . . . . . . . . . . . . . . . . .  SFR      DATA   U_CHAR   0089H  1
TCON . . . . . . . . . . . . . . . . .  SFR      DATA   U_CHAR   0088H  1
P50. . . . . . . . . . . . . . . . . .  ABSBIT   -----  BIT      00C8H  1
P41. . . . . . . . . . . . . . . . . .  ABSBIT   -----  BIT      00C1H  1
P32. . . . . . . . . . . . . . . . . .  ABSBIT   -----  BIT      00B2H  1
P23. . . . . . . . . . . . . . . . . .  ABSBIT   -----  BIT      00A3H  1
P14. . . . . . . . . . . . . . . . . .  ABSBIT   -----  BIT      0094H  1
P05. . . . . . . . . . . . . . . . . .  ABSBIT   -----  BIT      0085H  1
P60. . . . . . . . . . . . . . . . . .  ABSBIT   -----  BIT      00E8H  1
P51. . . . . . . . . . . . . . . . . .  ABSBIT   -----  BIT      00C9H  1
P42. . . . . . . . . . . . . . . . . .  ABSBIT   -----  BIT      00C2H  1
P33. . . . . . . . . . . . . . . . . .  ABSBIT   -----  BIT      00B3H  1
P24. . . . . . . . . . . . . . . . . .  ABSBIT   -----  BIT      00A4H  1
P15. . . . . . . . . . . . . . . . . .  ABSBIT   -----  BIT      0095H  1
P06. . . . . . . . . . . . . . . . . .  ABSBIT   -----  BIT      0086H  1
PLVD . . . . . . . . . . . . . . . . .  ABSBIT   -----  BIT      00BEH  1
P70. . . . . . . . . . . . . . . . . .  ABSBIT   -----  BIT      00F8H  1
P61. . . . . . . . . . . . . . . . . .  ABSBIT   -----  BIT      00E9H  1
C51 COMPILER V9.60.0.0   IIC                                                               01/15/2023 16:03:28 PAGE 11  

NAME                                    CLASS   MSPACE  TYPE    OFFSET  SIZE
====                                    =====   ======  ====    ======  ====


P52. . . . . . . . . . . . . . . . . .  ABSBIT   -----  BIT      00CAH  1
P43. . . . . . . . . . . . . . . . . .  ABSBIT   -----  BIT      00C3H  1
P34. . . . . . . . . . . . . . . . . .  ABSBIT   -----  BIT      00B4H  1
P25. . . . . . . . . . . . . . . . . .  ABSBIT   -----  BIT      00A5H  1
P16. . . . . . . . . . . . . . . . . .  ABSBIT   -----  BIT      0096H  1
P07. . . . . . . . . . . . . . . . . .  ABSBIT   -----  BIT      0087H  1
P71. . . . . . . . . . . . . . . . . .  ABSBIT   -----  BIT      00F9H  1
P62. . . . . . . . . . . . . . . . . .  ABSBIT   -----  BIT      00EAH  1
P53. . . . . . . . . . . . . . . . . .  ABSBIT   -----  BIT      00CBH  1
P44. . . . . . . . . . . . . . . . . .  ABSBIT   -----  BIT      00C4H  1
P35. . . . . . . . . . . . . . . . . .  ABSBIT   -----  BIT      00B5H  1
P26. . . . . . . . . . . . . . . . . .  ABSBIT   -----  BIT      00A6H  1
P17. . . . . . . . . . . . . . . . . .  ABSBIT   -----  BIT      0097H  1
P72. . . . . . . . . . . . . . . . . .  ABSBIT   -----  BIT      00FAH  1
P63. . . . . . . . . . . . . . . . . .  ABSBIT   -----  BIT      00EBH  1
P54. . . . . . . . . . . . . . . . . .  ABSBIT   -----  BIT      00CCH  1
P45. . . . . . . . . . . . . . . . . .  ABSBIT   -----  BIT      00C5H  1
P36. . . . . . . . . . . . . . . . . .  ABSBIT   -----  BIT      00B6H  1
P27. . . . . . . . . . . . . . . . . .  ABSBIT   -----  BIT      00A7H  1
_EEPROM_Write. . . . . . . . . . . . .  PUBLIC   CODE   PROC     0000H  -----
  addr . . . . . . . . . . . . . . . .  * REG *  DATA   U_CHAR   0002H  1
  date . . . . . . . . . . . . . . . .  * REG *  DATA   U_CHAR   0003H  1
P73. . . . . . . . . . . . . . . . . .  ABSBIT   -----  BIT      00FBH  1
P64. . . . . . . . . . . . . . . . . .  ABSBIT   -----  BIT      00ECH  1
P55. . . . . . . . . . . . . . . . . .  ABSBIT   -----  BIT      00CDH  1
P46. . . . . . . . . . . . . . . . . .  ABSBIT   -----  BIT      00C6H  1
P37. . . . . . . . . . . . . . . . . .  ABSBIT   -----  BIT      00B7H  1
P74. . . . . . . . . . . . . . . . . .  ABSBIT   -----  BIT      00FCH  1
P65. . . . . . . . . . . . . . . . . .  ABSBIT   -----  BIT      00EDH  1
P56. . . . . . . . . . . . . . . . . .  ABSBIT   -----  BIT      00CEH  1
P47. . . . . . . . . . . . . . . . . .  ABSBIT   -----  BIT      00C7H  1
P75. . . . . . . . . . . . . . . . . .  ABSBIT   -----  BIT      00FDH  1
P66. . . . . . . . . . . . . . . . . .  ABSBIT   -----  BIT      00EEH  1
P57. . . . . . . . . . . . . . . . . .  ABSBIT   -----  BIT      00CFH  1
P76. . . . . . . . . . . . . . . . . .  ABSBIT   -----  BIT      00FEH  1
P67. . . . . . . . . . . . . . . . . .  ABSBIT   -----  BIT      00EFH  1
IE0. . . . . . . . . . . . . . . . . .  ABSBIT   -----  BIT      0089H  1
BUS_SPEED. . . . . . . . . . . . . . .  SFR      DATA   U_CHAR   00A1H  1
P77. . . . . . . . . . . . . . . . . .  ABSBIT   -----  BIT      00FFH  1
IE1. . . . . . . . . . . . . . . . . .  ABSBIT   -----  BIT      008BH  1
IE2. . . . . . . . . . . . . . . . . .  SFR      DATA   U_CHAR   00AFH  1
AUXR . . . . . . . . . . . . . . . . .  SFR      DATA   U_CHAR   008EH  1
B. . . . . . . . . . . . . . . . . . .  SFR      DATA   U_CHAR   00F0H  1
IAP_CONTR. . . . . . . . . . . . . . .  SFR      DATA   U_CHAR   00C7H  1
PWMCFG . . . . . . . . . . . . . . . .  SFR      DATA   U_CHAR   00F1H  1
ACC. . . . . . . . . . . . . . . . . .  SFR      DATA   U_CHAR   00E0H  1
IIC_Start. . . . . . . . . . . . . . .  PUBLIC   CODE   PROC     0000H  -----
ET0. . . . . . . . . . . . . . . . . .  ABSBIT   -----  BIT      00A9H  1
TF0. . . . . . . . . . . . . . . . . .  ABSBIT   -----  BIT      008DH  1
ET1. . . . . . . . . . . . . . . . . .  ABSBIT   -----  BIT      00ABH  1
TF1. . . . . . . . . . . . . . . . . .  ABSBIT   -----  BIT      008FH  1
IP2. . . . . . . . . . . . . . . . . .  SFR      DATA   U_CHAR   00B5H  1
RB8. . . . . . . . . . . . . . . . . .  ABSBIT   -----  BIT      009AH  1
TH0. . . . . . . . . . . . . . . . . .  SFR      DATA   U_CHAR   008CH  1
TH1. . . . . . . . . . . . . . . . . .  SFR      DATA   U_CHAR   008DH  1
IT0. . . . . . . . . . . . . . . . . .  ABSBIT   -----  BIT      0088H  1
EX0. . . . . . . . . . . . . . . . . .  ABSBIT   -----  BIT      00A8H  1
C51 COMPILER V9.60.0.0   IIC                                                               01/15/2023 16:03:28 PAGE 12  

NAME                                    CLASS   MSPACE  TYPE    OFFSET  SIZE
====                                    =====   ======  ====    ======  ====


TB8. . . . . . . . . . . . . . . . . .  ABSBIT   -----  BIT      009BH  1
T2H. . . . . . . . . . . . . . . . . .  SFR      DATA   U_CHAR   00D6H  1
IT1. . . . . . . . . . . . . . . . . .  ABSBIT   -----  BIT      008AH  1
EX1. . . . . . . . . . . . . . . . . .  ABSBIT   -----  BIT      00AAH  1
T3H. . . . . . . . . . . . . . . . . .  SFR      DATA   U_CHAR   00D4H  1
P. . . . . . . . . . . . . . . . . . .  ABSBIT   -----  BIT      00D0H  1
SM0. . . . . . . . . . . . . . . . . .  ABSBIT   -----  BIT      009FH  1
T4H. . . . . . . . . . . . . . . . . .  SFR      DATA   U_CHAR   00D2H  1
TL0. . . . . . . . . . . . . . . . . .  SFR      DATA   U_CHAR   008AH  1
SM1. . . . . . . . . . . . . . . . . .  ABSBIT   -----  BIT      009EH  1
TL1. . . . . . . . . . . . . . . . . .  SFR      DATA   U_CHAR   008BH  1
SM2. . . . . . . . . . . . . . . . . .  ABSBIT   -----  BIT      009DH  1
T2L. . . . . . . . . . . . . . . . . .  SFR      DATA   U_CHAR   00D7H  1
T3L. . . . . . . . . . . . . . . . . .  SFR      DATA   U_CHAR   00D5H  1
IIC_SendAck. . . . . . . . . . . . . .  PUBLIC   CODE   PROC     0000H  -----
  ackbit . . . . . . . . . . . . . . .  AUTO     DATA   BIT      0000H  1
T4L. . . . . . . . . . . . . . . . . .  SFR      DATA   U_CHAR   00D3H  1
PT0. . . . . . . . . . . . . . . . . .  ABSBIT   -----  BIT      00B9H  1
PT1. . . . . . . . . . . . . . . . . .  ABSBIT   -----  BIT      00BBH  1
RS0. . . . . . . . . . . . . . . . . .  ABSBIT   -----  BIT      00D3H  1
IAP_DATA . . . . . . . . . . . . . . .  SFR      DATA   U_CHAR   00C2H  1
TR0. . . . . . . . . . . . . . . . . .  ABSBIT   -----  BIT      008CH  1
RS1. . . . . . . . . . . . . . . . . .  ABSBIT   -----  BIT      00D4H  1
TR1. . . . . . . . . . . . . . . . . .  ABSBIT   -----  BIT      008EH  1
SDA. . . . . . . . . . . . . . . . . .  ABSBIT   -----  BIT      00A1H  1
WDT_CONTR. . . . . . . . . . . . . . .  SFR      DATA   U_CHAR   00C1H  1
PX0. . . . . . . . . . . . . . . . . .  ABSBIT   -----  BIT      00B8H  1
PX1. . . . . . . . . . . . . . . . . .  ABSBIT   -----  BIT      00BAH  1
_IIC_SendByte. . . . . . . . . . . . .  PUBLIC   CODE   PROC     0000H  -----
  byt. . . . . . . . . . . . . . . . .  * REG *  DATA   U_CHAR   0005H  1
  i. . . . . . . . . . . . . . . . . .  * REG *  DATA   U_CHAR   0004H  1
PCA_PWM0 . . . . . . . . . . . . . . .  SFR      DATA   U_CHAR   00F2H  1
PCA_PWM1 . . . . . . . . . . . . . . .  SFR      DATA   U_CHAR   00F3H  1
PCA_PWM2 . . . . . . . . . . . . . . .  SFR      DATA   U_CHAR   00F4H  1
P1ASF. . . . . . . . . . . . . . . . .  SFR      DATA   U_CHAR   009DH  1
DPH. . . . . . . . . . . . . . . . . .  SFR      DATA   U_CHAR   0083H  1
T3T4M. . . . . . . . . . . . . . . . .  SFR      DATA   U_CHAR   00D1H  1
T4T3M. . . . . . . . . . . . . . . . .  SFR      DATA   U_CHAR   00D1H  1
IIC_WaitAck. . . . . . . . . . . . . .  PUBLIC   CODE   PROC     0008H  -----
  ackbit . . . . . . . . . . . . . . .  AUTO     DATA   BIT      0000H  1
IIC_Stop . . . . . . . . . . . . . . .  PUBLIC   CODE   PROC     0000H  -----
ADC_RESL . . . . . . . . . . . . . . .  SFR      DATA   U_CHAR   00BEH  1
DPL. . . . . . . . . . . . . . . . . .  SFR      DATA   U_CHAR   0082H  1
SPSTAT . . . . . . . . . . . . . . . .  SFR      DATA   U_CHAR   00CDH  1
SCL. . . . . . . . . . . . . . . . . .  ABSBIT   -----  BIT      00A0H  1
S2BUF. . . . . . . . . . . . . . . . .  SFR      DATA   U_CHAR   009BH  1
S3BUF. . . . . . . . . . . . . . . . .  SFR      DATA   U_CHAR   00ADH  1
S4BUF. . . . . . . . . . . . . . . . .  SFR      DATA   U_CHAR   0085H  1
REN. . . . . . . . . . . . . . . . . .  ABSBIT   -----  BIT      009CH  1
S2CON. . . . . . . . . . . . . . . . .  SFR      DATA   U_CHAR   009AH  1
S3CON. . . . . . . . . . . . . . . . .  SFR      DATA   U_CHAR   00ACH  1
S4CON. . . . . . . . . . . . . . . . .  SFR      DATA   U_CHAR   0084H  1
IIC_RecByte. . . . . . . . . . . . . .  PUBLIC   CODE   PROC     0000H  -----
  i. . . . . . . . . . . . . . . . . .  * REG *  DATA   U_CHAR   0004H  1
  da . . . . . . . . . . . . . . . . .  * REG *  DATA   U_CHAR   0005H  1
SADEN. . . . . . . . . . . . . . . . .  SFR      DATA   U_CHAR   00B9H  1
SADDR. . . . . . . . . . . . . . . . .  SFR      DATA   U_CHAR   00A9H  1
C51 COMPILER V9.60.0.0   IIC                                                               01/15/2023 16:03:28 PAGE 13  

NAME                                    CLASS   MSPACE  TYPE    OFFSET  SIZE
====                                    =====   ======  ====    ======  ====


IAP_TRIG . . . . . . . . . . . . . . .  SFR      DATA   U_CHAR   00C6H  1
AUXR1. . . . . . . . . . . . . . . . .  SFR      DATA   U_CHAR   00A2H  1
F0 . . . . . . . . . . . . . . . . . .  ABSBIT   -----  BIT      00D5H  1
INT_CLKO . . . . . . . . . . . . . . .  SFR      DATA   U_CHAR   008FH  1
F1 . . . . . . . . . . . . . . . . . .  ABSBIT   -----  BIT      00D1H  1
PSW. . . . . . . . . . . . . . . . . .  SFR      DATA   U_CHAR   00D0H  1
CCF0 . . . . . . . . . . . . . . . . .  ABSBIT   -----  BIT      00D8H  1
CCF1 . . . . . . . . . . . . . . . . .  ABSBIT   -----  BIT      00D9H  1
SPDAT. . . . . . . . . . . . . . . . .  SFR      DATA   U_CHAR   00CFH  1
P0M0 . . . . . . . . . . . . . . . . .  SFR      DATA   U_CHAR   0094H  1


MODULE INFORMATION:   STATIC OVERLAYABLE
   CODE SIZE        =    258    ----
   CONSTANT SIZE    =   ----    ----
   XDATA SIZE       =   ----    ----
   PDATA SIZE       =   ----    ----
   DATA SIZE        =   ----    ----
   IDATA SIZE       =   ----    ----
   BIT SIZE         =   ----       2
   EDATA SIZE       =   ----    ----
   HDATA SIZE       =   ----    ----
   XDATA CONST SIZE =   ----    ----
   FAR CONST SIZE   =   ----    ----
END OF MODULE INFORMATION.


C51 COMPILATION COMPLETE.  0 WARNING(S),  0 ERROR(S)
