C51 COMPILER V9.60.0.0   DS1302                                                            01/09/2023 10:33:06 PAGE 1   


C51 COMPILER V9.60.0.0, COMPILATION OF MODULE DS1302
OBJECT MODULE PLACED IN .\build\Target 1\__\__\scr\ds1302.o
COMPILER INVOKED BY: D:\Keil_v5\C51\BIN\C51.exe .\..\..\SCR\DS1302.C OMF2 TABS(4) CODE NOCOND SYMBOLS PRINT(.\build\Targ
                    -et 1\__\__\scr\ds1302.lst) INCDIR(D:/Keil_v5/C51/INC/STC;D:/Keil_v5/C51/INC) DEFINE(__UVISION_VERSION=526) OPTIMIZE(8,SP
                    -EED) SMALL ROM(LARGE) OBJECT(.\build\Target 1\__\__\scr\ds1302.o)

line level    source

   1          #include "ds1302.h"                                     
   2          #include <STC15F2K60S2.H>
   3          #include <intrins.h>
   4          
   5          sbit SCK = P1^7;        
   6          sbit SDA = P2^3;        
   7          sbit RST = P1^3; 
   8          
   9          unsigned char Hour = 0;
  10          unsigned char Min = 0;
  11          unsigned char Sec = 0;
  12          
  13          //Đ´×Ö˝Ú
  14          void Write_Ds1302(unsigned  char temp) 
  15          {
  16   1          unsigned char i;
  17   1          for (i=0;i<8;i++)       
  18   1          { 
  19   2              SCK = 0;
  20   2              SDA = temp&0x01;
  21   2              temp>>=1; 
  22   2              SCK=1;
  23   2          }
  24   1      }   
  25          
  26          //ĎňDS1302ĽÄ´ćĆ÷Đ´ČëĘýľÝ
  27          void Write_Ds1302_Byte( unsigned char address,unsigned char dat )     
  28          {
  29   1          RST=0;  _nop_();
  30   1          SCK=0;  _nop_();
  31   1          RST=1;  _nop_();  
  32   1          Write_Ds1302(address);  
  33   1          Write_Ds1302(dat);      
  34   1          RST=0; 
  35   1      }
  36          
  37          //´ÓDS1302ĽÄ´ćĆ÷¶ÁłöĘýľÝ
  38          unsigned char Read_Ds1302_Byte ( unsigned char address )
  39          {
  40   1          unsigned char i,temp=0x00;
  41   1          RST=0;  _nop_();
  42   1          SCK=0;  _nop_();
  43   1          RST=1;  _nop_();
  44   1          Write_Ds1302(address);
  45   1          for (i=0;i<8;i++)   
  46   1          {       
  47   2              SCK=0;
  48   2              temp>>=1;   
  49   2              if(SDA)
  50   2              temp|=0x80; 
  51   2              SCK=1;
  52   2          } 
  53   1          RST=0;  _nop_();
C51 COMPILER V9.60.0.0   DS1302                                                            01/09/2023 10:33:06 PAGE 2   

  54   1          SCK=0;  _nop_();
  55   1          SCK=1;  _nop_();
  56   1          SDA=0;  _nop_();
  57   1          SDA=1;  _nop_();
  58   1          return (temp);          
  59   1      }
  60          
  61          /**
  62           * @brief RTCĐľĆ¬ÉčÖĂĘ±Ľä
  63           * @note ĘýľÝ·¶Î§Ł¬ĘąÓĂ24ĐˇĘ±ÖĆ
  64           * @param hourŁşĐˇĘ±Ęý
  65           * @param minuteŁş·ÖÖÓĘý
  66           * @param secondŁşĂëĘý
  67           * @return ÎŢ
  68           */
  69          void RTC_Write(unsigned char hour, unsigned char minute, unsigned char second)
  70          {
  71   1          Write_Ds1302_Byte(0x8e, 0x00);              //ÇĺłţĐ´±Ł»¤Î»
  72   1          Write_Ds1302_Byte(0x80, ((second / 10) << 4) + (second % 10));  //ÍůĂëĽÄ´ćĆ÷Đ´second
  73   1          Write_Ds1302_Byte(0x82, ((minute / 10) << 4) + (minute % 10));  //Íů·ÖÖÓĽÄ´ćĆ÷Đ´minute
  74   1          Write_Ds1302_Byte(0x84, ((hour / 10) << 4) + (hour % 10));      //ÍůĐˇĘ±ĽÄ´ćĆ÷Đ´hour
  75   1          Write_Ds1302_Byte(0x8e, 0x80);              //żŞĆôĐ´±Ł»¤Î»
  76   1      }
  77          
  78          /**
  79           * @brief »ńČˇRTCÄÚ˛żĘ±ĽäĘýľÝ
  80           * @note ĘýľÝ·¶Î§Ł¬24ĐˇĘ±ÖĆŁ¬˛˘ĘąÓĂČ«ľÖ±äÁż´ć´˘¶ÁĘýµÄĘýľÝŁ¨HourŁ¬MinŁ¬SecŁ©
  81           * @param ÎŢ
  82           * @return ÎŢ
  83           */
  84          void RTC_Read()
  85          {
  86   1          unsigned char hour, minute, second;
  87   1          
  88   1          second = Read_Ds1302_Byte(0x81);        //¶ÁČˇĂëĽÄ´ćĆ÷µÄÖµ
  89   1          minute = Read_Ds1302_Byte(0x83);        //¶ÁČˇ·ÖÖÓĽÄ´ćĆ÷µÄÖµ
  90   1          hour = Read_Ds1302_Byte(0x85);          //¶ÁČˇĐˇĘ±ĽÄ´ćĆ÷µÄÖµ
  91   1      
  92   1          Hour = ((hour >> 4) * 10) + (hour & 0x0f);      //BCD×Ş10˝řÖĆ
  93   1          Min = ((minute >> 4) * 10) + (minute & 0x0f);
  94   1          Sec = ((second >> 4) * 10) + (second & 0x0f);
  95   1      }
  96          
C51 COMPILER V9.60.0.0   DS1302                                                            01/09/2023 10:33:06 PAGE 3   

ASSEMBLY LISTING OF GENERATED OBJECT CODE


             ; FUNCTION _Write_Ds1302 (BEGIN)
                                           ; SOURCE LINE # 14
;---- Variable 'temp' assigned to Register 'R7' ----
                                           ; SOURCE LINE # 15
                                           ; SOURCE LINE # 17
;---- Variable 'i' assigned to Register 'R6' ----
0000 E4                CLR     A
0001 FE                MOV     R6,A
0002         ?C0001:
0002 EE                MOV     A,R6
0003 C3                CLR     C
0004 9408              SUBB    A,#08H
0006 7480              MOV     A,#080H
0008 9480              SUBB    A,#080H
000A 500F              JNC     ?C0004
                                           ; SOURCE LINE # 18
                                           ; SOURCE LINE # 19
000C C297              CLR     SCK
                                           ; SOURCE LINE # 20
000E EF                MOV     A,R7
000F 13                RRC     A
0010 92A3              MOV     SDA,C
                                           ; SOURCE LINE # 21
0012 EF                MOV     A,R7
0013 C3                CLR     C
0014 13                RRC     A
0015 FF                MOV     R7,A
                                           ; SOURCE LINE # 22
0016 D297              SETB    SCK
                                           ; SOURCE LINE # 23
0018 0E                INC     R6
0019 80E7              SJMP    ?C0001
                                           ; SOURCE LINE # 24
001B         ?C0004:
001B 22                RET     
             ; FUNCTION _Write_Ds1302 (END)

             ; FUNCTION _Write_Ds1302_Byte (BEGIN)
                                           ; SOURCE LINE # 27
;---- Variable 'dat' assigned to Register 'R5' ----
;---- Variable 'address' assigned to Register 'R7' ----
                                           ; SOURCE LINE # 28
                                           ; SOURCE LINE # 29
0000 C293              CLR     RST
0002 00                NOP     
                                           ; SOURCE LINE # 30
0003 C297              CLR     SCK
0005 00                NOP     
                                           ; SOURCE LINE # 31
0006 D293              SETB    RST
0008 00                NOP     
                                           ; SOURCE LINE # 32
0009 120000      R     LCALL   _Write_Ds1302
                                           ; SOURCE LINE # 33
000C AF05              MOV     R7,AR5
000E 120000      R     LCALL   _Write_Ds1302
                                           ; SOURCE LINE # 34
0011 C293              CLR     RST
                                           ; SOURCE LINE # 35
C51 COMPILER V9.60.0.0   DS1302                                                            01/09/2023 10:33:06 PAGE 4   

0013 22                RET     
             ; FUNCTION _Write_Ds1302_Byte (END)

             ; FUNCTION _Read_Ds1302_Byte (BEGIN)
                                           ; SOURCE LINE # 38
;---- Variable 'address' assigned to Register 'R7' ----
                                           ; SOURCE LINE # 39
                                           ; SOURCE LINE # 40
;---- Variable 'temp' assigned to Register 'R5' ----
0000 E4                CLR     A
0001 FD                MOV     R5,A
                                           ; SOURCE LINE # 41
0002 C293              CLR     RST
0004 00                NOP     
                                           ; SOURCE LINE # 42
0005 C297              CLR     SCK
0007 00                NOP     
                                           ; SOURCE LINE # 43
0008 D293              SETB    RST
000A 00                NOP     
                                           ; SOURCE LINE # 44
000B 120000      R     LCALL   _Write_Ds1302
                                           ; SOURCE LINE # 45
;---- Variable 'i' assigned to Register 'R7' ----
000E E4                CLR     A
000F FF                MOV     R7,A
0010         ?C0006:
0010 EF                MOV     A,R7
0011 C3                CLR     C
0012 9408              SUBB    A,#08H
0014 7480              MOV     A,#080H
0016 9480              SUBB    A,#080H
0018 5011              JNC     ?C0007
                                           ; SOURCE LINE # 46
                                           ; SOURCE LINE # 47
001A C297              CLR     SCK
                                           ; SOURCE LINE # 48
001C ED                MOV     A,R5
001D C3                CLR     C
001E 13                RRC     A
001F FD                MOV     R5,A
                                           ; SOURCE LINE # 49
0020 30A303            JNB     SDA,?C0009
                                           ; SOURCE LINE # 50
0023 430580            ORL     AR5,#080H
0026         ?C0009:
                                           ; SOURCE LINE # 51
0026 D297              SETB    SCK
                                           ; SOURCE LINE # 52
0028 0F                INC     R7
0029 80E5              SJMP    ?C0006
002B         ?C0007:
                                           ; SOURCE LINE # 53
002B C293              CLR     RST
002D 00                NOP     
                                           ; SOURCE LINE # 54
002E C297              CLR     SCK
0030 00                NOP     
                                           ; SOURCE LINE # 55
0031 D297              SETB    SCK
0033 00                NOP     
                                           ; SOURCE LINE # 56
C51 COMPILER V9.60.0.0   DS1302                                                            01/09/2023 10:33:06 PAGE 5   

0034 C2A3              CLR     SDA
0036 00                NOP     
                                           ; SOURCE LINE # 57
0037 D2A3              SETB    SDA
0039 00                NOP     
                                           ; SOURCE LINE # 58
003A AF05              MOV     R7,AR5
                                           ; SOURCE LINE # 59
003C 22                RET     
             ; FUNCTION _Read_Ds1302_Byte (END)

             ; FUNCTION _RTC_Write (BEGIN)
                                           ; SOURCE LINE # 69
;---- Variable 'hour' assigned to Register 'R4' ----
0000 AC07              MOV     R4,AR7
;---- Variable 'second' assigned to Register 'R3' ----
;---- Variable 'minute' assigned to Register 'R2' ----
0002 AA05              MOV     R2,AR5
                                           ; SOURCE LINE # 70
                                           ; SOURCE LINE # 71
0004 E4                CLR     A
0005 FD                MOV     R5,A
0006 7F8E              MOV     R7,#08EH
0008 120000      R     LCALL   _Write_Ds1302_Byte
                                           ; SOURCE LINE # 72
000B EB                MOV     A,R3
000C 75F00A            MOV     B,#0AH
000F 84                DIV     AB
0010 C4                SWAP    A
0011 54F0              ANL     A,#0F0H
0013 FF                MOV     R7,A
0014 EB                MOV     A,R3
0015 75F00A            MOV     B,#0AH
0018 84                DIV     AB
0019 E5F0              MOV     A,B
001B 2F                ADD     A,R7
001C FD                MOV     R5,A
001D 7F80              MOV     R7,#080H
001F 120000      R     LCALL   _Write_Ds1302_Byte
                                           ; SOURCE LINE # 73
0022 EA                MOV     A,R2
0023 75F00A            MOV     B,#0AH
0026 84                DIV     AB
0027 C4                SWAP    A
0028 54F0              ANL     A,#0F0H
002A FF                MOV     R7,A
002B EA                MOV     A,R2
002C 75F00A            MOV     B,#0AH
002F 84                DIV     AB
0030 E5F0              MOV     A,B
0032 2F                ADD     A,R7
0033 FD                MOV     R5,A
0034 7F82              MOV     R7,#082H
0036 120000      R     LCALL   _Write_Ds1302_Byte
                                           ; SOURCE LINE # 74
0039 EC                MOV     A,R4
003A 75F00A            MOV     B,#0AH
003D 84                DIV     AB
003E C4                SWAP    A
003F 54F0              ANL     A,#0F0H
0041 FF                MOV     R7,A
0042 EC                MOV     A,R4
C51 COMPILER V9.60.0.0   DS1302                                                            01/09/2023 10:33:06 PAGE 6   

0043 75F00A            MOV     B,#0AH
0046 84                DIV     AB
0047 E5F0              MOV     A,B
0049 2F                ADD     A,R7
004A FD                MOV     R5,A
004B 7F84              MOV     R7,#084H
004D 120000      R     LCALL   _Write_Ds1302_Byte
                                           ; SOURCE LINE # 75
0050 7D80              MOV     R5,#080H
0052 7F8E              MOV     R7,#08EH
0054 020000      R     LJMP    _Write_Ds1302_Byte
             ; FUNCTION _RTC_Write (END)

             ; FUNCTION RTC_Read (BEGIN)
                                           ; SOURCE LINE # 84
                                           ; SOURCE LINE # 85
                                           ; SOURCE LINE # 88
0000 7F81              MOV     R7,#081H
0002 120000      R     LCALL   _Read_Ds1302_Byte
;---- Variable 'second' assigned to Register 'R4' ----
0005 AC07              MOV     R4,AR7
                                           ; SOURCE LINE # 89
0007 7F83              MOV     R7,#083H
0009 120000      R     LCALL   _Read_Ds1302_Byte
;---- Variable 'minute' assigned to Register 'R3' ----
000C AB07              MOV     R3,AR7
                                           ; SOURCE LINE # 90
000E 7F85              MOV     R7,#085H
0010 120000      R     LCALL   _Read_Ds1302_Byte
;---- Variable 'hour' assigned to Register 'R7' ----
                                           ; SOURCE LINE # 92
0013 EF                MOV     A,R7
0014 C4                SWAP    A
0015 540F              ANL     A,#0FH
0017 75F00A            MOV     B,#0AH
001A A4                MUL     AB
001B FE                MOV     R6,A
001C EF                MOV     A,R7
001D 540F              ANL     A,#0FH
001F 2E                ADD     A,R6
0020 F500        R     MOV     Hour,A
                                           ; SOURCE LINE # 93
0022 EB                MOV     A,R3
0023 C4                SWAP    A
0024 540F              ANL     A,#0FH
0026 75F00A            MOV     B,#0AH
0029 A4                MUL     AB
002A FF                MOV     R7,A
002B EB                MOV     A,R3
002C 540F              ANL     A,#0FH
002E 2F                ADD     A,R7
002F F500        R     MOV     Min,A
                                           ; SOURCE LINE # 94
0031 EC                MOV     A,R4
0032 C4                SWAP    A
0033 540F              ANL     A,#0FH
0035 75F00A            MOV     B,#0AH
0038 A4                MUL     AB
0039 FF                MOV     R7,A
003A EC                MOV     A,R4
003B 540F              ANL     A,#0FH
003D 2F                ADD     A,R7
C51 COMPILER V9.60.0.0   DS1302                                                            01/09/2023 10:33:06 PAGE 7   

003E F500        R     MOV     Sec,A
                                           ; SOURCE LINE # 95
0040 22                RET     
             ; FUNCTION RTC_Read (END)

C51 COMPILER V9.60.0.0   DS1302                                                            01/09/2023 10:33:06 PAGE 8   

NAME                                    CLASS   MSPACE  TYPE    OFFSET  SIZE
====                                    =====   ======  ====    ======  ====


CCF2 . . . . . . . . . . . . . . . . .  ABSBIT   -----  BIT      00DAH  1
P1M0 . . . . . . . . . . . . . . . . .  SFR      DATA   U_CHAR   0092H  1
P0M1 . . . . . . . . . . . . . . . . .  SFR      DATA   U_CHAR   0093H  1
P2M0 . . . . . . . . . . . . . . . . .  SFR      DATA   U_CHAR   0096H  1
P1M1 . . . . . . . . . . . . . . . . .  SFR      DATA   U_CHAR   0091H  1
P0 . . . . . . . . . . . . . . . . . .  SFR      DATA   U_CHAR   0080H  1
P3M0 . . . . . . . . . . . . . . . . .  SFR      DATA   U_CHAR   00B2H  1
P2M1 . . . . . . . . . . . . . . . . .  SFR      DATA   U_CHAR   0095H  1
P1 . . . . . . . . . . . . . . . . . .  SFR      DATA   U_CHAR   0090H  1
P4M0 . . . . . . . . . . . . . . . . .  SFR      DATA   U_CHAR   00B4H  1
P3M1 . . . . . . . . . . . . . . . . .  SFR      DATA   U_CHAR   00B1H  1
P2 . . . . . . . . . . . . . . . . . .  SFR      DATA   U_CHAR   00A0H  1
WKTCH. . . . . . . . . . . . . . . . .  SFR      DATA   U_CHAR   00ABH  1
P5M0 . . . . . . . . . . . . . . . . .  SFR      DATA   U_CHAR   00CAH  1
P4M1 . . . . . . . . . . . . . . . . .  SFR      DATA   U_CHAR   00B3H  1
P3 . . . . . . . . . . . . . . . . . .  SFR      DATA   U_CHAR   00B0H  1
P6M0 . . . . . . . . . . . . . . . . .  SFR      DATA   U_CHAR   00CCH  1
P5M1 . . . . . . . . . . . . . . . . .  SFR      DATA   U_CHAR   00C9H  1
P4 . . . . . . . . . . . . . . . . . .  SFR      DATA   U_CHAR   00C0H  1
AC . . . . . . . . . . . . . . . . . .  ABSBIT   -----  BIT      00D6H  1
PWMIF. . . . . . . . . . . . . . . . .  SFR      DATA   U_CHAR   00F6H  1
P7M0 . . . . . . . . . . . . . . . . .  SFR      DATA   U_CHAR   00E2H  1
P6M1 . . . . . . . . . . . . . . . . .  SFR      DATA   U_CHAR   00CBH  1
P5 . . . . . . . . . . . . . . . . . .  SFR      DATA   U_CHAR   00C8H  1
EA . . . . . . . . . . . . . . . . . .  ABSBIT   -----  BIT      00AFH  1
P7M1 . . . . . . . . . . . . . . . . .  SFR      DATA   U_CHAR   00E1H  1
P6 . . . . . . . . . . . . . . . . . .  SFR      DATA   U_CHAR   00E8H  1
WKTCL. . . . . . . . . . . . . . . . .  SFR      DATA   U_CHAR   00AAH  1
P7 . . . . . . . . . . . . . . . . . .  SFR      DATA   U_CHAR   00F8H  1
SPCTL. . . . . . . . . . . . . . . . .  SFR      DATA   U_CHAR   00CEH  1
CF . . . . . . . . . . . . . . . . . .  ABSBIT   -----  BIT      00DFH  1
PWMCR. . . . . . . . . . . . . . . . .  SFR      DATA   U_CHAR   00F5H  1
CH . . . . . . . . . . . . . . . . . .  SFR      DATA   U_CHAR   00F9H  1
P_SW1. . . . . . . . . . . . . . . . .  SFR      DATA   U_CHAR   00A2H  1
P_SW2. . . . . . . . . . . . . . . . .  SFR      DATA   U_CHAR   00BAH  1
EADC . . . . . . . . . . . . . . . . .  ABSBIT   -----  BIT      00ADH  1
IE . . . . . . . . . . . . . . . . . .  SFR      DATA   U_CHAR   00A8H  1
CL . . . . . . . . . . . . . . . . . .  SFR      DATA   U_CHAR   00E9H  1
IAP_CMD. . . . . . . . . . . . . . . .  SFR      DATA   U_CHAR   00C5H  1
CCAP0H . . . . . . . . . . . . . . . .  SFR      DATA   U_CHAR   00FAH  1
CCAP1H . . . . . . . . . . . . . . . .  SFR      DATA   U_CHAR   00FBH  1
CCAP2H . . . . . . . . . . . . . . . .  SFR      DATA   U_CHAR   00FCH  1
ADC_RES. . . . . . . . . . . . . . . .  SFR      DATA   U_CHAR   00BDH  1
CCAP0L . . . . . . . . . . . . . . . .  SFR      DATA   U_CHAR   00EAH  1
CR . . . . . . . . . . . . . . . . . .  ABSBIT   -----  BIT      00DEH  1
PWMFDCR. . . . . . . . . . . . . . . .  SFR      DATA   U_CHAR   00F7H  1
CCAP1L . . . . . . . . . . . . . . . .  SFR      DATA   U_CHAR   00EBH  1
CCAPM0 . . . . . . . . . . . . . . . .  SFR      DATA   U_CHAR   00DAH  1
CCAP2L . . . . . . . . . . . . . . . .  SFR      DATA   U_CHAR   00ECH  1
CCAPM1 . . . . . . . . . . . . . . . .  SFR      DATA   U_CHAR   00DBH  1
CCAPM2 . . . . . . . . . . . . . . . .  SFR      DATA   U_CHAR   00DCH  1
ES . . . . . . . . . . . . . . . . . .  ABSBIT   -----  BIT      00ACH  1
PADC . . . . . . . . . . . . . . . . .  ABSBIT   -----  BIT      00BDH  1
IP . . . . . . . . . . . . . . . . . .  SFR      DATA   U_CHAR   00B8H  1
RI . . . . . . . . . . . . . . . . . .  ABSBIT   -----  BIT      0098H  1
CY . . . . . . . . . . . . . . . . . .  ABSBIT   -----  BIT      00D7H  1
Sec. . . . . . . . . . . . . . . . . .  PUBLIC   DATA   U_CHAR   0000H  1
C51 COMPILER V9.60.0.0   DS1302                                                            01/09/2023 10:33:06 PAGE 9   

NAME                                    CLASS   MSPACE  TYPE    OFFSET  SIZE
====                                    =====   ======  ====    ======  ====


TI . . . . . . . . . . . . . . . . . .  ABSBIT   -----  BIT      0099H  1
CLK_DIV. . . . . . . . . . . . . . . .  SFR      DATA   U_CHAR   0097H  1
IAP_ADDRH. . . . . . . . . . . . . . .  SFR      DATA   U_CHAR   00C3H  1
Hour . . . . . . . . . . . . . . . . .  PUBLIC   DATA   U_CHAR   0001H  1
PS . . . . . . . . . . . . . . . . . .  ABSBIT   -----  BIT      00BCH  1
SP . . . . . . . . . . . . . . . . . .  SFR      DATA   U_CHAR   0081H  1
CMOD . . . . . . . . . . . . . . . . .  SFR      DATA   U_CHAR   00D9H  1
CCON . . . . . . . . . . . . . . . . .  SFR      DATA   U_CHAR   00D8H  1
IAP_ADDRL. . . . . . . . . . . . . . .  SFR      DATA   U_CHAR   00C4H  1
PPCA . . . . . . . . . . . . . . . . .  ABSBIT   -----  BIT      00BFH  1
OV . . . . . . . . . . . . . . . . . .  ABSBIT   -----  BIT      00D2H  1
Min. . . . . . . . . . . . . . . . . .  PUBLIC   DATA   U_CHAR   0002H  1
CMPCR1 . . . . . . . . . . . . . . . .  SFR      DATA   U_CHAR   00E6H  1
CMPCR2 . . . . . . . . . . . . . . . .  SFR      DATA   U_CHAR   00E7H  1
ELVD . . . . . . . . . . . . . . . . .  ABSBIT   -----  BIT      00AEH  1
P00. . . . . . . . . . . . . . . . . .  ABSBIT   -----  BIT      0080H  1
ADC_CONTR. . . . . . . . . . . . . . .  SFR      DATA   U_CHAR   00BCH  1
SBUF . . . . . . . . . . . . . . . . .  SFR      DATA   U_CHAR   0099H  1
PCON . . . . . . . . . . . . . . . . .  SFR      DATA   U_CHAR   0087H  1
P10. . . . . . . . . . . . . . . . . .  ABSBIT   -----  BIT      0090H  1
P01. . . . . . . . . . . . . . . . . .  ABSBIT   -----  BIT      0081H  1
P20. . . . . . . . . . . . . . . . . .  ABSBIT   -----  BIT      00A0H  1
P11. . . . . . . . . . . . . . . . . .  ABSBIT   -----  BIT      0091H  1
P02. . . . . . . . . . . . . . . . . .  ABSBIT   -----  BIT      0082H  1
P30. . . . . . . . . . . . . . . . . .  ABSBIT   -----  BIT      00B0H  1
P21. . . . . . . . . . . . . . . . . .  ABSBIT   -----  BIT      00A1H  1
P12. . . . . . . . . . . . . . . . . .  ABSBIT   -----  BIT      0092H  1
P03. . . . . . . . . . . . . . . . . .  ABSBIT   -----  BIT      0083H  1
SCON . . . . . . . . . . . . . . . . .  SFR      DATA   U_CHAR   0098H  1
P40. . . . . . . . . . . . . . . . . .  ABSBIT   -----  BIT      00C0H  1
P31. . . . . . . . . . . . . . . . . .  ABSBIT   -----  BIT      00B1H  1
P22. . . . . . . . . . . . . . . . . .  ABSBIT   -----  BIT      00A2H  1
P13. . . . . . . . . . . . . . . . . .  ABSBIT   -----  BIT      0093H  1
P04. . . . . . . . . . . . . . . . . .  ABSBIT   -----  BIT      0084H  1
TMOD . . . . . . . . . . . . . . . . .  SFR      DATA   U_CHAR   0089H  1
TCON . . . . . . . . . . . . . . . . .  SFR      DATA   U_CHAR   0088H  1
P50. . . . . . . . . . . . . . . . . .  ABSBIT   -----  BIT      00C8H  1
P41. . . . . . . . . . . . . . . . . .  ABSBIT   -----  BIT      00C1H  1
P32. . . . . . . . . . . . . . . . . .  ABSBIT   -----  BIT      00B2H  1
P23. . . . . . . . . . . . . . . . . .  ABSBIT   -----  BIT      00A3H  1
P14. . . . . . . . . . . . . . . . . .  ABSBIT   -----  BIT      0094H  1
P05. . . . . . . . . . . . . . . . . .  ABSBIT   -----  BIT      0085H  1
P60. . . . . . . . . . . . . . . . . .  ABSBIT   -----  BIT      00E8H  1
P51. . . . . . . . . . . . . . . . . .  ABSBIT   -----  BIT      00C9H  1
P42. . . . . . . . . . . . . . . . . .  ABSBIT   -----  BIT      00C2H  1
P33. . . . . . . . . . . . . . . . . .  ABSBIT   -----  BIT      00B3H  1
P24. . . . . . . . . . . . . . . . . .  ABSBIT   -----  BIT      00A4H  1
P15. . . . . . . . . . . . . . . . . .  ABSBIT   -----  BIT      0095H  1
P06. . . . . . . . . . . . . . . . . .  ABSBIT   -----  BIT      0086H  1
PLVD . . . . . . . . . . . . . . . . .  ABSBIT   -----  BIT      00BEH  1
P70. . . . . . . . . . . . . . . . . .  ABSBIT   -----  BIT      00F8H  1
P61. . . . . . . . . . . . . . . . . .  ABSBIT   -----  BIT      00E9H  1
P52. . . . . . . . . . . . . . . . . .  ABSBIT   -----  BIT      00CAH  1
P43. . . . . . . . . . . . . . . . . .  ABSBIT   -----  BIT      00C3H  1
P34. . . . . . . . . . . . . . . . . .  ABSBIT   -----  BIT      00B4H  1
P25. . . . . . . . . . . . . . . . . .  ABSBIT   -----  BIT      00A5H  1
P16. . . . . . . . . . . . . . . . . .  ABSBIT   -----  BIT      0096H  1
C51 COMPILER V9.60.0.0   DS1302                                                            01/09/2023 10:33:06 PAGE 10  

NAME                                    CLASS   MSPACE  TYPE    OFFSET  SIZE
====                                    =====   ======  ====    ======  ====


P07. . . . . . . . . . . . . . . . . .  ABSBIT   -----  BIT      0087H  1
P71. . . . . . . . . . . . . . . . . .  ABSBIT   -----  BIT      00F9H  1
P62. . . . . . . . . . . . . . . . . .  ABSBIT   -----  BIT      00EAH  1
P53. . . . . . . . . . . . . . . . . .  ABSBIT   -----  BIT      00CBH  1
P44. . . . . . . . . . . . . . . . . .  ABSBIT   -----  BIT      00C4H  1
P35. . . . . . . . . . . . . . . . . .  ABSBIT   -----  BIT      00B5H  1
P26. . . . . . . . . . . . . . . . . .  ABSBIT   -----  BIT      00A6H  1
P17. . . . . . . . . . . . . . . . . .  ABSBIT   -----  BIT      0097H  1
P72. . . . . . . . . . . . . . . . . .  ABSBIT   -----  BIT      00FAH  1
P63. . . . . . . . . . . . . . . . . .  ABSBIT   -----  BIT      00EBH  1
P54. . . . . . . . . . . . . . . . . .  ABSBIT   -----  BIT      00CCH  1
P45. . . . . . . . . . . . . . . . . .  ABSBIT   -----  BIT      00C5H  1
P36. . . . . . . . . . . . . . . . . .  ABSBIT   -----  BIT      00B6H  1
P27. . . . . . . . . . . . . . . . . .  ABSBIT   -----  BIT      00A7H  1
P73. . . . . . . . . . . . . . . . . .  ABSBIT   -----  BIT      00FBH  1
P64. . . . . . . . . . . . . . . . . .  ABSBIT   -----  BIT      00ECH  1
P55. . . . . . . . . . . . . . . . . .  ABSBIT   -----  BIT      00CDH  1
P46. . . . . . . . . . . . . . . . . .  ABSBIT   -----  BIT      00C6H  1
P37. . . . . . . . . . . . . . . . . .  ABSBIT   -----  BIT      00B7H  1
P74. . . . . . . . . . . . . . . . . .  ABSBIT   -----  BIT      00FCH  1
P65. . . . . . . . . . . . . . . . . .  ABSBIT   -----  BIT      00EDH  1
P56. . . . . . . . . . . . . . . . . .  ABSBIT   -----  BIT      00CEH  1
P47. . . . . . . . . . . . . . . . . .  ABSBIT   -----  BIT      00C7H  1
P75. . . . . . . . . . . . . . . . . .  ABSBIT   -----  BIT      00FDH  1
P66. . . . . . . . . . . . . . . . . .  ABSBIT   -----  BIT      00EEH  1
P57. . . . . . . . . . . . . . . . . .  ABSBIT   -----  BIT      00CFH  1
P76. . . . . . . . . . . . . . . . . .  ABSBIT   -----  BIT      00FEH  1
P67. . . . . . . . . . . . . . . . . .  ABSBIT   -----  BIT      00EFH  1
IE0. . . . . . . . . . . . . . . . . .  ABSBIT   -----  BIT      0089H  1
BUS_SPEED. . . . . . . . . . . . . . .  SFR      DATA   U_CHAR   00A1H  1
P77. . . . . . . . . . . . . . . . . .  ABSBIT   -----  BIT      00FFH  1
IE1. . . . . . . . . . . . . . . . . .  ABSBIT   -----  BIT      008BH  1
IE2. . . . . . . . . . . . . . . . . .  SFR      DATA   U_CHAR   00AFH  1
AUXR . . . . . . . . . . . . . . . . .  SFR      DATA   U_CHAR   008EH  1
B. . . . . . . . . . . . . . . . . . .  SFR      DATA   U_CHAR   00F0H  1
IAP_CONTR. . . . . . . . . . . . . . .  SFR      DATA   U_CHAR   00C7H  1
PWMCFG . . . . . . . . . . . . . . . .  SFR      DATA   U_CHAR   00F1H  1
ACC. . . . . . . . . . . . . . . . . .  SFR      DATA   U_CHAR   00E0H  1
RTC_Read . . . . . . . . . . . . . . .  PUBLIC   CODE   PROC     0000H  -----
  hour . . . . . . . . . . . . . . . .  * REG *  DATA   U_CHAR   0007H  1
  minute . . . . . . . . . . . . . . .  * REG *  DATA   U_CHAR   0003H  1
  second . . . . . . . . . . . . . . .  * REG *  DATA   U_CHAR   0004H  1
ET0. . . . . . . . . . . . . . . . . .  ABSBIT   -----  BIT      00A9H  1
TF0. . . . . . . . . . . . . . . . . .  ABSBIT   -----  BIT      008DH  1
ET1. . . . . . . . . . . . . . . . . .  ABSBIT   -----  BIT      00ABH  1
TF1. . . . . . . . . . . . . . . . . .  ABSBIT   -----  BIT      008FH  1
IP2. . . . . . . . . . . . . . . . . .  SFR      DATA   U_CHAR   00B5H  1
RB8. . . . . . . . . . . . . . . . . .  ABSBIT   -----  BIT      009AH  1
TH0. . . . . . . . . . . . . . . . . .  SFR      DATA   U_CHAR   008CH  1
TH1. . . . . . . . . . . . . . . . . .  SFR      DATA   U_CHAR   008DH  1
IT0. . . . . . . . . . . . . . . . . .  ABSBIT   -----  BIT      0088H  1
EX0. . . . . . . . . . . . . . . . . .  ABSBIT   -----  BIT      00A8H  1
TB8. . . . . . . . . . . . . . . . . .  ABSBIT   -----  BIT      009BH  1
T2H. . . . . . . . . . . . . . . . . .  SFR      DATA   U_CHAR   00D6H  1
IT1. . . . . . . . . . . . . . . . . .  ABSBIT   -----  BIT      008AH  1
EX1. . . . . . . . . . . . . . . . . .  ABSBIT   -----  BIT      00AAH  1
T3H. . . . . . . . . . . . . . . . . .  SFR      DATA   U_CHAR   00D4H  1
C51 COMPILER V9.60.0.0   DS1302                                                            01/09/2023 10:33:06 PAGE 11  

NAME                                    CLASS   MSPACE  TYPE    OFFSET  SIZE
====                                    =====   ======  ====    ======  ====


P. . . . . . . . . . . . . . . . . . .  ABSBIT   -----  BIT      00D0H  1
SM0. . . . . . . . . . . . . . . . . .  ABSBIT   -----  BIT      009FH  1
T4H. . . . . . . . . . . . . . . . . .  SFR      DATA   U_CHAR   00D2H  1
TL0. . . . . . . . . . . . . . . . . .  SFR      DATA   U_CHAR   008AH  1
SM1. . . . . . . . . . . . . . . . . .  ABSBIT   -----  BIT      009EH  1
TL1. . . . . . . . . . . . . . . . . .  SFR      DATA   U_CHAR   008BH  1
SM2. . . . . . . . . . . . . . . . . .  ABSBIT   -----  BIT      009DH  1
T2L. . . . . . . . . . . . . . . . . .  SFR      DATA   U_CHAR   00D7H  1
T3L. . . . . . . . . . . . . . . . . .  SFR      DATA   U_CHAR   00D5H  1
T4L. . . . . . . . . . . . . . . . . .  SFR      DATA   U_CHAR   00D3H  1
PT0. . . . . . . . . . . . . . . . . .  ABSBIT   -----  BIT      00B9H  1
_Read_Ds1302_Byte. . . . . . . . . . .  PUBLIC   CODE   PROC     0000H  -----
  address. . . . . . . . . . . . . . .  * REG *  DATA   U_CHAR   0007H  1
  i. . . . . . . . . . . . . . . . . .  * REG *  DATA   U_CHAR   0007H  1
  temp . . . . . . . . . . . . . . . .  * REG *  DATA   U_CHAR   0005H  1
PT1. . . . . . . . . . . . . . . . . .  ABSBIT   -----  BIT      00BBH  1
RS0. . . . . . . . . . . . . . . . . .  ABSBIT   -----  BIT      00D3H  1
IAP_DATA . . . . . . . . . . . . . . .  SFR      DATA   U_CHAR   00C2H  1
TR0. . . . . . . . . . . . . . . . . .  ABSBIT   -----  BIT      008CH  1
RS1. . . . . . . . . . . . . . . . . .  ABSBIT   -----  BIT      00D4H  1
TR1. . . . . . . . . . . . . . . . . .  ABSBIT   -----  BIT      008EH  1
SDA. . . . . . . . . . . . . . . . . .  ABSBIT   -----  BIT      00A3H  1
WDT_CONTR. . . . . . . . . . . . . . .  SFR      DATA   U_CHAR   00C1H  1
PX0. . . . . . . . . . . . . . . . . .  ABSBIT   -----  BIT      00B8H  1
_RTC_Write . . . . . . . . . . . . . .  PUBLIC   CODE   PROC     0000H  -----
  hour . . . . . . . . . . . . . . . .  * REG *  DATA   U_CHAR   0004H  1
  minute . . . . . . . . . . . . . . .  * REG *  DATA   U_CHAR   0002H  1
  second . . . . . . . . . . . . . . .  * REG *  DATA   U_CHAR   0003H  1
PX1. . . . . . . . . . . . . . . . . .  ABSBIT   -----  BIT      00BAH  1
PCA_PWM0 . . . . . . . . . . . . . . .  SFR      DATA   U_CHAR   00F2H  1
PCA_PWM1 . . . . . . . . . . . . . . .  SFR      DATA   U_CHAR   00F3H  1
PCA_PWM2 . . . . . . . . . . . . . . .  SFR      DATA   U_CHAR   00F4H  1
P1ASF. . . . . . . . . . . . . . . . .  SFR      DATA   U_CHAR   009DH  1
DPH. . . . . . . . . . . . . . . . . .  SFR      DATA   U_CHAR   0083H  1
T3T4M. . . . . . . . . . . . . . . . .  SFR      DATA   U_CHAR   00D1H  1
T4T3M. . . . . . . . . . . . . . . . .  SFR      DATA   U_CHAR   00D1H  1
ADC_RESL . . . . . . . . . . . . . . .  SFR      DATA   U_CHAR   00BEH  1
DPL. . . . . . . . . . . . . . . . . .  SFR      DATA   U_CHAR   0082H  1
SCK. . . . . . . . . . . . . . . . . .  ABSBIT   -----  BIT      0097H  1
SPSTAT . . . . . . . . . . . . . . . .  SFR      DATA   U_CHAR   00CDH  1
S2BUF. . . . . . . . . . . . . . . . .  SFR      DATA   U_CHAR   009BH  1
S3BUF. . . . . . . . . . . . . . . . .  SFR      DATA   U_CHAR   00ADH  1
_Write_Ds1302_Byte . . . . . . . . . .  PUBLIC   CODE   PROC     0000H  -----
  address. . . . . . . . . . . . . . .  * REG *  DATA   U_CHAR   0007H  1
  dat. . . . . . . . . . . . . . . . .  * REG *  DATA   U_CHAR   0005H  1
S4BUF. . . . . . . . . . . . . . . . .  SFR      DATA   U_CHAR   0085H  1
REN. . . . . . . . . . . . . . . . . .  ABSBIT   -----  BIT      009CH  1
S2CON. . . . . . . . . . . . . . . . .  SFR      DATA   U_CHAR   009AH  1
S3CON. . . . . . . . . . . . . . . . .  SFR      DATA   U_CHAR   00ACH  1
S4CON. . . . . . . . . . . . . . . . .  SFR      DATA   U_CHAR   0084H  1
SADEN. . . . . . . . . . . . . . . . .  SFR      DATA   U_CHAR   00B9H  1
_Write_Ds1302. . . . . . . . . . . . .  PUBLIC   CODE   PROC     0000H  -----
  temp . . . . . . . . . . . . . . . .  * REG *  DATA   U_CHAR   0007H  1
  i. . . . . . . . . . . . . . . . . .  * REG *  DATA   U_CHAR   0006H  1
SADDR. . . . . . . . . . . . . . . . .  SFR      DATA   U_CHAR   00A9H  1
IAP_TRIG . . . . . . . . . . . . . . .  SFR      DATA   U_CHAR   00C6H  1
AUXR1. . . . . . . . . . . . . . . . .  SFR      DATA   U_CHAR   00A2H  1
C51 COMPILER V9.60.0.0   DS1302                                                            01/09/2023 10:33:06 PAGE 12  

NAME                                    CLASS   MSPACE  TYPE    OFFSET  SIZE
====                                    =====   ======  ====    ======  ====


F0 . . . . . . . . . . . . . . . . . .  ABSBIT   -----  BIT      00D5H  1
INT_CLKO . . . . . . . . . . . . . . .  SFR      DATA   U_CHAR   008FH  1
F1 . . . . . . . . . . . . . . . . . .  ABSBIT   -----  BIT      00D1H  1
RST. . . . . . . . . . . . . . . . . .  ABSBIT   -----  BIT      0093H  1
PSW. . . . . . . . . . . . . . . . . .  SFR      DATA   U_CHAR   00D0H  1
CCF0 . . . . . . . . . . . . . . . . .  ABSBIT   -----  BIT      00D8H  1
CCF1 . . . . . . . . . . . . . . . . .  ABSBIT   -----  BIT      00D9H  1
SPDAT. . . . . . . . . . . . . . . . .  SFR      DATA   U_CHAR   00CFH  1
P0M0 . . . . . . . . . . . . . . . . .  SFR      DATA   U_CHAR   0094H  1


MODULE INFORMATION:   STATIC OVERLAYABLE
   CODE SIZE        =    261    ----
   CONSTANT SIZE    =   ----    ----
   XDATA SIZE       =   ----    ----
   PDATA SIZE       =   ----    ----
   DATA SIZE        =      3    ----
   IDATA SIZE       =   ----    ----
   BIT SIZE         =   ----    ----
   EDATA SIZE       =   ----    ----
   HDATA SIZE       =   ----    ----
   XDATA CONST SIZE =   ----    ----
   FAR CONST SIZE   =   ----    ----
END OF MODULE INFORMATION.


C51 COMPILATION COMPLETE.  0 WARNING(S),  0 ERROR(S)
