C51 COMPILER V9.60.0.0   ONEWIRE                                                           01/09/2023 10:33:06 PAGE 1   


C51 COMPILER V9.60.0.0, COMPILATION OF MODULE ONEWIRE
OBJECT MODULE PLACED IN .\build\Target 1\__\__\scr\onewire.o
COMPILER INVOKED BY: D:\Keil_v5\C51\BIN\C51.exe .\..\..\SCR\ONEWIRE.C OMF2 TABS(4) CODE NOCOND SYMBOLS PRINT(.\build\Tar
                    -get 1\__\__\scr\onewire.lst) INCDIR(D:/Keil_v5/C51/INC/STC;D:/Keil_v5/C51/INC) DEFINE(__UVISION_VERSION=526) OPTIMIZE(8,
                    -SPEED) SMALL ROM(LARGE) OBJECT(.\build\Target 1\__\__\scr\onewire.o)

line level    source

   1          #include "onewire.h"
   2          #include <STC15F2K60S2.H>
   3          
   4          sbit DQ = P1^4;  
   5          
   6          //µĄ×ÜĎßÄÚ˛żŃÓĘ±şŻĘý
   7          void Delay_OneWire(unsigned int t)  
   8          {
   9   1          unsigned char i;
  10   1          while(t--)
  11   1          {
  12   2              for(i = 0; i < 12; i++)
  13   2                  ;
  14   2          }
  15   1      }
  16          
  17          //µĄ×ÜĎßĐ´˛Ů×÷
  18          void Write_DS18B20(unsigned char dat)
  19          {
  20   1          unsigned char i;
  21   1          for(i=0;i<8;i++)
  22   1          {
  23   2              DQ = 0;
  24   2              DQ = dat&0x01;
  25   2              Delay_OneWire(5);
  26   2              DQ = 1;
  27   2              dat >>= 1;
  28   2          }
  29   1          Delay_OneWire(5);
  30   1      }
  31          
  32          //µĄ×ÜĎß¶Á˛Ů×÷
  33          unsigned char Read_DS18B20(void)
  34          {
  35   1          unsigned char i;
  36   1          unsigned char dat;
  37   1        
  38   1          for(i=0;i<8;i++)
  39   1          {
  40   2              DQ = 0;
  41   2              dat >>= 1;
  42   2              DQ = 1;
  43   2              if(DQ)
  44   2              {
  45   3                  dat |= 0x80;
  46   3              }       
  47   2              Delay_OneWire(5);
  48   2          }
  49   1          return dat;
  50   1      }
  51          
  52          //DS18B20łőĘĽ»Ż
  53          bit init_ds18b20(void)
C51 COMPILER V9.60.0.0   ONEWIRE                                                           01/09/2023 10:33:06 PAGE 2   

  54          {
  55   1          bit initflag = 0;
  56   1          
  57   1          DQ = 1;
  58   1          Delay_OneWire(12);
  59   1          DQ = 0;
  60   1          Delay_OneWire(80);
  61   1          DQ = 1;
  62   1          Delay_OneWire(10); 
  63   1          initflag = DQ;     
  64   1          Delay_OneWire(5);
  65   1        
  66   1          return initflag;
  67   1      }
  68          
  69          /**
  70           * @brief »ńČˇÎÂ¶Č
  71           * @param ÎŢ
  72           * @return unsigned char ·µ»ŘŐűĘýÎÂ¶ČÖµ
  73           */
  74          unsigned char rd_temperature(void)
  75          {
  76   1          unsigned char low, high;
  77   1          unsigned int temperature;
  78   1      
  79   1          init_ds18b20();                     //łőĘĽ»ŻDS18B20
  80   1          Write_DS18B20(0xcc);                //ĚřąýROMÖ¸Áî
  81   1          Write_DS18B20(0x44);                //żŞĆôÎÂ¶Č×Ş»»  
  82   1          Delay_OneWire(200);                 //µČ´ýÎÂ¶Č×Ş»»
  83   1      
  84   1          init_ds18b20();                     //łőĘĽ»ŻDS18B20
  85   1          Write_DS18B20(0xcc);                //ĚřąýROMÖ¸Áî
  86   1          Write_DS18B20(0xbe);                //¶ÁČˇDS18B20ÎÂ¶ČÖµ
  87   1      
  88   1          low = Read_DS18B20();               //ĎČ»ńČˇµÍ×Ö˝Ú
  89   1          high = Read_DS18B20();              //ĎČ»ńČˇ¸ß×Ö˝Ú
  90   1      
  91   1          temperature = (low >> 4) + (high << 4);
  92   1      
  93   1          return temperature;
  94   1      }
  95          
  96          /**
  97           * @brief »ńČˇÎÂ¶Č
  98           * @param ÎŢ
  99           * @return float ·µ»Ř¸ˇµăŔŕĐÍÎÂ¶ČÖµ
 100           */
 101          float rd_temperature_f(void)
 102          {
 103   1      
 104   1          unsigned char low, high;
 105   1          unsigned int temp;
 106   1          float temperature;
 107   1      
 108   1          init_ds18b20();                     //łőĘĽ»ŻDS18B20
 109   1          Write_DS18B20(0xcc);                //ĚřąýROMÖ¸Áî
 110   1          Write_DS18B20(0x44);                //żŞĆôÎÂ¶Č×Ş»»  
 111   1          Delay_OneWire(200);                 //µČ´ýÎÂ¶Č×Ş»»
 112   1      
 113   1          init_ds18b20();                     //łőĘĽ»ŻDS18B20
 114   1          Write_DS18B20(0xcc);                //ĚřąýROMÖ¸Áî
 115   1          Write_DS18B20(0xbe);                //¶ÁČˇDS18B20ÎÂ¶ČÖµ
C51 COMPILER V9.60.0.0   ONEWIRE                                                           01/09/2023 10:33:06 PAGE 3   

 116   1      
 117   1          low = Read_DS18B20();               //ĎČ»ńČˇµÍ×Ö˝Ú
 118   1          high = Read_DS18B20();              //ĎČ»ńČˇ¸ß×Ö˝Ú
 119   1      
 120   1          temp = high;                        
 121   1          temp <<= 8;
 122   1          temp |=  low;                       
 123   1      
 124   1          temperature = temp * 0.0625;        
 125   1      
 126   1          return temperature; 
 127   1      
 128   1      }
C51 COMPILER V9.60.0.0   ONEWIRE                                                           01/09/2023 10:33:06 PAGE 4   

ASSEMBLY LISTING OF GENERATED OBJECT CODE


             ; FUNCTION L?0022 (BEGIN)
0000         L?0023:
0000 7F05              MOV     R7,#05H
0002 7E00              MOV     R6,#00H
             ; FUNCTION _Delay_OneWire (BEGIN)
                                           ; SOURCE LINE # 7
;---- Variable 'i' assigned to Register 'R5' ----
;---- Variable 't' assigned to Register 'R6/R7' ----
                                           ; SOURCE LINE # 8
0004         ?C0001:
                                           ; SOURCE LINE # 10
0004 EF                MOV     A,R7
0005 1F                DEC     R7
0006 AA06              MOV     R2,AR6
0008 7001              JNZ     ?C0019
000A 1E                DEC     R6
000B         ?C0019:
000B 4A                ORL     A,R2
000C 600F              JZ      ?C0006
                                           ; SOURCE LINE # 11
                                           ; SOURCE LINE # 12
000E E4                CLR     A
000F FD                MOV     R5,A
0010         ?C0003:
0010 ED                MOV     A,R5
0011 C3                CLR     C
0012 940C              SUBB    A,#0CH
0014 7480              MOV     A,#080H
0016 9480              SUBB    A,#080H
0018 50EA              JNC     ?C0001
001A 0D                INC     R5
001B 80F3              SJMP    ?C0003
                                           ; SOURCE LINE # 14
                                           ; SOURCE LINE # 15
001D         ?C0006:
001D 22                RET     
             ; FUNCTION _Delay_OneWire (END)

             ; FUNCTION _Write_DS18B20 (BEGIN)
                                           ; SOURCE LINE # 18
;---- Variable 'dat' assigned to Register 'R1' ----
0000 A907              MOV     R1,AR7
                                           ; SOURCE LINE # 19
                                           ; SOURCE LINE # 21
;---- Variable 'i' assigned to Register 'R3' ----
0002 E4                CLR     A
0003 FB                MOV     R3,A
0004         ?C0007:
0004 EB                MOV     A,R3
0005 C3                CLR     C
0006 9408              SUBB    A,#08H
0008 7480              MOV     A,#080H
000A 9480              SUBB    A,#080H
000C 5012              JNC     ?C0008
                                           ; SOURCE LINE # 22
                                           ; SOURCE LINE # 23
000E C294              CLR     DQ
                                           ; SOURCE LINE # 24
0010 E9                MOV     A,R1
C51 COMPILER V9.60.0.0   ONEWIRE                                                           01/09/2023 10:33:06 PAGE 5   

0011 13                RRC     A
0012 9294              MOV     DQ,C
                                           ; SOURCE LINE # 25
0014 120000      R     LCALL   L?0022
                                           ; SOURCE LINE # 26
0017 D294              SETB    DQ
                                           ; SOURCE LINE # 27
0019 E9                MOV     A,R1
001A C3                CLR     C
001B 13                RRC     A
001C F9                MOV     R1,A
                                           ; SOURCE LINE # 28
001D 0B                INC     R3
001E 80E4              SJMP    ?C0007
0020         ?C0008:
                                           ; SOURCE LINE # 29
0020 7F05              MOV     R7,#05H
0022 7E00              MOV     R6,#00H
0024 020000      R     LJMP    _Delay_OneWire
             ; FUNCTION _Write_DS18B20 (END)

             ; FUNCTION L?0021 (BEGIN)
0000 7FCC              MOV     R7,#0CCH
0002 120000      R     LCALL   _Write_DS18B20
0005 7FBE              MOV     R7,#0BEH
0007 120000      R     LCALL   _Write_DS18B20
000A 120000      R     LCALL   Read_DS18B20
000D A907              MOV     R1,AR7
             ; FUNCTION Read_DS18B20 (BEGIN)
                                           ; SOURCE LINE # 33
;---- Variable 'dat' assigned to Register 'R4' ----
                                           ; SOURCE LINE # 34
                                           ; SOURCE LINE # 38
;---- Variable 'i' assigned to Register 'R3' ----
000F E4                CLR     A
0010 FB                MOV     R3,A
0011         ?C0011:
0011 EB                MOV     A,R3
0012 C3                CLR     C
0013 9408              SUBB    A,#08H
0015 7480              MOV     A,#080H
0017 9480              SUBB    A,#080H
0019 5014              JNC     ?C0012
                                           ; SOURCE LINE # 39
                                           ; SOURCE LINE # 40
001B C294              CLR     DQ
                                           ; SOURCE LINE # 41
001D EC                MOV     A,R4
001E C3                CLR     C
001F 13                RRC     A
0020 FC                MOV     R4,A
                                           ; SOURCE LINE # 42
0021 D294              SETB    DQ
                                           ; SOURCE LINE # 43
0023 309403            JNB     DQ,?C0014
                                           ; SOURCE LINE # 44
                                           ; SOURCE LINE # 45
0026 430480            ORL     AR4,#080H
                                           ; SOURCE LINE # 46
0029         ?C0014:
                                           ; SOURCE LINE # 47
0029 120000      R     LCALL   L?0022
C51 COMPILER V9.60.0.0   ONEWIRE                                                           01/09/2023 10:33:06 PAGE 6   

                                           ; SOURCE LINE # 48
002C 0B                INC     R3
002D 80E2              SJMP    ?C0011
002F         ?C0012:
                                           ; SOURCE LINE # 49
002F AF04              MOV     R7,AR4
                                           ; SOURCE LINE # 50
0031 22                RET     
             ; FUNCTION Read_DS18B20 (END)

             ; FUNCTION L?0020 (BEGIN)
0000 7FCC              MOV     R7,#0CCH
0002 120000      R     LCALL   _Write_DS18B20
0005 7F44              MOV     R7,#044H
0007 120000      R     LCALL   _Write_DS18B20
000A 7FC8              MOV     R7,#0C8H
000C 7E00              MOV     R6,#00H
000E 120000      R     LCALL   _Delay_OneWire
             ; FUNCTION init_ds18b20 (BEGIN)
                                           ; SOURCE LINE # 53
                                           ; SOURCE LINE # 54
                                           ; SOURCE LINE # 55
0011 C200        R     CLR     initflag
                                           ; SOURCE LINE # 57
0013 D294              SETB    DQ
                                           ; SOURCE LINE # 58
0015 7F0C              MOV     R7,#0CH
0017 7E00              MOV     R6,#00H
0019 120000      R     LCALL   _Delay_OneWire
                                           ; SOURCE LINE # 59
001C C294              CLR     DQ
                                           ; SOURCE LINE # 60
001E 7F50              MOV     R7,#050H
0020 7E00              MOV     R6,#00H
0022 120000      R     LCALL   _Delay_OneWire
                                           ; SOURCE LINE # 61
0025 D294              SETB    DQ
                                           ; SOURCE LINE # 62
0027 7F0A              MOV     R7,#0AH
0029 7E00              MOV     R6,#00H
002B 120000      R     LCALL   _Delay_OneWire
                                           ; SOURCE LINE # 63
002E A294              MOV     C,DQ
0030 9200        R     MOV     initflag,C
                                           ; SOURCE LINE # 64
0032 120000      R     LCALL   L?0023
                                           ; SOURCE LINE # 66
0035 A200        R     MOV     C,initflag
                                           ; SOURCE LINE # 67
0037 22                RET     
             ; FUNCTION init_ds18b20 (END)

             ; FUNCTION rd_temperature (BEGIN)
                                           ; SOURCE LINE # 74
                                           ; SOURCE LINE # 75
                                           ; SOURCE LINE # 79
0000 120000      R     LCALL   init_ds18b20
                                           ; SOURCE LINE # 80
                                           ; SOURCE LINE # 81
                                           ; SOURCE LINE # 82
                                           ; SOURCE LINE # 84
0003 120000      R     LCALL   L?0020
C51 COMPILER V9.60.0.0   ONEWIRE                                                           01/09/2023 10:33:06 PAGE 7   

                                           ; SOURCE LINE # 85
                                           ; SOURCE LINE # 86
                                           ; SOURCE LINE # 88
;---- Variable 'low' assigned to Register 'R1' ----
                                           ; SOURCE LINE # 89
0006 120000      R     LCALL   L?0021
;---- Variable 'high' assigned to Register 'R7' ----
                                           ; SOURCE LINE # 91
0009 EF                MOV     A,R7
000A 75F010            MOV     B,#010H
000D A4                MUL     AB
000E FF                MOV     R7,A
000F E9                MOV     A,R1
0010 C4                SWAP    A
0011 540F              ANL     A,#0FH
0013 2F                ADD     A,R7
0014 FF                MOV     R7,A
;---- Variable 'temperature' assigned to Register 'R6/R7' ----
                                           ; SOURCE LINE # 93
                                           ; SOURCE LINE # 94
0015 22                RET     
             ; FUNCTION rd_temperature (END)

             ; FUNCTION rd_temperature_f (BEGIN)
                                           ; SOURCE LINE # 101
                                           ; SOURCE LINE # 102
                                           ; SOURCE LINE # 108
0000 120000      R     LCALL   init_ds18b20
                                           ; SOURCE LINE # 109
                                           ; SOURCE LINE # 110
                                           ; SOURCE LINE # 111
                                           ; SOURCE LINE # 113
0003 120000      R     LCALL   L?0020
                                           ; SOURCE LINE # 114
                                           ; SOURCE LINE # 115
                                           ; SOURCE LINE # 117
;---- Variable 'low' assigned to Register 'R1' ----
                                           ; SOURCE LINE # 118
0006 120000      R     LCALL   L?0021
;---- Variable 'high' assigned to Register 'R7' ----
                                           ; SOURCE LINE # 120
;---- Variable 'temp' assigned to Register 'R6/R7' ----
                                           ; SOURCE LINE # 121
0009 EF                MOV     A,R7
000A FE                MOV     R6,A
                                           ; SOURCE LINE # 122
000B E9                MOV     A,R1
000C FF                MOV     R7,A
000D E4                CLR     A
                                           ; SOURCE LINE # 124
000E AD07              MOV     R5,AR7
0010 AC06              MOV     R4,AR6
0012 120000      E     LCALL   ?C?FCASTI
0015 E4                CLR     A
0016 FB                MOV     R3,A
0017 FA                MOV     R2,A
0018 7980              MOV     R1,#080H
001A 783D              MOV     R0,#03DH
001C 020000      E     LJMP    ?C?FPMUL
;---- Variable 'temperature' assigned to Register 'R4/R5/R6/R7' ----
             ; FUNCTION rd_temperature_f (END)

C51 COMPILER V9.60.0.0   ONEWIRE                                                           01/09/2023 10:33:06 PAGE 8   

NAME                                    CLASS   MSPACE  TYPE    OFFSET  SIZE
====                                    =====   ======  ====    ======  ====


CCF2 . . . . . . . . . . . . . . . . .  ABSBIT   -----  BIT      00DAH  1
P1M0 . . . . . . . . . . . . . . . . .  SFR      DATA   U_CHAR   0092H  1
P0M1 . . . . . . . . . . . . . . . . .  SFR      DATA   U_CHAR   0093H  1
P2M0 . . . . . . . . . . . . . . . . .  SFR      DATA   U_CHAR   0096H  1
P1M1 . . . . . . . . . . . . . . . . .  SFR      DATA   U_CHAR   0091H  1
P0 . . . . . . . . . . . . . . . . . .  SFR      DATA   U_CHAR   0080H  1
P3M0 . . . . . . . . . . . . . . . . .  SFR      DATA   U_CHAR   00B2H  1
P2M1 . . . . . . . . . . . . . . . . .  SFR      DATA   U_CHAR   0095H  1
P1 . . . . . . . . . . . . . . . . . .  SFR      DATA   U_CHAR   0090H  1
P4M0 . . . . . . . . . . . . . . . . .  SFR      DATA   U_CHAR   00B4H  1
P3M1 . . . . . . . . . . . . . . . . .  SFR      DATA   U_CHAR   00B1H  1
P2 . . . . . . . . . . . . . . . . . .  SFR      DATA   U_CHAR   00A0H  1
WKTCH. . . . . . . . . . . . . . . . .  SFR      DATA   U_CHAR   00ABH  1
P5M0 . . . . . . . . . . . . . . . . .  SFR      DATA   U_CHAR   00CAH  1
P4M1 . . . . . . . . . . . . . . . . .  SFR      DATA   U_CHAR   00B3H  1
P3 . . . . . . . . . . . . . . . . . .  SFR      DATA   U_CHAR   00B0H  1
P6M0 . . . . . . . . . . . . . . . . .  SFR      DATA   U_CHAR   00CCH  1
P5M1 . . . . . . . . . . . . . . . . .  SFR      DATA   U_CHAR   00C9H  1
P4 . . . . . . . . . . . . . . . . . .  SFR      DATA   U_CHAR   00C0H  1
AC . . . . . . . . . . . . . . . . . .  ABSBIT   -----  BIT      00D6H  1
Read_DS18B20 . . . . . . . . . . . . .  PUBLIC   CODE   PROC     000FH  -----
  i. . . . . . . . . . . . . . . . . .  * REG *  DATA   U_CHAR   0003H  1
  dat. . . . . . . . . . . . . . . . .  * REG *  DATA   U_CHAR   0004H  1
PWMIF. . . . . . . . . . . . . . . . .  SFR      DATA   U_CHAR   00F6H  1
P7M0 . . . . . . . . . . . . . . . . .  SFR      DATA   U_CHAR   00E2H  1
P6M1 . . . . . . . . . . . . . . . . .  SFR      DATA   U_CHAR   00CBH  1
P5 . . . . . . . . . . . . . . . . . .  SFR      DATA   U_CHAR   00C8H  1
EA . . . . . . . . . . . . . . . . . .  ABSBIT   -----  BIT      00AFH  1
P7M1 . . . . . . . . . . . . . . . . .  SFR      DATA   U_CHAR   00E1H  1
P6 . . . . . . . . . . . . . . . . . .  SFR      DATA   U_CHAR   00E8H  1
WKTCL. . . . . . . . . . . . . . . . .  SFR      DATA   U_CHAR   00AAH  1
P7 . . . . . . . . . . . . . . . . . .  SFR      DATA   U_CHAR   00F8H  1
SPCTL. . . . . . . . . . . . . . . . .  SFR      DATA   U_CHAR   00CEH  1
CF . . . . . . . . . . . . . . . . . .  ABSBIT   -----  BIT      00DFH  1
PWMCR. . . . . . . . . . . . . . . . .  SFR      DATA   U_CHAR   00F5H  1
CH . . . . . . . . . . . . . . . . . .  SFR      DATA   U_CHAR   00F9H  1
P_SW1. . . . . . . . . . . . . . . . .  SFR      DATA   U_CHAR   00A2H  1
P_SW2. . . . . . . . . . . . . . . . .  SFR      DATA   U_CHAR   00BAH  1
EADC . . . . . . . . . . . . . . . . .  ABSBIT   -----  BIT      00ADH  1
IE . . . . . . . . . . . . . . . . . .  SFR      DATA   U_CHAR   00A8H  1
CL . . . . . . . . . . . . . . . . . .  SFR      DATA   U_CHAR   00E9H  1
_Delay_OneWire . . . . . . . . . . . .  PUBLIC   CODE   PROC     0004H  -----
  t. . . . . . . . . . . . . . . . . .  * REG *  DATA   U_INT    0006H  2
  i. . . . . . . . . . . . . . . . . .  * REG *  DATA   U_CHAR   0005H  1
IAP_CMD. . . . . . . . . . . . . . . .  SFR      DATA   U_CHAR   00C5H  1
CCAP0H . . . . . . . . . . . . . . . .  SFR      DATA   U_CHAR   00FAH  1
CCAP1H . . . . . . . . . . . . . . . .  SFR      DATA   U_CHAR   00FBH  1
CCAP2H . . . . . . . . . . . . . . . .  SFR      DATA   U_CHAR   00FCH  1
ADC_RES. . . . . . . . . . . . . . . .  SFR      DATA   U_CHAR   00BDH  1
_Write_DS18B20 . . . . . . . . . . . .  PUBLIC   CODE   PROC     0000H  -----
  dat. . . . . . . . . . . . . . . . .  * REG *  DATA   U_CHAR   0001H  1
  i. . . . . . . . . . . . . . . . . .  * REG *  DATA   U_CHAR   0003H  1
DQ . . . . . . . . . . . . . . . . . .  ABSBIT   -----  BIT      0094H  1
CCAP0L . . . . . . . . . . . . . . . .  SFR      DATA   U_CHAR   00EAH  1
CR . . . . . . . . . . . . . . . . . .  ABSBIT   -----  BIT      00DEH  1
PWMFDCR. . . . . . . . . . . . . . . .  SFR      DATA   U_CHAR   00F7H  1
CCAP1L . . . . . . . . . . . . . . . .  SFR      DATA   U_CHAR   00EBH  1
C51 COMPILER V9.60.0.0   ONEWIRE                                                           01/09/2023 10:33:06 PAGE 9   

NAME                                    CLASS   MSPACE  TYPE    OFFSET  SIZE
====                                    =====   ======  ====    ======  ====


CCAPM0 . . . . . . . . . . . . . . . .  SFR      DATA   U_CHAR   00DAH  1
CCAP2L . . . . . . . . . . . . . . . .  SFR      DATA   U_CHAR   00ECH  1
CCAPM1 . . . . . . . . . . . . . . . .  SFR      DATA   U_CHAR   00DBH  1
CCAPM2 . . . . . . . . . . . . . . . .  SFR      DATA   U_CHAR   00DCH  1
ES . . . . . . . . . . . . . . . . . .  ABSBIT   -----  BIT      00ACH  1
PADC . . . . . . . . . . . . . . . . .  ABSBIT   -----  BIT      00BDH  1
IP . . . . . . . . . . . . . . . . . .  SFR      DATA   U_CHAR   00B8H  1
RI . . . . . . . . . . . . . . . . . .  ABSBIT   -----  BIT      0098H  1
CY . . . . . . . . . . . . . . . . . .  ABSBIT   -----  BIT      00D7H  1
TI . . . . . . . . . . . . . . . . . .  ABSBIT   -----  BIT      0099H  1
init_ds18b20 . . . . . . . . . . . . .  PUBLIC   CODE   PROC     0011H  -----
  initflag . . . . . . . . . . . . . .  AUTO     DATA   BIT      0000H  1
CLK_DIV. . . . . . . . . . . . . . . .  SFR      DATA   U_CHAR   0097H  1
IAP_ADDRH. . . . . . . . . . . . . . .  SFR      DATA   U_CHAR   00C3H  1
PS . . . . . . . . . . . . . . . . . .  ABSBIT   -----  BIT      00BCH  1
SP . . . . . . . . . . . . . . . . . .  SFR      DATA   U_CHAR   0081H  1
CMOD . . . . . . . . . . . . . . . . .  SFR      DATA   U_CHAR   00D9H  1
CCON . . . . . . . . . . . . . . . . .  SFR      DATA   U_CHAR   00D8H  1
IAP_ADDRL. . . . . . . . . . . . . . .  SFR      DATA   U_CHAR   00C4H  1
PPCA . . . . . . . . . . . . . . . . .  ABSBIT   -----  BIT      00BFH  1
OV . . . . . . . . . . . . . . . . . .  ABSBIT   -----  BIT      00D2H  1
CMPCR1 . . . . . . . . . . . . . . . .  SFR      DATA   U_CHAR   00E6H  1
CMPCR2 . . . . . . . . . . . . . . . .  SFR      DATA   U_CHAR   00E7H  1
ELVD . . . . . . . . . . . . . . . . .  ABSBIT   -----  BIT      00AEH  1
P00. . . . . . . . . . . . . . . . . .  ABSBIT   -----  BIT      0080H  1
ADC_CONTR. . . . . . . . . . . . . . .  SFR      DATA   U_CHAR   00BCH  1
SBUF . . . . . . . . . . . . . . . . .  SFR      DATA   U_CHAR   0099H  1
PCON . . . . . . . . . . . . . . . . .  SFR      DATA   U_CHAR   0087H  1
P10. . . . . . . . . . . . . . . . . .  ABSBIT   -----  BIT      0090H  1
P01. . . . . . . . . . . . . . . . . .  ABSBIT   -----  BIT      0081H  1
P20. . . . . . . . . . . . . . . . . .  ABSBIT   -----  BIT      00A0H  1
P11. . . . . . . . . . . . . . . . . .  ABSBIT   -----  BIT      0091H  1
P02. . . . . . . . . . . . . . . . . .  ABSBIT   -----  BIT      0082H  1
P30. . . . . . . . . . . . . . . . . .  ABSBIT   -----  BIT      00B0H  1
P21. . . . . . . . . . . . . . . . . .  ABSBIT   -----  BIT      00A1H  1
P12. . . . . . . . . . . . . . . . . .  ABSBIT   -----  BIT      0092H  1
P03. . . . . . . . . . . . . . . . . .  ABSBIT   -----  BIT      0083H  1
SCON . . . . . . . . . . . . . . . . .  SFR      DATA   U_CHAR   0098H  1
P40. . . . . . . . . . . . . . . . . .  ABSBIT   -----  BIT      00C0H  1
P31. . . . . . . . . . . . . . . . . .  ABSBIT   -----  BIT      00B1H  1
P22. . . . . . . . . . . . . . . . . .  ABSBIT   -----  BIT      00A2H  1
P13. . . . . . . . . . . . . . . . . .  ABSBIT   -----  BIT      0093H  1
P04. . . . . . . . . . . . . . . . . .  ABSBIT   -----  BIT      0084H  1
rd_temperature_f . . . . . . . . . . .  PUBLIC   CODE   PROC     0000H  -----
  low. . . . . . . . . . . . . . . . .  * REG *  DATA   U_CHAR   0001H  1
  high . . . . . . . . . . . . . . . .  * REG *  DATA   U_CHAR   0007H  1
  temp . . . . . . . . . . . . . . . .  * REG *  DATA   U_INT    0006H  2
  temperature. . . . . . . . . . . . .  * REG *  DATA   FLOAT    0004H  4
TMOD . . . . . . . . . . . . . . . . .  SFR      DATA   U_CHAR   0089H  1
TCON . . . . . . . . . . . . . . . . .  SFR      DATA   U_CHAR   0088H  1
P50. . . . . . . . . . . . . . . . . .  ABSBIT   -----  BIT      00C8H  1
P41. . . . . . . . . . . . . . . . . .  ABSBIT   -----  BIT      00C1H  1
P32. . . . . . . . . . . . . . . . . .  ABSBIT   -----  BIT      00B2H  1
P23. . . . . . . . . . . . . . . . . .  ABSBIT   -----  BIT      00A3H  1
P14. . . . . . . . . . . . . . . . . .  ABSBIT   -----  BIT      0094H  1
P05. . . . . . . . . . . . . . . . . .  ABSBIT   -----  BIT      0085H  1
P60. . . . . . . . . . . . . . . . . .  ABSBIT   -----  BIT      00E8H  1
C51 COMPILER V9.60.0.0   ONEWIRE                                                           01/09/2023 10:33:06 PAGE 10  

NAME                                    CLASS   MSPACE  TYPE    OFFSET  SIZE
====                                    =====   ======  ====    ======  ====


P51. . . . . . . . . . . . . . . . . .  ABSBIT   -----  BIT      00C9H  1
P42. . . . . . . . . . . . . . . . . .  ABSBIT   -----  BIT      00C2H  1
P33. . . . . . . . . . . . . . . . . .  ABSBIT   -----  BIT      00B3H  1
P24. . . . . . . . . . . . . . . . . .  ABSBIT   -----  BIT      00A4H  1
P15. . . . . . . . . . . . . . . . . .  ABSBIT   -----  BIT      0095H  1
P06. . . . . . . . . . . . . . . . . .  ABSBIT   -----  BIT      0086H  1
PLVD . . . . . . . . . . . . . . . . .  ABSBIT   -----  BIT      00BEH  1
P70. . . . . . . . . . . . . . . . . .  ABSBIT   -----  BIT      00F8H  1
P61. . . . . . . . . . . . . . . . . .  ABSBIT   -----  BIT      00E9H  1
P52. . . . . . . . . . . . . . . . . .  ABSBIT   -----  BIT      00CAH  1
P43. . . . . . . . . . . . . . . . . .  ABSBIT   -----  BIT      00C3H  1
P34. . . . . . . . . . . . . . . . . .  ABSBIT   -----  BIT      00B4H  1
P25. . . . . . . . . . . . . . . . . .  ABSBIT   -----  BIT      00A5H  1
P16. . . . . . . . . . . . . . . . . .  ABSBIT   -----  BIT      0096H  1
P07. . . . . . . . . . . . . . . . . .  ABSBIT   -----  BIT      0087H  1
P71. . . . . . . . . . . . . . . . . .  ABSBIT   -----  BIT      00F9H  1
P62. . . . . . . . . . . . . . . . . .  ABSBIT   -----  BIT      00EAH  1
P53. . . . . . . . . . . . . . . . . .  ABSBIT   -----  BIT      00CBH  1
P44. . . . . . . . . . . . . . . . . .  ABSBIT   -----  BIT      00C4H  1
P35. . . . . . . . . . . . . . . . . .  ABSBIT   -----  BIT      00B5H  1
P26. . . . . . . . . . . . . . . . . .  ABSBIT   -----  BIT      00A6H  1
P17. . . . . . . . . . . . . . . . . .  ABSBIT   -----  BIT      0097H  1
P72. . . . . . . . . . . . . . . . . .  ABSBIT   -----  BIT      00FAH  1
P63. . . . . . . . . . . . . . . . . .  ABSBIT   -----  BIT      00EBH  1
P54. . . . . . . . . . . . . . . . . .  ABSBIT   -----  BIT      00CCH  1
P45. . . . . . . . . . . . . . . . . .  ABSBIT   -----  BIT      00C5H  1
P36. . . . . . . . . . . . . . . . . .  ABSBIT   -----  BIT      00B6H  1
P27. . . . . . . . . . . . . . . . . .  ABSBIT   -----  BIT      00A7H  1
P73. . . . . . . . . . . . . . . . . .  ABSBIT   -----  BIT      00FBH  1
P64. . . . . . . . . . . . . . . . . .  ABSBIT   -----  BIT      00ECH  1
P55. . . . . . . . . . . . . . . . . .  ABSBIT   -----  BIT      00CDH  1
P46. . . . . . . . . . . . . . . . . .  ABSBIT   -----  BIT      00C6H  1
P37. . . . . . . . . . . . . . . . . .  ABSBIT   -----  BIT      00B7H  1
P74. . . . . . . . . . . . . . . . . .  ABSBIT   -----  BIT      00FCH  1
P65. . . . . . . . . . . . . . . . . .  ABSBIT   -----  BIT      00EDH  1
P56. . . . . . . . . . . . . . . . . .  ABSBIT   -----  BIT      00CEH  1
P47. . . . . . . . . . . . . . . . . .  ABSBIT   -----  BIT      00C7H  1
P75. . . . . . . . . . . . . . . . . .  ABSBIT   -----  BIT      00FDH  1
P66. . . . . . . . . . . . . . . . . .  ABSBIT   -----  BIT      00EEH  1
P57. . . . . . . . . . . . . . . . . .  ABSBIT   -----  BIT      00CFH  1
P76. . . . . . . . . . . . . . . . . .  ABSBIT   -----  BIT      00FEH  1
P67. . . . . . . . . . . . . . . . . .  ABSBIT   -----  BIT      00EFH  1
IE0. . . . . . . . . . . . . . . . . .  ABSBIT   -----  BIT      0089H  1
BUS_SPEED. . . . . . . . . . . . . . .  SFR      DATA   U_CHAR   00A1H  1
P77. . . . . . . . . . . . . . . . . .  ABSBIT   -----  BIT      00FFH  1
IE1. . . . . . . . . . . . . . . . . .  ABSBIT   -----  BIT      008BH  1
IE2. . . . . . . . . . . . . . . . . .  SFR      DATA   U_CHAR   00AFH  1
AUXR . . . . . . . . . . . . . . . . .  SFR      DATA   U_CHAR   008EH  1
B. . . . . . . . . . . . . . . . . . .  SFR      DATA   U_CHAR   00F0H  1
IAP_CONTR. . . . . . . . . . . . . . .  SFR      DATA   U_CHAR   00C7H  1
PWMCFG . . . . . . . . . . . . . . . .  SFR      DATA   U_CHAR   00F1H  1
ACC. . . . . . . . . . . . . . . . . .  SFR      DATA   U_CHAR   00E0H  1
ET0. . . . . . . . . . . . . . . . . .  ABSBIT   -----  BIT      00A9H  1
TF0. . . . . . . . . . . . . . . . . .  ABSBIT   -----  BIT      008DH  1
ET1. . . . . . . . . . . . . . . . . .  ABSBIT   -----  BIT      00ABH  1
TF1. . . . . . . . . . . . . . . . . .  ABSBIT   -----  BIT      008FH  1
IP2. . . . . . . . . . . . . . . . . .  SFR      DATA   U_CHAR   00B5H  1
C51 COMPILER V9.60.0.0   ONEWIRE                                                           01/09/2023 10:33:06 PAGE 11  

NAME                                    CLASS   MSPACE  TYPE    OFFSET  SIZE
====                                    =====   ======  ====    ======  ====


RB8. . . . . . . . . . . . . . . . . .  ABSBIT   -----  BIT      009AH  1
TH0. . . . . . . . . . . . . . . . . .  SFR      DATA   U_CHAR   008CH  1
TH1. . . . . . . . . . . . . . . . . .  SFR      DATA   U_CHAR   008DH  1
IT0. . . . . . . . . . . . . . . . . .  ABSBIT   -----  BIT      0088H  1
EX0. . . . . . . . . . . . . . . . . .  ABSBIT   -----  BIT      00A8H  1
TB8. . . . . . . . . . . . . . . . . .  ABSBIT   -----  BIT      009BH  1
T2H. . . . . . . . . . . . . . . . . .  SFR      DATA   U_CHAR   00D6H  1
IT1. . . . . . . . . . . . . . . . . .  ABSBIT   -----  BIT      008AH  1
EX1. . . . . . . . . . . . . . . . . .  ABSBIT   -----  BIT      00AAH  1
T3H. . . . . . . . . . . . . . . . . .  SFR      DATA   U_CHAR   00D4H  1
P. . . . . . . . . . . . . . . . . . .  ABSBIT   -----  BIT      00D0H  1
SM0. . . . . . . . . . . . . . . . . .  ABSBIT   -----  BIT      009FH  1
T4H. . . . . . . . . . . . . . . . . .  SFR      DATA   U_CHAR   00D2H  1
TL0. . . . . . . . . . . . . . . . . .  SFR      DATA   U_CHAR   008AH  1
SM1. . . . . . . . . . . . . . . . . .  ABSBIT   -----  BIT      009EH  1
TL1. . . . . . . . . . . . . . . . . .  SFR      DATA   U_CHAR   008BH  1
SM2. . . . . . . . . . . . . . . . . .  ABSBIT   -----  BIT      009DH  1
T2L. . . . . . . . . . . . . . . . . .  SFR      DATA   U_CHAR   00D7H  1
T3L. . . . . . . . . . . . . . . . . .  SFR      DATA   U_CHAR   00D5H  1
T4L. . . . . . . . . . . . . . . . . .  SFR      DATA   U_CHAR   00D3H  1
PT0. . . . . . . . . . . . . . . . . .  ABSBIT   -----  BIT      00B9H  1
PT1. . . . . . . . . . . . . . . . . .  ABSBIT   -----  BIT      00BBH  1
RS0. . . . . . . . . . . . . . . . . .  ABSBIT   -----  BIT      00D3H  1
IAP_DATA . . . . . . . . . . . . . . .  SFR      DATA   U_CHAR   00C2H  1
TR0. . . . . . . . . . . . . . . . . .  ABSBIT   -----  BIT      008CH  1
RS1. . . . . . . . . . . . . . . . . .  ABSBIT   -----  BIT      00D4H  1
TR1. . . . . . . . . . . . . . . . . .  ABSBIT   -----  BIT      008EH  1
WDT_CONTR. . . . . . . . . . . . . . .  SFR      DATA   U_CHAR   00C1H  1
PX0. . . . . . . . . . . . . . . . . .  ABSBIT   -----  BIT      00B8H  1
PX1. . . . . . . . . . . . . . . . . .  ABSBIT   -----  BIT      00BAH  1
PCA_PWM0 . . . . . . . . . . . . . . .  SFR      DATA   U_CHAR   00F2H  1
PCA_PWM1 . . . . . . . . . . . . . . .  SFR      DATA   U_CHAR   00F3H  1
PCA_PWM2 . . . . . . . . . . . . . . .  SFR      DATA   U_CHAR   00F4H  1
P1ASF. . . . . . . . . . . . . . . . .  SFR      DATA   U_CHAR   009DH  1
DPH. . . . . . . . . . . . . . . . . .  SFR      DATA   U_CHAR   0083H  1
T3T4M. . . . . . . . . . . . . . . . .  SFR      DATA   U_CHAR   00D1H  1
T4T3M. . . . . . . . . . . . . . . . .  SFR      DATA   U_CHAR   00D1H  1
ADC_RESL . . . . . . . . . . . . . . .  SFR      DATA   U_CHAR   00BEH  1
DPL. . . . . . . . . . . . . . . . . .  SFR      DATA   U_CHAR   0082H  1
SPSTAT . . . . . . . . . . . . . . . .  SFR      DATA   U_CHAR   00CDH  1
S2BUF. . . . . . . . . . . . . . . . .  SFR      DATA   U_CHAR   009BH  1
S3BUF. . . . . . . . . . . . . . . . .  SFR      DATA   U_CHAR   00ADH  1
S4BUF. . . . . . . . . . . . . . . . .  SFR      DATA   U_CHAR   0085H  1
REN. . . . . . . . . . . . . . . . . .  ABSBIT   -----  BIT      009CH  1
S2CON. . . . . . . . . . . . . . . . .  SFR      DATA   U_CHAR   009AH  1
S3CON. . . . . . . . . . . . . . . . .  SFR      DATA   U_CHAR   00ACH  1
S4CON. . . . . . . . . . . . . . . . .  SFR      DATA   U_CHAR   0084H  1
SADEN. . . . . . . . . . . . . . . . .  SFR      DATA   U_CHAR   00B9H  1
rd_temperature . . . . . . . . . . . .  PUBLIC   CODE   PROC     0000H  -----
  low. . . . . . . . . . . . . . . . .  * REG *  DATA   U_CHAR   0001H  1
  high . . . . . . . . . . . . . . . .  * REG *  DATA   U_CHAR   0007H  1
  temperature. . . . . . . . . . . . .  * REG *  DATA   U_INT    0006H  2
SADDR. . . . . . . . . . . . . . . . .  SFR      DATA   U_CHAR   00A9H  1
IAP_TRIG . . . . . . . . . . . . . . .  SFR      DATA   U_CHAR   00C6H  1
AUXR1. . . . . . . . . . . . . . . . .  SFR      DATA   U_CHAR   00A2H  1
F0 . . . . . . . . . . . . . . . . . .  ABSBIT   -----  BIT      00D5H  1
INT_CLKO . . . . . . . . . . . . . . .  SFR      DATA   U_CHAR   008FH  1
C51 COMPILER V9.60.0.0   ONEWIRE                                                           01/09/2023 10:33:06 PAGE 12  

NAME                                    CLASS   MSPACE  TYPE    OFFSET  SIZE
====                                    =====   ======  ====    ======  ====


F1 . . . . . . . . . . . . . . . . . .  ABSBIT   -----  BIT      00D1H  1
PSW. . . . . . . . . . . . . . . . . .  SFR      DATA   U_CHAR   00D0H  1
CCF0 . . . . . . . . . . . . . . . . .  ABSBIT   -----  BIT      00D8H  1
CCF1 . . . . . . . . . . . . . . . . .  ABSBIT   -----  BIT      00D9H  1
SPDAT. . . . . . . . . . . . . . . . .  SFR      DATA   U_CHAR   00CFH  1
P0M0 . . . . . . . . . . . . . . . . .  SFR      DATA   U_CHAR   0094H  1


MODULE INFORMATION:   STATIC OVERLAYABLE
   CODE SIZE        =    228    ----
   CONSTANT SIZE    =   ----    ----
   XDATA SIZE       =   ----    ----
   PDATA SIZE       =   ----    ----
   DATA SIZE        =   ----    ----
   IDATA SIZE       =   ----    ----
   BIT SIZE         =   ----       1
   EDATA SIZE       =   ----    ----
   HDATA SIZE       =   ----    ----
   XDATA CONST SIZE =   ----    ----
   FAR CONST SIZE   =   ----    ----
END OF MODULE INFORMATION.


C51 COMPILATION COMPLETE.  0 WARNING(S),  0 ERROR(S)
