C51 COMPILER V9.60.0.0   IIC                                                               01/11/2023 10:50:58 PAGE 1   


C51 COMPILER V9.60.0.0, COMPILATION OF MODULE IIC
OBJECT MODULE PLACED IN .\build\Target 1\__\__\scr\iic.o
COMPILER INVOKED BY: D:\Keil_v5\C51\BIN\C51.exe .\..\..\SCR\IIC.C OMF2 TABS(4) CODE NOCOND SYMBOLS PRINT(.\build\Target 
                    -1\__\__\scr\iic.lst) INCDIR(D:/Keil_v5/C51/INC/STC;D:/Keil_v5/C51/INC) DEFINE(__UVISION_VERSION=526) OPTIMIZE(8,SPEED) S
                    -MALL ROM(LARGE) OBJECT(.\build\Target 1\__\__\scr\iic.o)

line level    source

   1          #include "iic.h"
   2          #include <STC15F2K60S2.H>
   3          #include <intrins.h>
   4          
   5          sbit SDA = P2^1;
   6          sbit SCL = P2^0;
   7          
   8          #define DELAY_TIME 5
   9          
  10          void Delay5ms()     //@11.0592MHz
  11          {
  12   1          unsigned char i, j;
  13   1      
  14   1          i = 54;
  15   1          j = 199;
  16   1          do
  17   1          {
  18   2              while (--j);
  19   2          } while (--i);
  20   1      }
  21          
  22          //I2C总线内部延时函数
  23          void IIC_Delay(unsigned char i)
  24          {
  25   1          do{_nop_();}
  26   1          while(i--);        
  27   1      }
  28          
  29          //I2C总线启动信号
  30          void IIC_Start(void)
  31          {
  32   1          SDA = 1;
  33   1          SCL = 1;
  34   1          IIC_Delay(DELAY_TIME);
  35   1          SDA = 0;
  36   1          IIC_Delay(DELAY_TIME);
  37   1          SCL = 0;    
  38   1      }
  39          
  40          //I2C总线停止信号
  41          void IIC_Stop(void)
  42          {
  43   1          SDA = 0;
  44   1          SCL = 1;
  45   1          IIC_Delay(DELAY_TIME);
  46   1          SDA = 1;
  47   1          IIC_Delay(DELAY_TIME);
  48   1      }
  49          
  50          //发送应答或非应答信号
  51          void IIC_SendAck(bit ackbit)
  52          {
  53   1          SCL = 0;
C51 COMPILER V9.60.0.0   IIC                                                               01/11/2023 10:50:58 PAGE 2   

  54   1          SDA = ackbit;                   
  55   1          IIC_Delay(DELAY_TIME);
  56   1          SCL = 1;
  57   1          IIC_Delay(DELAY_TIME);
  58   1          SCL = 0; 
  59   1          SDA = 1;
  60   1          IIC_Delay(DELAY_TIME);
  61   1      }
  62          
  63          //等待应答
  64          bit IIC_WaitAck(void)
  65          {
  66   1          bit ackbit;
  67   1          
  68   1          SCL  = 1;
  69   1          IIC_Delay(DELAY_TIME);
  70   1          ackbit = SDA;
  71   1          SCL = 0;
  72   1          IIC_Delay(DELAY_TIME);
  73   1          return ackbit;
  74   1      }
  75          
  76          //I2C总线发送一个字节数据
  77          void IIC_SendByte(unsigned char byt)
  78          {
  79   1          unsigned char i;
  80   1      
  81   1          for(i=0; i<8; i++)
  82   1          {
  83   2              SCL  = 0;
  84   2              IIC_Delay(DELAY_TIME);
  85   2              if(byt & 0x80) SDA  = 1;
  86   2              else SDA  = 0;
  87   2              IIC_Delay(DELAY_TIME);
  88   2              SCL = 1;
  89   2              byt <<= 1;
  90   2              IIC_Delay(DELAY_TIME);
  91   2          }
  92   1          SCL  = 0;  
  93   1      }
  94          
  95          //I2C总线接收一个字节数据
  96          unsigned char IIC_RecByte(void)
  97          {
  98   1          unsigned char i, da;
  99   1          for(i=0; i<8; i++)
 100   1          {   
 101   2              SCL = 1;
 102   2          IIC_Delay(DELAY_TIME);
 103   2          da <<= 1;
 104   2          if(SDA) da |= 1;
 105   2          SCL = 0;
 106   2          IIC_Delay(DELAY_TIME);
 107   2          }
 108   1          return da;    
 109   1      }
 110          
 111          /**
 112           * @brief 往AT24C02写一个数据
 113           * 
 114           * @param addr 存放数据的地址，地址范围为0~255
 115           * @param date 存放的数据大小，数据范围为0~255
C51 COMPILER V9.60.0.0   IIC                                                               01/11/2023 10:50:58 PAGE 3   

 116           * @return 无
 117           */
 118          void EEPROM_Write(unsigned char addr, unsigned char date)
 119          {
 120   1          IIC_Start();                    //启用IIC总线
 121   1      
 122   1          IIC_SendByte(0xa0);             //发送器件地址并使用写数据功能
 123   1          IIC_WaitAck();                  //等待器件应答
 124   1      
 125   1          IIC_SendByte(addr);             //发送数据的地址
 126   1          IIC_WaitAck();                  //等待器件应答
 127   1      
 128   1          IIC_SendByte(date);             //发送数据
 129   1          IIC_WaitAck();                  //等待器件应答
 130   1      
 131   1          IIC_Stop();                     //停止使用IIC总线
 132   1          Delay5ms();
 133   1      }
 134          
 135          /**
 136           * @brief 从AT24C02中读一个数据
 137           * 
 138           * @param addr 所要读的数据的地址
 139           * @return 返回读出的数据
 140           */
 141          unsigned char EEPROM_Read(unsigned char addr)
 142          {
 143   1          unsigned char date = 0;
 144   1      
 145   1          IIC_Start();                        //启用IIC总线
 146   1      
 147   1          IIC_SendByte(0xa0);                 //发送器件地址并使用写数据功能
 148   1          IIC_WaitAck();                      //等待器件应答
 149   1      
 150   1          IIC_SendByte(addr);                 //发送数据的地址   
 151   1          IIC_WaitAck();                      //等待器件应答
 152   1      
 153   1          IIC_Start();                        //读写转换时，需重新启用IIC总线              
 154   1          IIC_SendByte(0xa1);                 //发送器件地址并使用读数据功能 
 155   1          IIC_WaitAck();                      //等待器件应答
 156   1      
 157   1          date = IIC_RecByte();               //接收一个字节数据
 158   1          IIC_SendAck(1);                     //发送非应答信号
 159   1      
 160   1          IIC_Stop();                         //停止使用IIC总线         
 161   1      
 162   1          return date;                        //返回读取到的数据
 163   1      }
 164          
 165          /**
 166           * @brief 连续从AT24C02读数据
 167           * 
 168           * @param addr 读数据的起始地址
 169           * @param date 读取数据存放的地址
 170           * @param num 读多少个数据
 171           * @return 无
 172           */
 173          void EEPROM_ContinuousRead(unsigned char addr, unsigned char *date, unsigned char num)
 174          {
 175   1          IIC_Start();                            //启用IIC总线
 176   1      
 177   1          IIC_SendByte(0xa0);                     //发送器件地址并使用写数据功能
C51 COMPILER V9.60.0.0   IIC                                                               01/11/2023 10:50:58 PAGE 4   

 178   1          IIC_WaitAck();                          //等待器件应答
 179   1      
 180   1          IIC_SendByte(addr);                     //发送数据的地址  
 181   1          IIC_WaitAck();                          //等待器件应答
 182   1      
 183   1          IIC_Start();                            //读写转换时，需重新启用IIC总线 
 184   1          IIC_SendByte(0xa1);                     //发送器件地址并使用读数据功能 
 185   1          IIC_WaitAck();                          //等待器件应答               
 186   1      
 187   1          while (num--)                           //控制读取多少个数据
 188   1          {
 189   2              *date++ = IIC_RecByte();            //读数据，并将指针指向下一个来接收下一个数据
 190   2              if(num != 0)                        //如果不是读取最后一个数据发送应答信号，否则发送非应答信号
 191   2              {
 192   3                  IIC_SendAck(0);                 //发送应答信号
 193   3              }
 194   2              else
 195   2              {
 196   3                  IIC_SendAck(1);                 //发送非应答信号
 197   3              }
 198   2          }   
 199   1          
 200   1          IIC_Stop();                             //停止使用IIC总线  
 201   1      }
 202          
 203          /**
 204           * @brief PCF8591_ADC初始化
 205           * 
 206           * @param channel：ADC转化通道
 207           *          @arg：0x00：通道0，未使用
 208           *          @arg：0x01：通道1，光敏电阻
 209           *          @arg：0x02：通道2，外接输入
 210           *          @arg：0x03：通道3，电位器
 211           * @return 无
 212           */
 213          void PCF8591_ADC_Init(unsigned char channel)
 214          {
 215   1          IIC_Start();                //启用IIC总线    
 216   1      
 217   1          IIC_SendByte(0x90);         //发送器件地址并使用写数据功能    
 218   1          IIC_WaitAck();              //等待器件应答 
 219   1      
 220   1          IIC_SendByte(channel);      //发送转换通道
 221   1          IIC_WaitAck();              //等待器件应答 
 222   1      
 223   1          IIC_Stop();                 //停止使用IIC总线 
 224   1      }
 225          
 226          /**
 227           * @brief 获取PCF8591_ADC的转换结果
 228           * @note 参考电压5V，8位数据
 229           * @param 无
 230           * @return 返回转换结果
 231           */
 232          unsigned char PCF8591_ADC_Get()
 233          {
 234   1          unsigned char date = 0;
 235   1      
 236   1          IIC_Start();              //启用IIC总线  
 237   1      
 238   1          IIC_SendByte(0x91);       //发送器件地址并使用读数据功能
 239   1          IIC_WaitAck();            //等待器件应答
C51 COMPILER V9.60.0.0   IIC                                                               01/11/2023 10:50:58 PAGE 5   

 240   1      
 241   1          date = IIC_RecByte();     //接收转换好的数据
 242   1          IIC_SendAck(1);           //发送非应答信号     
 243   1      
 244   1          IIC_Stop();               //停止使用IIC总线 
 245   1      
 246   1          return date;              //返回转换结果
 247   1      }
C51 COMPILER V9.60.0.0   IIC                                                               01/11/2023 10:50:58 PAGE 6   

ASSEMBLY LISTING OF GENERATED OBJECT CODE


             ; FUNCTION Delay5ms (BEGIN)
                                           ; SOURCE LINE # 10
                                           ; SOURCE LINE # 11
                                           ; SOURCE LINE # 14
;---- Variable 'i' assigned to Register 'R7' ----
0000 7F36              MOV     R7,#036H
                                           ; SOURCE LINE # 15
;---- Variable 'j' assigned to Register 'R6' ----
0002 7EC7              MOV     R6,#0C7H
                                           ; SOURCE LINE # 17
0004         ?C0004:
                                           ; SOURCE LINE # 18
0004 DEFE              DJNZ    R6,?C0004
                                           ; SOURCE LINE # 19
0006 DFFC              DJNZ    R7,?C0004
                                           ; SOURCE LINE # 20
0008 22                RET     
             ; FUNCTION Delay5ms (END)

             ; FUNCTION L?0039 (BEGIN)
0000         L?0040:
0000 D2A0              SETB    SCL
0002 7F05              MOV     R7,#05H
             ; FUNCTION _IIC_Delay (BEGIN)
                                           ; SOURCE LINE # 23
;---- Variable 'i' assigned to Register 'R7' ----
                                           ; SOURCE LINE # 24
0004         ?C0009:
                                           ; SOURCE LINE # 25
0004 00                NOP     
                                           ; SOURCE LINE # 26
0005 AE07              MOV     R6,AR7
0007 1F                DEC     R7
0008 EE                MOV     A,R6
0009 70F9              JNZ     ?C0009
                                           ; SOURCE LINE # 27
000B 22                RET     
             ; FUNCTION _IIC_Delay (END)

             ; FUNCTION IIC_Start (BEGIN)
                                           ; SOURCE LINE # 30
                                           ; SOURCE LINE # 31
                                           ; SOURCE LINE # 32
0000 D2A1              SETB    SDA
                                           ; SOURCE LINE # 33
                                           ; SOURCE LINE # 34
0002 120000      R     LCALL   L?0039
                                           ; SOURCE LINE # 35
0005 C2A1              CLR     SDA
                                           ; SOURCE LINE # 36
0007 7F05              MOV     R7,#05H
0009 120000      R     LCALL   _IIC_Delay
                                           ; SOURCE LINE # 37
000C C2A0              CLR     SCL
                                           ; SOURCE LINE # 38
000E 22                RET     
             ; FUNCTION IIC_Start (END)

             ; FUNCTION IIC_Stop (BEGIN)
C51 COMPILER V9.60.0.0   IIC                                                               01/11/2023 10:50:58 PAGE 7   

                                           ; SOURCE LINE # 41
                                           ; SOURCE LINE # 42
                                           ; SOURCE LINE # 43
0000 C2A1              CLR     SDA
                                           ; SOURCE LINE # 44
                                           ; SOURCE LINE # 45
0002 120000      R     LCALL   L?0039
                                           ; SOURCE LINE # 46
0005 D2A1              SETB    SDA
                                           ; SOURCE LINE # 47
0007 7F05              MOV     R7,#05H
0009 020000      R     LJMP    _IIC_Delay
             ; FUNCTION IIC_Stop (END)

             ; FUNCTION L?0041 (BEGIN)
0000 120000      R     LCALL   IIC_RecByte
0003 AD07              MOV     R5,AR7
0005 D200        R     SETB    ?IIC_SendAck?BIT
             ; FUNCTION IIC_SendAck (BEGIN)
                                           ; SOURCE LINE # 51
                                           ; SOURCE LINE # 52
                                           ; SOURCE LINE # 53
0007 C2A0              CLR     SCL
                                           ; SOURCE LINE # 54
0009 A200        R     MOV     C,ackbit
000B 92A1              MOV     SDA,C
                                           ; SOURCE LINE # 55
000D 7F05              MOV     R7,#05H
000F 120000      R     LCALL   _IIC_Delay
                                           ; SOURCE LINE # 56
                                           ; SOURCE LINE # 57
0012 120000      R     LCALL   L?0040
                                           ; SOURCE LINE # 58
0015 C2A0              CLR     SCL
                                           ; SOURCE LINE # 59
0017 D2A1              SETB    SDA
                                           ; SOURCE LINE # 60
0019 7F05              MOV     R7,#05H
001B 020000      R     LJMP    _IIC_Delay
             ; FUNCTION IIC_SendAck (END)

             ; FUNCTION L?0037 (BEGIN)
0000         L?0038:
0000 120000      R     LCALL   IIC_Start
0003 7FA0              MOV     R7,#0A0H
0005 120000      R     LCALL   _IIC_SendByte
             ; FUNCTION IIC_WaitAck (BEGIN)
                                           ; SOURCE LINE # 64
                                           ; SOURCE LINE # 65
                                           ; SOURCE LINE # 68
                                           ; SOURCE LINE # 69
0008 120000      R     LCALL   L?0040
                                           ; SOURCE LINE # 70
000B A2A1              MOV     C,SDA
000D 9200        R     MOV     ackbit,C
                                           ; SOURCE LINE # 71
000F C2A0              CLR     SCL
                                           ; SOURCE LINE # 72
0011 7F05              MOV     R7,#05H
0013 120000      R     LCALL   _IIC_Delay
                                           ; SOURCE LINE # 73
0016 A200        R     MOV     C,ackbit
C51 COMPILER V9.60.0.0   IIC                                                               01/11/2023 10:50:58 PAGE 8   

                                           ; SOURCE LINE # 74
0018 22                RET     
             ; FUNCTION IIC_WaitAck (END)

             ; FUNCTION _IIC_SendByte (BEGIN)
                                           ; SOURCE LINE # 77
;---- Variable 'byt' assigned to Register 'R5' ----
0000 AD07              MOV     R5,AR7
                                           ; SOURCE LINE # 78
                                           ; SOURCE LINE # 81
;---- Variable 'i' assigned to Register 'R4' ----
0002 E4                CLR     A
0003 FC                MOV     R4,A
0004         ?C0015:
0004 EC                MOV     A,R4
0005 C3                CLR     C
0006 9408              SUBB    A,#08H
0008 7480              MOV     A,#080H
000A 9480              SUBB    A,#080H
000C 5024              JNC     ?C0016
                                           ; SOURCE LINE # 82
                                           ; SOURCE LINE # 83
000E C2A0              CLR     SCL
                                           ; SOURCE LINE # 84
0010 7F05              MOV     R7,#05H
0012 120000      R     LCALL   _IIC_Delay
                                           ; SOURCE LINE # 85
0015 ED                MOV     A,R5
0016 30E704            JNB     ACC.7,?C0018
0019 D2A1              SETB    SDA
001B 8002              SJMP    ?C0019
001D         ?C0018:
                                           ; SOURCE LINE # 86
001D C2A1              CLR     SDA
001F         ?C0019:
                                           ; SOURCE LINE # 87
001F 7F05              MOV     R7,#05H
0021 120000      R     LCALL   _IIC_Delay
                                           ; SOURCE LINE # 88
0024 D2A0              SETB    SCL
                                           ; SOURCE LINE # 89
0026 ED                MOV     A,R5
0027 25E0              ADD     A,ACC
0029 FD                MOV     R5,A
                                           ; SOURCE LINE # 90
002A 7F05              MOV     R7,#05H
002C 120000      R     LCALL   _IIC_Delay
                                           ; SOURCE LINE # 91
002F 0C                INC     R4
0030 80D2              SJMP    ?C0015
0032         ?C0016:
                                           ; SOURCE LINE # 92
0032 C2A0              CLR     SCL
                                           ; SOURCE LINE # 93
0034 22                RET     
             ; FUNCTION _IIC_SendByte (END)

             ; FUNCTION IIC_RecByte (BEGIN)
                                           ; SOURCE LINE # 96
;---- Variable 'da' assigned to Register 'R5' ----
                                           ; SOURCE LINE # 97
                                           ; SOURCE LINE # 99
C51 COMPILER V9.60.0.0   IIC                                                               01/11/2023 10:50:58 PAGE 9   

;---- Variable 'i' assigned to Register 'R4' ----
0000 E4                CLR     A
0001 FC                MOV     R4,A
0002         ?C0021:
0002 EC                MOV     A,R4
0003 C3                CLR     C
0004 9408              SUBB    A,#08H
0006 7480              MOV     A,#080H
0008 9480              SUBB    A,#080H
000A 5017              JNC     ?C0022
                                           ; SOURCE LINE # 100
                                           ; SOURCE LINE # 101
                                           ; SOURCE LINE # 102
000C 120000      R     LCALL   L?0040
                                           ; SOURCE LINE # 103
000F ED                MOV     A,R5
0010 25E0              ADD     A,ACC
0012 FD                MOV     R5,A
                                           ; SOURCE LINE # 104
0013 30A103            JNB     SDA,?C0024
0016 430501            ORL     AR5,#01H
0019         ?C0024:
                                           ; SOURCE LINE # 105
0019 C2A0              CLR     SCL
                                           ; SOURCE LINE # 106
001B 7F05              MOV     R7,#05H
001D 120000      R     LCALL   _IIC_Delay
                                           ; SOURCE LINE # 107
0020 0C                INC     R4
0021 80DF              SJMP    ?C0021
0023         ?C0022:
                                           ; SOURCE LINE # 108
0023 AF05              MOV     R7,AR5
                                           ; SOURCE LINE # 109
0025 22                RET     
             ; FUNCTION IIC_RecByte (END)

             ; FUNCTION _EEPROM_Write (BEGIN)
                                           ; SOURCE LINE # 118
;---- Variable 'date' assigned to Register 'R3' ----
0000 AB05              MOV     R3,AR5
;---- Variable 'addr' assigned to Register 'R2' ----
0002 AA07              MOV     R2,AR7
                                           ; SOURCE LINE # 119
                                           ; SOURCE LINE # 120
                                           ; SOURCE LINE # 122
                                           ; SOURCE LINE # 123
0004 120000      R     LCALL   L?0037
                                           ; SOURCE LINE # 125
0007 AF02              MOV     R7,AR2
0009 120000      R     LCALL   _IIC_SendByte
                                           ; SOURCE LINE # 126
000C 120000      R     LCALL   IIC_WaitAck
                                           ; SOURCE LINE # 128
000F AF03              MOV     R7,AR3
0011 120000      R     LCALL   _IIC_SendByte
                                           ; SOURCE LINE # 129
0014 120000      R     LCALL   IIC_WaitAck
                                           ; SOURCE LINE # 131
0017 120000      R     LCALL   IIC_Stop
                                           ; SOURCE LINE # 132
001A 020000      R     LJMP    Delay5ms
C51 COMPILER V9.60.0.0   IIC                                                               01/11/2023 10:50:58 PAGE 10  

             ; FUNCTION _EEPROM_Write (END)

             ; FUNCTION _EEPROM_Read (BEGIN)
                                           ; SOURCE LINE # 141
;---- Variable 'addr' assigned to Register 'R3' ----
0000 AB07              MOV     R3,AR7
                                           ; SOURCE LINE # 142
                                           ; SOURCE LINE # 143
;---- Variable 'date' assigned to Register 'R5' ----
0002 E4                CLR     A
0003 FD                MOV     R5,A
                                           ; SOURCE LINE # 145
                                           ; SOURCE LINE # 147
                                           ; SOURCE LINE # 148
0004 120000      R     LCALL   L?0037
                                           ; SOURCE LINE # 150
0007 AF03              MOV     R7,AR3
0009 120000      R     LCALL   _IIC_SendByte
                                           ; SOURCE LINE # 151
000C 120000      R     LCALL   IIC_WaitAck
                                           ; SOURCE LINE # 153
000F 120000      R     LCALL   IIC_Start
                                           ; SOURCE LINE # 154
0012 7FA1              MOV     R7,#0A1H
0014 120000      R     LCALL   _IIC_SendByte
                                           ; SOURCE LINE # 155
0017 120000      R     LCALL   IIC_WaitAck
                                           ; SOURCE LINE # 157
                                           ; SOURCE LINE # 158
001A 120000      R     LCALL   L?0041
                                           ; SOURCE LINE # 160
001D 120000      R     LCALL   IIC_Stop
                                           ; SOURCE LINE # 162
0020 AF05              MOV     R7,AR5
                                           ; SOURCE LINE # 163
0022 22                RET     
             ; FUNCTION _EEPROM_Read (END)

             ; FUNCTION _EEPROM_ContinuousRead (BEGIN)
                                           ; SOURCE LINE # 173
0000 8F00        R     MOV     addr,R7
0002 8B00        R     MOV     date,R3
0004 8A00        R     MOV     date+01H,R2
0006 8900        R     MOV     date+02H,R1
                                           ; SOURCE LINE # 174
                                           ; SOURCE LINE # 175
                                           ; SOURCE LINE # 177
                                           ; SOURCE LINE # 178
0008 120000      R     LCALL   L?0038
                                           ; SOURCE LINE # 180
000B AF00        R     MOV     R7,addr
000D 120000      R     LCALL   _IIC_SendByte
                                           ; SOURCE LINE # 181
0010 120000      R     LCALL   IIC_WaitAck
                                           ; SOURCE LINE # 183
0013 120000      R     LCALL   IIC_Start
                                           ; SOURCE LINE # 184
0016 7FA1              MOV     R7,#0A1H
0018 120000      R     LCALL   _IIC_SendByte
                                           ; SOURCE LINE # 185
001B 120000      R     LCALL   IIC_WaitAck
001E         ?C0028:
C51 COMPILER V9.60.0.0   IIC                                                               01/11/2023 10:50:58 PAGE 11  

                                           ; SOURCE LINE # 187
001E AF00        R     MOV     R7,num
0020 1500        R     DEC     num
0022 EF                MOV     A,R7
0023 6024              JZ      ?C0029
                                           ; SOURCE LINE # 188
                                           ; SOURCE LINE # 189
0025 120000      R     LCALL   IIC_RecByte
0028 AB00        R     MOV     R3,date
002A 0500        R     INC     date+02H
002C E500        R     MOV     A,date+02H
002E AA00        R     MOV     R2,date+01H
0030 7002              JNZ     ?C0035
0032 0500        R     INC     date+01H
0034         ?C0035:
0034 14                DEC     A
0035 F9                MOV     R1,A
0036 EF                MOV     A,R7
0037 120000      E     LCALL   ?C?CSTPTR
                                           ; SOURCE LINE # 190
003A E500        R     MOV     A,num
003C 6004              JZ      ?C0030
                                           ; SOURCE LINE # 191
                                           ; SOURCE LINE # 192
003E C200        R     CLR     ?IIC_SendAck?BIT
                                           ; SOURCE LINE # 193
0040 8002              SJMP    ?C0036
0042         ?C0030:
                                           ; SOURCE LINE # 195
                                           ; SOURCE LINE # 196
0042 D200        R     SETB    ?IIC_SendAck?BIT
0044         ?C0036:
0044 120000      R     LCALL   IIC_SendAck
                                           ; SOURCE LINE # 197
                                           ; SOURCE LINE # 198
0047 80D5              SJMP    ?C0028
0049         ?C0029:
                                           ; SOURCE LINE # 200
0049 020000      R     LJMP    IIC_Stop
             ; FUNCTION _EEPROM_ContinuousRead (END)

             ; FUNCTION _PCF8591_ADC_Init (BEGIN)
                                           ; SOURCE LINE # 213
;---- Variable 'channel' assigned to Register 'R3' ----
0000 AB07              MOV     R3,AR7
                                           ; SOURCE LINE # 214
                                           ; SOURCE LINE # 215
0002 120000      R     LCALL   IIC_Start
                                           ; SOURCE LINE # 217
0005 7F90              MOV     R7,#090H
0007 120000      R     LCALL   _IIC_SendByte
                                           ; SOURCE LINE # 218
000A 120000      R     LCALL   IIC_WaitAck
                                           ; SOURCE LINE # 220
000D AF03              MOV     R7,AR3
000F 120000      R     LCALL   _IIC_SendByte
                                           ; SOURCE LINE # 221
0012 120000      R     LCALL   IIC_WaitAck
                                           ; SOURCE LINE # 223
0015 020000      R     LJMP    IIC_Stop
             ; FUNCTION _PCF8591_ADC_Init (END)

C51 COMPILER V9.60.0.0   IIC                                                               01/11/2023 10:50:58 PAGE 12  

             ; FUNCTION PCF8591_ADC_Get (BEGIN)
                                           ; SOURCE LINE # 232
                                           ; SOURCE LINE # 233
                                           ; SOURCE LINE # 234
;---- Variable 'date' assigned to Register 'R5' ----
0000 E4                CLR     A
0001 FD                MOV     R5,A
                                           ; SOURCE LINE # 236
0002 120000      R     LCALL   IIC_Start
                                           ; SOURCE LINE # 238
0005 7F91              MOV     R7,#091H
0007 120000      R     LCALL   _IIC_SendByte
                                           ; SOURCE LINE # 239
000A 120000      R     LCALL   IIC_WaitAck
                                           ; SOURCE LINE # 241
                                           ; SOURCE LINE # 242
000D 120000      R     LCALL   L?0041
                                           ; SOURCE LINE # 244
0010 120000      R     LCALL   IIC_Stop
                                           ; SOURCE LINE # 246
0013 AF05              MOV     R7,AR5
                                           ; SOURCE LINE # 247
0015 22                RET     
             ; FUNCTION PCF8591_ADC_Get (END)

C51 COMPILER V9.60.0.0   IIC                                                               01/11/2023 10:50:58 PAGE 13  

NAME                                    CLASS   MSPACE  TYPE    OFFSET  SIZE
====                                    =====   ======  ====    ======  ====


CCF2 . . . . . . . . . . . . . . . . .  ABSBIT   -----  BIT      00DAH  1
P1M0 . . . . . . . . . . . . . . . . .  SFR      DATA   U_CHAR   0092H  1
P0M1 . . . . . . . . . . . . . . . . .  SFR      DATA   U_CHAR   0093H  1
P2M0 . . . . . . . . . . . . . . . . .  SFR      DATA   U_CHAR   0096H  1
P1M1 . . . . . . . . . . . . . . . . .  SFR      DATA   U_CHAR   0091H  1
P0 . . . . . . . . . . . . . . . . . .  SFR      DATA   U_CHAR   0080H  1
P3M0 . . . . . . . . . . . . . . . . .  SFR      DATA   U_CHAR   00B2H  1
P2M1 . . . . . . . . . . . . . . . . .  SFR      DATA   U_CHAR   0095H  1
P1 . . . . . . . . . . . . . . . . . .  SFR      DATA   U_CHAR   0090H  1
P4M0 . . . . . . . . . . . . . . . . .  SFR      DATA   U_CHAR   00B4H  1
P3M1 . . . . . . . . . . . . . . . . .  SFR      DATA   U_CHAR   00B1H  1
P2 . . . . . . . . . . . . . . . . . .  SFR      DATA   U_CHAR   00A0H  1
WKTCH. . . . . . . . . . . . . . . . .  SFR      DATA   U_CHAR   00ABH  1
P5M0 . . . . . . . . . . . . . . . . .  SFR      DATA   U_CHAR   00CAH  1
P4M1 . . . . . . . . . . . . . . . . .  SFR      DATA   U_CHAR   00B3H  1
P3 . . . . . . . . . . . . . . . . . .  SFR      DATA   U_CHAR   00B0H  1
P6M0 . . . . . . . . . . . . . . . . .  SFR      DATA   U_CHAR   00CCH  1
P5M1 . . . . . . . . . . . . . . . . .  SFR      DATA   U_CHAR   00C9H  1
P4 . . . . . . . . . . . . . . . . . .  SFR      DATA   U_CHAR   00C0H  1
AC . . . . . . . . . . . . . . . . . .  ABSBIT   -----  BIT      00D6H  1
PWMIF. . . . . . . . . . . . . . . . .  SFR      DATA   U_CHAR   00F6H  1
P7M0 . . . . . . . . . . . . . . . . .  SFR      DATA   U_CHAR   00E2H  1
P6M1 . . . . . . . . . . . . . . . . .  SFR      DATA   U_CHAR   00CBH  1
P5 . . . . . . . . . . . . . . . . . .  SFR      DATA   U_CHAR   00C8H  1
EA . . . . . . . . . . . . . . . . . .  ABSBIT   -----  BIT      00AFH  1
P7M1 . . . . . . . . . . . . . . . . .  SFR      DATA   U_CHAR   00E1H  1
P6 . . . . . . . . . . . . . . . . . .  SFR      DATA   U_CHAR   00E8H  1
WKTCL. . . . . . . . . . . . . . . . .  SFR      DATA   U_CHAR   00AAH  1
P7 . . . . . . . . . . . . . . . . . .  SFR      DATA   U_CHAR   00F8H  1
SPCTL. . . . . . . . . . . . . . . . .  SFR      DATA   U_CHAR   00CEH  1
CF . . . . . . . . . . . . . . . . . .  ABSBIT   -----  BIT      00DFH  1
Delay5ms . . . . . . . . . . . . . . .  PUBLIC   CODE   PROC     0000H  -----
  i. . . . . . . . . . . . . . . . . .  * REG *  DATA   U_CHAR   0007H  1
  j. . . . . . . . . . . . . . . . . .  * REG *  DATA   U_CHAR   0006H  1
PWMCR. . . . . . . . . . . . . . . . .  SFR      DATA   U_CHAR   00F5H  1
CH . . . . . . . . . . . . . . . . . .  SFR      DATA   U_CHAR   00F9H  1
P_SW1. . . . . . . . . . . . . . . . .  SFR      DATA   U_CHAR   00A2H  1
P_SW2. . . . . . . . . . . . . . . . .  SFR      DATA   U_CHAR   00BAH  1
EADC . . . . . . . . . . . . . . . . .  ABSBIT   -----  BIT      00ADH  1
IE . . . . . . . . . . . . . . . . . .  SFR      DATA   U_CHAR   00A8H  1
CL . . . . . . . . . . . . . . . . . .  SFR      DATA   U_CHAR   00E9H  1
IAP_CMD. . . . . . . . . . . . . . . .  SFR      DATA   U_CHAR   00C5H  1
CCAP0H . . . . . . . . . . . . . . . .  SFR      DATA   U_CHAR   00FAH  1
CCAP1H . . . . . . . . . . . . . . . .  SFR      DATA   U_CHAR   00FBH  1
CCAP2H . . . . . . . . . . . . . . . .  SFR      DATA   U_CHAR   00FCH  1
ADC_RES. . . . . . . . . . . . . . . .  SFR      DATA   U_CHAR   00BDH  1
CCAP0L . . . . . . . . . . . . . . . .  SFR      DATA   U_CHAR   00EAH  1
CR . . . . . . . . . . . . . . . . . .  ABSBIT   -----  BIT      00DEH  1
PWMFDCR. . . . . . . . . . . . . . . .  SFR      DATA   U_CHAR   00F7H  1
CCAP1L . . . . . . . . . . . . . . . .  SFR      DATA   U_CHAR   00EBH  1
CCAPM0 . . . . . . . . . . . . . . . .  SFR      DATA   U_CHAR   00DAH  1
CCAP2L . . . . . . . . . . . . . . . .  SFR      DATA   U_CHAR   00ECH  1
CCAPM1 . . . . . . . . . . . . . . . .  SFR      DATA   U_CHAR   00DBH  1
CCAPM2 . . . . . . . . . . . . . . . .  SFR      DATA   U_CHAR   00DCH  1
ES . . . . . . . . . . . . . . . . . .  ABSBIT   -----  BIT      00ACH  1
PADC . . . . . . . . . . . . . . . . .  ABSBIT   -----  BIT      00BDH  1
IP . . . . . . . . . . . . . . . . . .  SFR      DATA   U_CHAR   00B8H  1
C51 COMPILER V9.60.0.0   IIC                                                               01/11/2023 10:50:58 PAGE 14  

NAME                                    CLASS   MSPACE  TYPE    OFFSET  SIZE
====                                    =====   ======  ====    ======  ====


RI . . . . . . . . . . . . . . . . . .  ABSBIT   -----  BIT      0098H  1
CY . . . . . . . . . . . . . . . . . .  ABSBIT   -----  BIT      00D7H  1
TI . . . . . . . . . . . . . . . . . .  ABSBIT   -----  BIT      0099H  1
CLK_DIV. . . . . . . . . . . . . . . .  SFR      DATA   U_CHAR   0097H  1
IAP_ADDRH. . . . . . . . . . . . . . .  SFR      DATA   U_CHAR   00C3H  1
PS . . . . . . . . . . . . . . . . . .  ABSBIT   -----  BIT      00BCH  1
SP . . . . . . . . . . . . . . . . . .  SFR      DATA   U_CHAR   0081H  1
CMOD . . . . . . . . . . . . . . . . .  SFR      DATA   U_CHAR   00D9H  1
CCON . . . . . . . . . . . . . . . . .  SFR      DATA   U_CHAR   00D8H  1
IAP_ADDRL. . . . . . . . . . . . . . .  SFR      DATA   U_CHAR   00C4H  1
PPCA . . . . . . . . . . . . . . . . .  ABSBIT   -----  BIT      00BFH  1
OV . . . . . . . . . . . . . . . . . .  ABSBIT   -----  BIT      00D2H  1
_IIC_Delay . . . . . . . . . . . . . .  PUBLIC   CODE   PROC     0004H  -----
  i. . . . . . . . . . . . . . . . . .  * REG *  DATA   U_CHAR   0007H  1
CMPCR1 . . . . . . . . . . . . . . . .  SFR      DATA   U_CHAR   00E6H  1
CMPCR2 . . . . . . . . . . . . . . . .  SFR      DATA   U_CHAR   00E7H  1
_EEPROM_Read . . . . . . . . . . . . .  PUBLIC   CODE   PROC     0000H  -----
  addr . . . . . . . . . . . . . . . .  * REG *  DATA   U_CHAR   0003H  1
  date . . . . . . . . . . . . . . . .  * REG *  DATA   U_CHAR   0005H  1
ELVD . . . . . . . . . . . . . . . . .  ABSBIT   -----  BIT      00AEH  1
P00. . . . . . . . . . . . . . . . . .  ABSBIT   -----  BIT      0080H  1
ADC_CONTR. . . . . . . . . . . . . . .  SFR      DATA   U_CHAR   00BCH  1
SBUF . . . . . . . . . . . . . . . . .  SFR      DATA   U_CHAR   0099H  1
PCON . . . . . . . . . . . . . . . . .  SFR      DATA   U_CHAR   0087H  1
P10. . . . . . . . . . . . . . . . . .  ABSBIT   -----  BIT      0090H  1
P01. . . . . . . . . . . . . . . . . .  ABSBIT   -----  BIT      0081H  1
P20. . . . . . . . . . . . . . . . . .  ABSBIT   -----  BIT      00A0H  1
P11. . . . . . . . . . . . . . . . . .  ABSBIT   -----  BIT      0091H  1
P02. . . . . . . . . . . . . . . . . .  ABSBIT   -----  BIT      0082H  1
P30. . . . . . . . . . . . . . . . . .  ABSBIT   -----  BIT      00B0H  1
P21. . . . . . . . . . . . . . . . . .  ABSBIT   -----  BIT      00A1H  1
P12. . . . . . . . . . . . . . . . . .  ABSBIT   -----  BIT      0092H  1
P03. . . . . . . . . . . . . . . . . .  ABSBIT   -----  BIT      0083H  1
SCON . . . . . . . . . . . . . . . . .  SFR      DATA   U_CHAR   0098H  1
P40. . . . . . . . . . . . . . . . . .  ABSBIT   -----  BIT      00C0H  1
P31. . . . . . . . . . . . . . . . . .  ABSBIT   -----  BIT      00B1H  1
P22. . . . . . . . . . . . . . . . . .  ABSBIT   -----  BIT      00A2H  1
P13. . . . . . . . . . . . . . . . . .  ABSBIT   -----  BIT      0093H  1
P04. . . . . . . . . . . . . . . . . .  ABSBIT   -----  BIT      0084H  1
TMOD . . . . . . . . . . . . . . . . .  SFR      DATA   U_CHAR   0089H  1
TCON . . . . . . . . . . . . . . . . .  SFR      DATA   U_CHAR   0088H  1
P50. . . . . . . . . . . . . . . . . .  ABSBIT   -----  BIT      00C8H  1
P41. . . . . . . . . . . . . . . . . .  ABSBIT   -----  BIT      00C1H  1
P32. . . . . . . . . . . . . . . . . .  ABSBIT   -----  BIT      00B2H  1
P23. . . . . . . . . . . . . . . . . .  ABSBIT   -----  BIT      00A3H  1
P14. . . . . . . . . . . . . . . . . .  ABSBIT   -----  BIT      0094H  1
P05. . . . . . . . . . . . . . . . . .  ABSBIT   -----  BIT      0085H  1
P60. . . . . . . . . . . . . . . . . .  ABSBIT   -----  BIT      00E8H  1
P51. . . . . . . . . . . . . . . . . .  ABSBIT   -----  BIT      00C9H  1
P42. . . . . . . . . . . . . . . . . .  ABSBIT   -----  BIT      00C2H  1
P33. . . . . . . . . . . . . . . . . .  ABSBIT   -----  BIT      00B3H  1
P24. . . . . . . . . . . . . . . . . .  ABSBIT   -----  BIT      00A4H  1
P15. . . . . . . . . . . . . . . . . .  ABSBIT   -----  BIT      0095H  1
P06. . . . . . . . . . . . . . . . . .  ABSBIT   -----  BIT      0086H  1
PLVD . . . . . . . . . . . . . . . . .  ABSBIT   -----  BIT      00BEH  1
P70. . . . . . . . . . . . . . . . . .  ABSBIT   -----  BIT      00F8H  1
P61. . . . . . . . . . . . . . . . . .  ABSBIT   -----  BIT      00E9H  1
C51 COMPILER V9.60.0.0   IIC                                                               01/11/2023 10:50:58 PAGE 15  

NAME                                    CLASS   MSPACE  TYPE    OFFSET  SIZE
====                                    =====   ======  ====    ======  ====


P52. . . . . . . . . . . . . . . . . .  ABSBIT   -----  BIT      00CAH  1
P43. . . . . . . . . . . . . . . . . .  ABSBIT   -----  BIT      00C3H  1
P34. . . . . . . . . . . . . . . . . .  ABSBIT   -----  BIT      00B4H  1
P25. . . . . . . . . . . . . . . . . .  ABSBIT   -----  BIT      00A5H  1
P16. . . . . . . . . . . . . . . . . .  ABSBIT   -----  BIT      0096H  1
P07. . . . . . . . . . . . . . . . . .  ABSBIT   -----  BIT      0087H  1
P71. . . . . . . . . . . . . . . . . .  ABSBIT   -----  BIT      00F9H  1
P62. . . . . . . . . . . . . . . . . .  ABSBIT   -----  BIT      00EAH  1
P53. . . . . . . . . . . . . . . . . .  ABSBIT   -----  BIT      00CBH  1
P44. . . . . . . . . . . . . . . . . .  ABSBIT   -----  BIT      00C4H  1
P35. . . . . . . . . . . . . . . . . .  ABSBIT   -----  BIT      00B5H  1
P26. . . . . . . . . . . . . . . . . .  ABSBIT   -----  BIT      00A6H  1
P17. . . . . . . . . . . . . . . . . .  ABSBIT   -----  BIT      0097H  1
P72. . . . . . . . . . . . . . . . . .  ABSBIT   -----  BIT      00FAH  1
P63. . . . . . . . . . . . . . . . . .  ABSBIT   -----  BIT      00EBH  1
P54. . . . . . . . . . . . . . . . . .  ABSBIT   -----  BIT      00CCH  1
P45. . . . . . . . . . . . . . . . . .  ABSBIT   -----  BIT      00C5H  1
P36. . . . . . . . . . . . . . . . . .  ABSBIT   -----  BIT      00B6H  1
P27. . . . . . . . . . . . . . . . . .  ABSBIT   -----  BIT      00A7H  1
_EEPROM_Write. . . . . . . . . . . . .  PUBLIC   CODE   PROC     0000H  -----
  addr . . . . . . . . . . . . . . . .  * REG *  DATA   U_CHAR   0002H  1
  date . . . . . . . . . . . . . . . .  * REG *  DATA   U_CHAR   0003H  1
P73. . . . . . . . . . . . . . . . . .  ABSBIT   -----  BIT      00FBH  1
P64. . . . . . . . . . . . . . . . . .  ABSBIT   -----  BIT      00ECH  1
P55. . . . . . . . . . . . . . . . . .  ABSBIT   -----  BIT      00CDH  1
P46. . . . . . . . . . . . . . . . . .  ABSBIT   -----  BIT      00C6H  1
P37. . . . . . . . . . . . . . . . . .  ABSBIT   -----  BIT      00B7H  1
P74. . . . . . . . . . . . . . . . . .  ABSBIT   -----  BIT      00FCH  1
P65. . . . . . . . . . . . . . . . . .  ABSBIT   -----  BIT      00EDH  1
P56. . . . . . . . . . . . . . . . . .  ABSBIT   -----  BIT      00CEH  1
P47. . . . . . . . . . . . . . . . . .  ABSBIT   -----  BIT      00C7H  1
P75. . . . . . . . . . . . . . . . . .  ABSBIT   -----  BIT      00FDH  1
P66. . . . . . . . . . . . . . . . . .  ABSBIT   -----  BIT      00EEH  1
P57. . . . . . . . . . . . . . . . . .  ABSBIT   -----  BIT      00CFH  1
P76. . . . . . . . . . . . . . . . . .  ABSBIT   -----  BIT      00FEH  1
P67. . . . . . . . . . . . . . . . . .  ABSBIT   -----  BIT      00EFH  1
IE0. . . . . . . . . . . . . . . . . .  ABSBIT   -----  BIT      0089H  1
BUS_SPEED. . . . . . . . . . . . . . .  SFR      DATA   U_CHAR   00A1H  1
P77. . . . . . . . . . . . . . . . . .  ABSBIT   -----  BIT      00FFH  1
IE1. . . . . . . . . . . . . . . . . .  ABSBIT   -----  BIT      008BH  1
IE2. . . . . . . . . . . . . . . . . .  SFR      DATA   U_CHAR   00AFH  1
AUXR . . . . . . . . . . . . . . . . .  SFR      DATA   U_CHAR   008EH  1
B. . . . . . . . . . . . . . . . . . .  SFR      DATA   U_CHAR   00F0H  1
IAP_CONTR. . . . . . . . . . . . . . .  SFR      DATA   U_CHAR   00C7H  1
PWMCFG . . . . . . . . . . . . . . . .  SFR      DATA   U_CHAR   00F1H  1
ACC. . . . . . . . . . . . . . . . . .  SFR      DATA   U_CHAR   00E0H  1
IIC_Start. . . . . . . . . . . . . . .  PUBLIC   CODE   PROC     0000H  -----
ET0. . . . . . . . . . . . . . . . . .  ABSBIT   -----  BIT      00A9H  1
TF0. . . . . . . . . . . . . . . . . .  ABSBIT   -----  BIT      008DH  1
ET1. . . . . . . . . . . . . . . . . .  ABSBIT   -----  BIT      00ABH  1
TF1. . . . . . . . . . . . . . . . . .  ABSBIT   -----  BIT      008FH  1
IP2. . . . . . . . . . . . . . . . . .  SFR      DATA   U_CHAR   00B5H  1
RB8. . . . . . . . . . . . . . . . . .  ABSBIT   -----  BIT      009AH  1
TH0. . . . . . . . . . . . . . . . . .  SFR      DATA   U_CHAR   008CH  1
TH1. . . . . . . . . . . . . . . . . .  SFR      DATA   U_CHAR   008DH  1
IT0. . . . . . . . . . . . . . . . . .  ABSBIT   -----  BIT      0088H  1
EX0. . . . . . . . . . . . . . . . . .  ABSBIT   -----  BIT      00A8H  1
C51 COMPILER V9.60.0.0   IIC                                                               01/11/2023 10:50:58 PAGE 16  

NAME                                    CLASS   MSPACE  TYPE    OFFSET  SIZE
====                                    =====   ======  ====    ======  ====


TB8. . . . . . . . . . . . . . . . . .  ABSBIT   -----  BIT      009BH  1
T2H. . . . . . . . . . . . . . . . . .  SFR      DATA   U_CHAR   00D6H  1
IT1. . . . . . . . . . . . . . . . . .  ABSBIT   -----  BIT      008AH  1
EX1. . . . . . . . . . . . . . . . . .  ABSBIT   -----  BIT      00AAH  1
T3H. . . . . . . . . . . . . . . . . .  SFR      DATA   U_CHAR   00D4H  1
P. . . . . . . . . . . . . . . . . . .  ABSBIT   -----  BIT      00D0H  1
SM0. . . . . . . . . . . . . . . . . .  ABSBIT   -----  BIT      009FH  1
T4H. . . . . . . . . . . . . . . . . .  SFR      DATA   U_CHAR   00D2H  1
TL0. . . . . . . . . . . . . . . . . .  SFR      DATA   U_CHAR   008AH  1
SM1. . . . . . . . . . . . . . . . . .  ABSBIT   -----  BIT      009EH  1
TL1. . . . . . . . . . . . . . . . . .  SFR      DATA   U_CHAR   008BH  1
SM2. . . . . . . . . . . . . . . . . .  ABSBIT   -----  BIT      009DH  1
T2L. . . . . . . . . . . . . . . . . .  SFR      DATA   U_CHAR   00D7H  1
_PCF8591_ADC_Init. . . . . . . . . . .  PUBLIC   CODE   PROC     0000H  -----
  channel. . . . . . . . . . . . . . .  * REG *  DATA   U_CHAR   0003H  1
T3L. . . . . . . . . . . . . . . . . .  SFR      DATA   U_CHAR   00D5H  1
IIC_SendAck. . . . . . . . . . . . . .  PUBLIC   CODE   PROC     0007H  -----
  ackbit . . . . . . . . . . . . . . .  AUTO     DATA   BIT      0000H  1
T4L. . . . . . . . . . . . . . . . . .  SFR      DATA   U_CHAR   00D3H  1
PT0. . . . . . . . . . . . . . . . . .  ABSBIT   -----  BIT      00B9H  1
PT1. . . . . . . . . . . . . . . . . .  ABSBIT   -----  BIT      00BBH  1
RS0. . . . . . . . . . . . . . . . . .  ABSBIT   -----  BIT      00D3H  1
IAP_DATA . . . . . . . . . . . . . . .  SFR      DATA   U_CHAR   00C2H  1
TR0. . . . . . . . . . . . . . . . . .  ABSBIT   -----  BIT      008CH  1
RS1. . . . . . . . . . . . . . . . . .  ABSBIT   -----  BIT      00D4H  1
TR1. . . . . . . . . . . . . . . . . .  ABSBIT   -----  BIT      008EH  1
SDA. . . . . . . . . . . . . . . . . .  ABSBIT   -----  BIT      00A1H  1
WDT_CONTR. . . . . . . . . . . . . . .  SFR      DATA   U_CHAR   00C1H  1
PX0. . . . . . . . . . . . . . . . . .  ABSBIT   -----  BIT      00B8H  1
PX1. . . . . . . . . . . . . . . . . .  ABSBIT   -----  BIT      00BAH  1
_IIC_SendByte. . . . . . . . . . . . .  PUBLIC   CODE   PROC     0000H  -----
  byt. . . . . . . . . . . . . . . . .  * REG *  DATA   U_CHAR   0005H  1
  i. . . . . . . . . . . . . . . . . .  * REG *  DATA   U_CHAR   0004H  1
PCA_PWM0 . . . . . . . . . . . . . . .  SFR      DATA   U_CHAR   00F2H  1
PCA_PWM1 . . . . . . . . . . . . . . .  SFR      DATA   U_CHAR   00F3H  1
PCA_PWM2 . . . . . . . . . . . . . . .  SFR      DATA   U_CHAR   00F4H  1
P1ASF. . . . . . . . . . . . . . . . .  SFR      DATA   U_CHAR   009DH  1
DPH. . . . . . . . . . . . . . . . . .  SFR      DATA   U_CHAR   0083H  1
T3T4M. . . . . . . . . . . . . . . . .  SFR      DATA   U_CHAR   00D1H  1
T4T3M. . . . . . . . . . . . . . . . .  SFR      DATA   U_CHAR   00D1H  1
PCF8591_ADC_Get. . . . . . . . . . . .  PUBLIC   CODE   PROC     0000H  -----
  date . . . . . . . . . . . . . . . .  * REG *  DATA   U_CHAR   0005H  1
IIC_WaitAck. . . . . . . . . . . . . .  PUBLIC   CODE   PROC     0008H  -----
  ackbit . . . . . . . . . . . . . . .  AUTO     DATA   BIT      0000H  1
IIC_Stop . . . . . . . . . . . . . . .  PUBLIC   CODE   PROC     0000H  -----
ADC_RESL . . . . . . . . . . . . . . .  SFR      DATA   U_CHAR   00BEH  1
DPL. . . . . . . . . . . . . . . . . .  SFR      DATA   U_CHAR   0082H  1
SPSTAT . . . . . . . . . . . . . . . .  SFR      DATA   U_CHAR   00CDH  1
SCL. . . . . . . . . . . . . . . . . .  ABSBIT   -----  BIT      00A0H  1
S2BUF. . . . . . . . . . . . . . . . .  SFR      DATA   U_CHAR   009BH  1
S3BUF. . . . . . . . . . . . . . . . .  SFR      DATA   U_CHAR   00ADH  1
S4BUF. . . . . . . . . . . . . . . . .  SFR      DATA   U_CHAR   0085H  1
REN. . . . . . . . . . . . . . . . . .  ABSBIT   -----  BIT      009CH  1
S2CON. . . . . . . . . . . . . . . . .  SFR      DATA   U_CHAR   009AH  1
S3CON. . . . . . . . . . . . . . . . .  SFR      DATA   U_CHAR   00ACH  1
S4CON. . . . . . . . . . . . . . . . .  SFR      DATA   U_CHAR   0084H  1
_EEPROM_ContinuousRead . . . . . . . .  PUBLIC   CODE   PROC     0000H  -----
C51 COMPILER V9.60.0.0   IIC                                                               01/11/2023 10:50:58 PAGE 17  

NAME                                    CLASS   MSPACE  TYPE    OFFSET  SIZE
====                                    =====   ======  ====    ======  ====


  addr . . . . . . . . . . . . . . . .  AUTO     DATA   U_CHAR   0000H  1
  date . . . . . . . . . . . . . . . .  AUTO     DATA   PTR      0001H  3
  num. . . . . . . . . . . . . . . . .  AUTO     DATA   U_CHAR   0004H  1
IIC_RecByte. . . . . . . . . . . . . .  PUBLIC   CODE   PROC     0000H  -----
  i. . . . . . . . . . . . . . . . . .  * REG *  DATA   U_CHAR   0004H  1
  da . . . . . . . . . . . . . . . . .  * REG *  DATA   U_CHAR   0005H  1
SADEN. . . . . . . . . . . . . . . . .  SFR      DATA   U_CHAR   00B9H  1
SADDR. . . . . . . . . . . . . . . . .  SFR      DATA   U_CHAR   00A9H  1
IAP_TRIG . . . . . . . . . . . . . . .  SFR      DATA   U_CHAR   00C6H  1
AUXR1. . . . . . . . . . . . . . . . .  SFR      DATA   U_CHAR   00A2H  1
F0 . . . . . . . . . . . . . . . . . .  ABSBIT   -----  BIT      00D5H  1
INT_CLKO . . . . . . . . . . . . . . .  SFR      DATA   U_CHAR   008FH  1
F1 . . . . . . . . . . . . . . . . . .  ABSBIT   -----  BIT      00D1H  1
PSW. . . . . . . . . . . . . . . . . .  SFR      DATA   U_CHAR   00D0H  1
CCF0 . . . . . . . . . . . . . . . . .  ABSBIT   -----  BIT      00D8H  1
CCF1 . . . . . . . . . . . . . . . . .  ABSBIT   -----  BIT      00D9H  1
SPDAT. . . . . . . . . . . . . . . . .  SFR      DATA   U_CHAR   00CFH  1
P0M0 . . . . . . . . . . . . . . . . .  SFR      DATA   U_CHAR   0094H  1


MODULE INFORMATION:   STATIC OVERLAYABLE
   CODE SIZE        =    380    ----
   CONSTANT SIZE    =   ----    ----
   XDATA SIZE       =   ----    ----
   PDATA SIZE       =   ----    ----
   DATA SIZE        =   ----       5
   IDATA SIZE       =   ----    ----
   BIT SIZE         =   ----       2
   EDATA SIZE       =   ----    ----
   HDATA SIZE       =   ----    ----
   XDATA CONST SIZE =   ----    ----
   FAR CONST SIZE   =   ----    ----
END OF MODULE INFORMATION.


C51 COMPILATION COMPLETE.  0 WARNING(S),  0 ERROR(S)
