C51 COMPILER V9.60.0.0   MAIN                                                              01/11/2023 10:50:58 PAGE 1   


C51 COMPILER V9.60.0.0, COMPILATION OF MODULE MAIN
OBJECT MODULE PLACED IN .\build\Target 1\__\__\scr\main.o
COMPILER INVOKED BY: D:\Keil_v5\C51\BIN\C51.exe .\..\..\SCR\MAIN.C OMF2 TABS(4) CODE NOCOND SYMBOLS PRINT(.\build\Target
                    - 1\__\__\scr\main.lst) INCDIR(D:/Keil_v5/C51/INC/STC;D:/Keil_v5/C51/INC) DEFINE(__UVISION_VERSION=526) OPTIMIZE(8,SPEED)
                    - SMALL ROM(LARGE) OBJECT(.\build\Target 1\__\__\scr\main.o)

line level    source

   1          #include <STC15F2K60S2.H>
   2          #include <intrins.h>
   3          #include "iic.h"
   4          #include "function.h"
   5          
   6          u8 counter = 0;                                     //ĽĆĘ±ÓĂ
   7          u8 now_time = 0;                                    //ÉúłÉ100msµÄĘ±Ľä
   8          
   9          void Timer0_IT() interrupt 1                        //Timer0ÖĐ¶Ď
  10          {
  11   1          counter++;                                      
  12   1          if(counter >= 2)                                //Ăż´óÓÚµČÓÚ2şóŁ¬˝«counterÖĂ0Ł¬ÉúłÉ100msµÄĘ±Ľä
  13   1          {
  14   2              counter = 0;
  15   2              now_time++;                                 //now_timeĂż´ÎĽÓŇ»´ú±íĘ±ĽäĽÓ100ms
  16   2          }
  17   1      }
  18          
  19          void main()
  20          {
  21   1          u8 mode = Display_Mode;                         //ÄŁĘ˝żŘÖĆ±äÁż
  22   1          u8 key = No_Press;                              //°´Ľü˝ÓĘŐ±äÁż
  23   1          u8 state = Stop_State;                          //×´Ě¬żŘÖĆ±äÁż 
  24   1          u8 time[5] = {4, 4, 4, 4, 4};                   //łőĘĽ»ŻĘ±ĽäÎŞ4
  25   1          u8 time_flag = 1;                               //Ę±ĽäżŘÖĆ±äÁż
  26   1          u8 led_flag = 1;                                //LEDżŘÖĆ±ęÖľÎ»±äÁż
  27   1          float adc = 0.0;                                //˝ÓĘŐADCµÄÖµ
  28   1          u8 level = 1;                                   //˝ÓĘŐąâÇżµÄÁÁ¶Č
  29   1      
  30   1          Relay_Buzz_Ctrl(0);                             //łőĘĽ»ŻŁ¬ĽĚµçĆ÷şÍ·äĂůĆ÷ąŘ±Ő
  31   1          Led_Ctrl(0);                                    //łőĘĽ»ŻŁ¬LEDąŘ±Ő
  32   1          PCF8591_ADC_Init(0x03);                         //łőĘĽ»ŻŁ¬˛ÉĽŻµçÎ»Ć÷µÄµçŃąÖµ
  33   1          Timer0Init();                                   //łőĘĽ»ŻTimer0
  34   1          EA = 1;                                         //´ňżŞČ«ľÖÖĐ¶Ď
  35   1          ET0 = 0;                                        //Timer0ÖĐ¶ĎĎČ˛»´ňżŞ
  36   1      
  37   1          if(EEPROM_Read(0) != 100)                       //ĹĐ¶ĎĘÇ·ńĘÇµÚŇ»´ÎÉĎµç
  38   1          {
  39   2              EEPROM_Write(0, 100);                       //ĘÇÍů0µŘÖ·Đ´100ŇÔĽ°1Ł¬2Ł¬3Ł¬4µÚµŘÖ·´ćłőĘĽ»ŻĘ±Ľä
  40   2              EEPROM_Write(1, 4);
  41   2              EEPROM_Write(2, 4);
  42   2              EEPROM_Write(3, 4);
  43   2              EEPROM_Write(4, 4);
  44   2          }
  45   1          else                                            //˛»ĘÇµÚŇ»´ÎÉĎµçŁ¬´ÓEEPROMÖĐ¶ÁČˇĘýľÝ
  46   1          {
  47   2              time[1] = EEPROM_Read(1);
  48   2              time[2] = EEPROM_Read(2);
  49   2              time[3] = EEPROM_Read(3);
  50   2              time[4] = EEPROM_Read(4);
  51   2          }
  52   1      
  53   1          while(1)
C51 COMPILER V9.60.0.0   MAIN                                                              01/11/2023 10:50:58 PAGE 2   

  54   1          {
  55   2              key = Key_Val();                            //ĘµĘ±˝ÓĘŐ°´Ľü·µ»ŘÖµ
  56   2              adc = (float)PCF8591_ADC_Get() * 5 / 255;   //ĘµĘ±˝ÓĘŐADC˛ÉĽŻÍ¨µŔµÄ·µ»ŘÖµ
  57   2      
  58   2              if(adc < 1.25)                              //Čçąűadc < 1.25Ł¬ÁÁ¶ČµČĽ¶¸łÎŞ1
  59   2              {
  60   3                  level = 1;
  61   3              }
  62   2              else if(1.25 <= adc && adc < 2.5)           
  63   2              {
  64   3                  level = 2;
  65   3              }
  66   2              else if(2.5 <= adc && adc <= 3.75)
  67   2              {
  68   3                  level = 3;
  69   3              }
  70   2              else                    
  71   2              {
  72   3                  level = 4;
  73   3              }
  74   2      
  75   2              switch (mode)                               
  76   2              {
  77   3              case Display_Mode:                          //ĎÔĘľÄŁĘ˝ĎÂ
  78   3      
  79   3                  if(key == s6)                           //°´ĎÂs6˝řČëÉčÖĂÔËĐĐ±ŕşĹÄŁĘ˝
  80   3                  {
  81   4                      mode = Set_Pattern_Mode;
  82   4                      state = Stop_State;                 //ÉčÖĂĘ±Ł¬LED×´Ě¬ÉčÖĂÎŞÍŁÖą
  83   4                      ET0 = 0;                            //ąŘ±Ő¶¨Ę±Ć÷0ÖĐ¶Ď
  84   4                      Led_Ctrl(0);                        //ąŘ±ŐLED
  85   4                      time_flag = 1;                      //ÖŘĐÂłőĘĽ»ŻÎŞ1
  86   4                      led_flag = 1;                       //ÖŘĐÂłőĘĽ»ŻÎŞ1
  87   4                      break;                              //ÇĐ»»ÄŁĘ˝
  88   4                  }
  89   3                  else if(Key_Scan() == s4)               //Ň»Ö±°´ĎÂs4Ł¬ĎÔĘľÁÁ¶ČµČĽ¶
  90   3                  {
  91   4                      Level_Display(level);
  92   4                  }
  93   3                  else if(key == s7)                      //s7°´ĎÂŁ¬LEDżŞÓëąŘ
  94   3                  {
  95   4                      state = !state;                     //×´Ě¬Čˇ·´
  96   4                      if(state != Stop_State)             //Čô×´Ě¬˛»µČÓÚÍŁÖą×´Ě¬
  97   4                      {
  98   5                          Timer0Init();                   //ÖŘĐÂłőĘĽ»ŻTimer0
  99   5                          ET0 = 1;                        //´ňżŞ¶¨Ę±Ć÷0ÖĐ¶ĎŁ¬LEDżŞĘĽą¤×÷
 100   5                      }
 101   4                      else                                //·ńÔňLEDÍŁÖąą¤×÷Ł¬ąŘ±Ő
 102   4                      {
 103   5                          ET0 = 0;
 104   5                          Led_Ctrl(0);
 105   5                      }
 106   4                  }
 107   3      
 108   3                  switch(state)                           //żŘÖĆLEDµÄ×´Ě¬
 109   3                  {
 110   4                      case Work_State:                    //ą¤×÷×´Ě¬
 111   4      
 112   4                          if(now_time >= time[time_flag]) //żŘÖĆLEDÉÁË¸µÄĘ±Ľä
 113   4                          {
 114   5                              now_time = 0;               //ÖŘĐÂÖĂ0
 115   5                              Led_Ctrl(led_flag);         //´ňżŞĎŕÓ¦µÄLEDµĆ
C51 COMPILER V9.60.0.0   MAIN                                                              01/11/2023 10:50:58 PAGE 3   

 116   5                              led_flag++;                 //żŘÖĆĎŕÓ¦µÄLEDµĆÁÁ
 117   5                              if((led_flag == 9) || (led_flag == 16) || (led_flag == 20)) 
 118   5                              {
 119   6                                  time_flag++;            //led_flagµČÓÚ9»ň16»ň20Ę±Ł¬time_flagĽÓŇ»
 120   6                              }
 121   5                              else if(led_flag > 22)      //LEDµ˝×îşóŇ»¸öĘ±Ł¬ time_flagşÍled_flagÖŘĐÂÖĂ0
 122   5                              {
 123   6                                  time_flag = 1;
 124   6                                  led_flag = 1;
 125   6                              }
 126   5                          }
 127   4      
 128   4                          break;
 129   4      
 130   4                      default:
 131   4                          break;
 132   4                  }
 133   3                 
 134   3                  break;
 135   3      
 136   3              case Set_Pattern_Mode:                              //ÉčÖĂÔËĐĐ±ŕşĹÄŁĘ˝
 137   3      
 138   3                  Display_Mode_Time(time_flag, time[time_flag]);  //ĎÔĘľÔËĐĐ±ŕşĹşÍĘ±Ľä
 139   3      
 140   3                  if(key == s6)                                   //°´ĎÂs6Ł¬˝řČëÉčÖĂĘ±ĽäÄŁĘ˝
 141   3                  {
 142   4                      mode = Set_Time_Mode;
 143   4                      break;
 144   4                  }
 145   3                  else if (key == s5)                             //°´ĎÂs5Ł¬ÔËĐĐ±ŕşĹĽÓŇ»Ł¬×î´óÎŞ4
 146   3                  { 
 147   4                      if(time_flag < 4)
 148   4                      {
 149   5                          time_flag++;
 150   5                      }
 151   4                      else
 152   4                      {
 153   5                          ;
 154   5                      } 
 155   4                  }
 156   3                  else if(key == s4)                               //°´ĎÂs4Ł¬ÔËĐĐ±ŕşĹĽőŇ»Ł¬×îĐˇÎŞ1
 157   3                  {
 158   4                      if(time_flag != 1)
 159   4                      {
 160   5                          time_flag--;
 161   5                      }
 162   4                      else
 163   4                      {
 164   5                          ;
 165   5                      }               
 166   4                  }
 167   3                 
 168   3                  break;
 169   3      
 170   3              case Set_Time_Mode:                                 //ÉčÖĂĘ±ĽäÄŁĘ˝
 171   3      
 172   3                  Display_Mode_Time(time_flag, time[time_flag]);  //ĎÔĘľÔËĐĐ±ŕşĹşÍĘ±Ľä
 173   3                  
 174   3                  if(key == s6)                                   //°´ĎÂs6Ł¬˝řČĄĎÔĘľÄŁĘ˝
 175   3                  {
 176   4                      mode = Display_Mode;                
 177   4                      Display(0, 1);                              //ĘýÂëąÜĎ¨Ăđ
C51 COMPILER V9.60.0.0   MAIN                                                              01/11/2023 10:50:58 PAGE 4   

 178   4                      EEPROM_Write(time_flag, time[time_flag]);   //´ć´˘ĎŕÓ¦µÄĘ±Ľä
 179   4                      time_flag = 1;                              //time_flagÖŘĐÂÖĂ0
 180   4                      break;
 181   4                  }
 182   3                  else if(key == s5)                              //s5°´ĎÂŁ¬ĎŕÓ¦µÄĘ±ĽäĽÓ100msŁ¬×î´óÎŞ1200ms
 183   3                  {
 184   4                      if(time[time_flag] != 12)
 185   4                      {
 186   5                          time[time_flag]++;
 187   5                      }
 188   4                      else
 189   4                      {
 190   5                          ;
 191   5                      }
 192   4                  }      
 193   3                  else if(key == s4)                              //s3°´ĎÂŁ¬ĎŕÓ¦µÄĘ±ĽäĽő100msŁ¬×îĐˇÎŞ400ms
 194   3                  {
 195   4                      if(time[time_flag] != 4)
 196   4                      {
 197   5                          time[time_flag]--;
 198   5                      }
 199   4                      else
 200   4                      {
 201   5                          ;
 202   5                      }
 203   4                  }    
 204   3      
 205   3                  break;
 206   3              
 207   3              default:
 208   3                  break;
 209   3              }
 210   2          }
 211   1      
 212   1      }
C51 COMPILER V9.60.0.0   MAIN                                                              01/11/2023 10:50:58 PAGE 5   

ASSEMBLY LISTING OF GENERATED OBJECT CODE


             ; FUNCTION Timer0_IT (BEGIN)
0000 C0E0              PUSH    ACC
0002 C0D0              PUSH    PSW
                                           ; SOURCE LINE # 9
                                           ; SOURCE LINE # 11
0004 0500        R     INC     counter
                                           ; SOURCE LINE # 12
0006 C3                CLR     C
0007 E500        R     MOV     A,counter
0009 9402              SUBB    A,#02H
000B 7480              MOV     A,#080H
000D 9480              SUBB    A,#080H
000F 4005              JC      ?C0002
                                           ; SOURCE LINE # 13
                                           ; SOURCE LINE # 14
0011 750000      R     MOV     counter,#00H
                                           ; SOURCE LINE # 15
0014 0500        R     INC     now_time
                                           ; SOURCE LINE # 16
                                           ; SOURCE LINE # 17
0016         ?C0002:
0016 D0D0              POP     PSW
0018 D0E0              POP     ACC
001A 32                RETI    
             ; FUNCTION Timer0_IT (END)

             ; FUNCTION main (BEGIN)
                                           ; SOURCE LINE # 19
                                           ; SOURCE LINE # 20
                                           ; SOURCE LINE # 21
0000 750001      R     MOV     mode,#01H
                                           ; SOURCE LINE # 22
0003 E4                CLR     A
0004 F500        R     MOV     key,A
                                           ; SOURCE LINE # 23
0006 750001      R     MOV     state,#01H
                                           ; SOURCE LINE # 24
0009 7800        R     MOV     R0,#LOW time
000B 7C00        R     MOV     R4,#HIGH time
000D FD                MOV     R5,A
000E 7BFF              MOV     R3,#0FFH
0010 7A00        R     MOV     R2,#HIGH _?ix1000
0012 7900        R     MOV     R1,#LOW _?ix1000
0014 FE                MOV     R6,A
0015 7F05              MOV     R7,#05H
0017 120000      E     LCALL   ?C?COPY
                                           ; SOURCE LINE # 25
001A 750001      R     MOV     time_flag,#01H
                                           ; SOURCE LINE # 26
001D 750001      R     MOV     led_flag,#01H
                                           ; SOURCE LINE # 27
0020 E4                CLR     A
0021 F500        R     MOV     adc+03H,A
0023 F500        R     MOV     adc+02H,A
0025 F500        R     MOV     adc+01H,A
0027 F500        R     MOV     adc,A
                                           ; SOURCE LINE # 28
0029 750001      R     MOV     level,#01H
                                           ; SOURCE LINE # 30
C51 COMPILER V9.60.0.0   MAIN                                                              01/11/2023 10:50:58 PAGE 6   

002C FF                MOV     R7,A
002D 120000      E     LCALL   _Relay_Buzz_Ctrl
                                           ; SOURCE LINE # 31
0030 E4                CLR     A
0031 FF                MOV     R7,A
0032 120000      E     LCALL   _Led_Ctrl
                                           ; SOURCE LINE # 32
0035 7F03              MOV     R7,#03H
0037 120000      E     LCALL   _PCF8591_ADC_Init
                                           ; SOURCE LINE # 33
003A 120000      E     LCALL   Timer0Init
                                           ; SOURCE LINE # 34
003D D2AF              SETB    EA
                                           ; SOURCE LINE # 35
003F C2A9              CLR     ET0
                                           ; SOURCE LINE # 37
0041 E4                CLR     A
0042 FF                MOV     R7,A
0043 120000      E     LCALL   _EEPROM_Read
0046 EF                MOV     A,R7
0047 6464              XRL     A,#064H
0049 6025              JZ      ?C0003
                                           ; SOURCE LINE # 38
                                           ; SOURCE LINE # 39
004B 7D64              MOV     R5,#064H
004D E4                CLR     A
004E FF                MOV     R7,A
004F 120000      E     LCALL   _EEPROM_Write
                                           ; SOURCE LINE # 40
0052 7D04              MOV     R5,#04H
0054 7F01              MOV     R7,#01H
0056 120000      E     LCALL   _EEPROM_Write
                                           ; SOURCE LINE # 41
0059 7D04              MOV     R5,#04H
005B 7F02              MOV     R7,#02H
005D 120000      E     LCALL   _EEPROM_Write
                                           ; SOURCE LINE # 42
0060 7D04              MOV     R5,#04H
0062 7F03              MOV     R7,#03H
0064 120000      E     LCALL   _EEPROM_Write
                                           ; SOURCE LINE # 43
0067 7D04              MOV     R5,#04H
0069 7F04              MOV     R7,#04H
006B 120000      E     LCALL   _EEPROM_Write
                                           ; SOURCE LINE # 44
006E 801C              SJMP    ?C0005
0070         ?C0003:
                                           ; SOURCE LINE # 46
                                           ; SOURCE LINE # 47
0070 7F01              MOV     R7,#01H
0072 120000      E     LCALL   _EEPROM_Read
0075 8F00        R     MOV     time+01H,R7
                                           ; SOURCE LINE # 48
0077 7F02              MOV     R7,#02H
0079 120000      E     LCALL   _EEPROM_Read
007C 8F00        R     MOV     time+02H,R7
                                           ; SOURCE LINE # 49
007E 7F03              MOV     R7,#03H
0080 120000      E     LCALL   _EEPROM_Read
0083 8F00        R     MOV     time+03H,R7
                                           ; SOURCE LINE # 50
0085 7F04              MOV     R7,#04H
C51 COMPILER V9.60.0.0   MAIN                                                              01/11/2023 10:50:58 PAGE 7   

0087 120000      E     LCALL   _EEPROM_Read
008A 8F00        R     MOV     time+04H,R7
                                           ; SOURCE LINE # 51
008C         ?C0005:
                                           ; SOURCE LINE # 53
                                           ; SOURCE LINE # 54
                                           ; SOURCE LINE # 55
008C 120000      E     LCALL   Key_Val
008F 8F00        R     MOV     key,R7
                                           ; SOURCE LINE # 56
0091 120000      E     LCALL   PCF8591_ADC_Get
0094 AC07              MOV     R4,AR7
0096 E4                CLR     A
0097 120000      E     LCALL   ?C?FCASTC
009A E4                CLR     A
009B FB                MOV     R3,A
009C FA                MOV     R2,A
009D 79A0              MOV     R1,#0A0H
009F 7840              MOV     R0,#040H
00A1 120000      E     LCALL   ?C?FPMUL
00A4 E4                CLR     A
00A5 FB                MOV     R3,A
00A6 FA                MOV     R2,A
00A7 797F              MOV     R1,#07FH
00A9 7843              MOV     R0,#043H
00AB 120000      E     LCALL   ?C?FPDIV
00AE 8F00        R     MOV     adc+03H,R7
00B0 8E00        R     MOV     adc+02H,R6
00B2 8D00        R     MOV     adc+01H,R5
00B4 8C00        R     MOV     adc,R4
                                           ; SOURCE LINE # 58
00B6 E4                CLR     A
00B7 FF                MOV     R7,A
00B8 FE                MOV     R6,A
00B9 7DA0              MOV     R5,#0A0H
00BB 7C3F              MOV     R4,#03FH
00BD AB00        R     MOV     R3,adc+03H
00BF AA00        R     MOV     R2,adc+02H
00C1 A900        R     MOV     R1,adc+01H
00C3 A800        R     MOV     R0,adc
00C5 120000      E     LCALL   ?C?FPCMP3
00C8 5005              JNC     ?C0007
                                           ; SOURCE LINE # 59
                                           ; SOURCE LINE # 60
00CA 750001      R     MOV     level,#01H
                                           ; SOURCE LINE # 61
00CD 8063              SJMP    ?C0008
00CF         ?C0007:
                                           ; SOURCE LINE # 62
00CF AF00        R     MOV     R7,adc+03H
00D1 AE00        R     MOV     R6,adc+02H
00D3 AD00        R     MOV     R5,adc+01H
00D5 AC00        R     MOV     R4,adc
00D7 E4                CLR     A
00D8 FB                MOV     R3,A
00D9 FA                MOV     R2,A
00DA 79A0              MOV     R1,#0A0H
00DC 783F              MOV     R0,#03FH
00DE 120000      E     LCALL   ?C?FPCMP3
00E1 6002              JZ      $ + 4H
00E3 5019              JNC     ?C0009
00E5 E4                CLR     A
C51 COMPILER V9.60.0.0   MAIN                                                              01/11/2023 10:50:58 PAGE 8   

00E6 FF                MOV     R7,A
00E7 FE                MOV     R6,A
00E8 7D20              MOV     R5,#020H
00EA 7C40              MOV     R4,#040H
00EC AB00        R     MOV     R3,adc+03H
00EE AA00        R     MOV     R2,adc+02H
00F0 A900        R     MOV     R1,adc+01H
00F2 A800        R     MOV     R0,adc
00F4 120000      E     LCALL   ?C?FPCMP3
00F7 5005              JNC     ?C0009
                                           ; SOURCE LINE # 63
                                           ; SOURCE LINE # 64
00F9 750002      R     MOV     level,#02H
                                           ; SOURCE LINE # 65
00FC 8034              SJMP    ?C0008
00FE         ?C0009:
                                           ; SOURCE LINE # 66
00FE AF00        R     MOV     R7,adc+03H
0100 AE00        R     MOV     R6,adc+02H
0102 AD00        R     MOV     R5,adc+01H
0104 AC00        R     MOV     R4,adc
0106 E4                CLR     A
0107 FB                MOV     R3,A
0108 FA                MOV     R2,A
0109 7920              MOV     R1,#020H
010B 7840              MOV     R0,#040H
010D 120000      E     LCALL   ?C?FPCMP3
0110 6002              JZ      $ + 4H
0112 501B              JNC     ?C0011
0114 E4                CLR     A
0115 FF                MOV     R7,A
0116 FE                MOV     R6,A
0117 7D70              MOV     R5,#070H
0119 7C40              MOV     R4,#040H
011B AB00        R     MOV     R3,adc+03H
011D AA00        R     MOV     R2,adc+02H
011F A900        R     MOV     R1,adc+01H
0121 A800        R     MOV     R0,adc
0123 120000      E     LCALL   ?C?FPCMP3
0126 6002              JZ      $ + 4H
0128 5005              JNC     ?C0011
                                           ; SOURCE LINE # 67
                                           ; SOURCE LINE # 68
012A 750003      R     MOV     level,#03H
                                           ; SOURCE LINE # 69
012D 8003              SJMP    ?C0008
012F         ?C0011:
                                           ; SOURCE LINE # 71
                                           ; SOURCE LINE # 72
012F 750004      R     MOV     level,#04H
                                           ; SOURCE LINE # 73
0132         ?C0008:
                                           ; SOURCE LINE # 75
0132 E500        R     MOV     A,mode
0134 24FE              ADD     A,#0FEH
0136 7003              JNZ     $ + 5H
0138 020000      R     LJMP    ?C0032
013B 14                DEC     A
013C 7003              JNZ     $ + 5H
013E 020000      R     LJMP    ?C0042
0141 2402              ADD     A,#02H
0143 6003              JZ      $ + 5H
C51 COMPILER V9.60.0.0   MAIN                                                              01/11/2023 10:50:58 PAGE 9   

0145 020000      R     LJMP    ?C0005
                                           ; SOURCE LINE # 76
                                           ; SOURCE LINE # 77
0148         ?C0014:
                                           ; SOURCE LINE # 79
0148 E500        R     MOV     A,key
014A 6413              XRL     A,#013H
014C 700E              JNZ     ?C0015
                                           ; SOURCE LINE # 80
                                           ; SOURCE LINE # 81
014E 750002      R     MOV     mode,#02H
                                           ; SOURCE LINE # 82
0151 750001      R     MOV     state,#01H
                                           ; SOURCE LINE # 83
0154 C2A9              CLR     ET0
                                           ; SOURCE LINE # 84
0156 FF                MOV     R7,A
0157 120000      E     LCALL   _Led_Ctrl
                                           ; SOURCE LINE # 85
                                           ; SOURCE LINE # 86
                                           ; SOURCE LINE # 87
015A 8079              SJMP    ?C0054
                                           ; SOURCE LINE # 88
015C         ?C0015:
                                           ; SOURCE LINE # 89
015C 120000      E     LCALL   Key_Scan
015F EF                MOV     A,R7
0160 6411              XRL     A,#011H
0162 7007              JNZ     ?C0017
                                           ; SOURCE LINE # 90
                                           ; SOURCE LINE # 91
0164 AF00        R     MOV     R7,level
0166 120000      E     LCALL   _Level_Display
                                           ; SOURCE LINE # 92
0169 8023              SJMP    ?C0016
016B         ?C0017:
                                           ; SOURCE LINE # 93
016B E500        R     MOV     A,key
016D 6414              XRL     A,#014H
016F 701D              JNZ     ?C0016
                                           ; SOURCE LINE # 94
                                           ; SOURCE LINE # 95
0171 E500        R     MOV     A,state
0173 7F00              MOV     R7,#00H
0175 7002              JNZ     ?C0020
0177 7F01              MOV     R7,#01H
0179         ?C0020:
0179         ?C0021:
0179 8F00        R     MOV     state,R7
                                           ; SOURCE LINE # 96
017B EF                MOV     A,R7
017C 6401              XRL     A,#01H
017E 6007              JZ      ?C0022
                                           ; SOURCE LINE # 97
                                           ; SOURCE LINE # 98
0180 120000      E     LCALL   Timer0Init
                                           ; SOURCE LINE # 99
0183 D2A9              SETB    ET0
                                           ; SOURCE LINE # 100
0185 8007              SJMP    ?C0016
0187         ?C0022:
                                           ; SOURCE LINE # 102
C51 COMPILER V9.60.0.0   MAIN                                                              01/11/2023 10:50:58 PAGE 10  

                                           ; SOURCE LINE # 103
0187 C2A9              CLR     ET0
                                           ; SOURCE LINE # 104
0189 E4                CLR     A
018A FF                MOV     R7,A
018B 120000      E     LCALL   _Led_Ctrl
                                           ; SOURCE LINE # 105
                                           ; SOURCE LINE # 106
018E         ?C0016:
                                           ; SOURCE LINE # 108
018E E500        R     MOV     A,state
0190 6003              JZ      $ + 5H
0192 020000      R     LJMP    ?C0005
                                           ; SOURCE LINE # 109
                                           ; SOURCE LINE # 110
0195         ?C0025:
                                           ; SOURCE LINE # 112
0195 7400        R     MOV     A,#LOW time
0197 2500        R     ADD     A,time_flag
0199 F8                MOV     R0,A
019A E6                MOV     A,@R0
019B FF                MOV     R7,A
019C E500        R     MOV     A,now_time
019E C3                CLR     C
019F 9F                SUBB    A,R7
01A0 5003              JNC     $ + 5H
01A2 020000      R     LJMP    ?C0005
                                           ; SOURCE LINE # 113
                                           ; SOURCE LINE # 114
01A5 E4                CLR     A
01A6 F500        R     MOV     now_time,A
                                           ; SOURCE LINE # 115
01A8 AF00        R     MOV     R7,led_flag
01AA 120000      E     LCALL   _Led_Ctrl
                                           ; SOURCE LINE # 116
01AD 0500        R     INC     led_flag
                                           ; SOURCE LINE # 117
01AF AF00        R     MOV     R7,led_flag
01B1 7E00              MOV     R6,#00H
01B3 EF                MOV     A,R7
01B4 6409              XRL     A,#09H
01B6 600A              JZ      ?C0028
01B8 EF                MOV     A,R7
01B9 6410              XRL     A,#010H
01BB 6005              JZ      ?C0028
01BD EF                MOV     A,R7
01BE 6414              XRL     A,#014H
01C0 7005              JNZ     ?C0027
01C2         ?C0028:
                                           ; SOURCE LINE # 118
                                           ; SOURCE LINE # 119
01C2 0500        R     INC     time_flag
                                           ; SOURCE LINE # 120
01C4 020000      R     LJMP    ?C0005
01C7         ?C0027:
                                           ; SOURCE LINE # 121
01C7 D3                SETB    C
01C8 EF                MOV     A,R7
01C9 9416              SUBB    A,#016H
01CB EE                MOV     A,R6
01CC 6480              XRL     A,#080H
01CE 9480              SUBB    A,#080H
C51 COMPILER V9.60.0.0   MAIN                                                              01/11/2023 10:50:58 PAGE 11  

01D0 5003              JNC     $ + 5H
01D2 020000      R     LJMP    ?C0005
                                           ; SOURCE LINE # 122
                                           ; SOURCE LINE # 123
01D5         ?C0054:
01D5 750001      R     MOV     time_flag,#01H
                                           ; SOURCE LINE # 124
01D8 750001      R     MOV     led_flag,#01H
                                           ; SOURCE LINE # 125
                                           ; SOURCE LINE # 126
                                           ; SOURCE LINE # 128
01DB 020000      R     LJMP    ?C0005
                                           ; SOURCE LINE # 130
                                           ; SOURCE LINE # 131
                                           ; SOURCE LINE # 132
                                           ; SOURCE LINE # 134
                                           ; SOURCE LINE # 136
01DE         ?C0032:
                                           ; SOURCE LINE # 138
01DE 7400        R     MOV     A,#LOW time
01E0 2500        R     ADD     A,time_flag
01E2 F8                MOV     R0,A
01E3 E6                MOV     A,@R0
01E4 FD                MOV     R5,A
01E5 AF00        R     MOV     R7,time_flag
01E7 120000      E     LCALL   _Display_Mode_Time
                                           ; SOURCE LINE # 140
01EA AF00        R     MOV     R7,key
01EC 7E00              MOV     R6,#00H
01EE EF                MOV     A,R7
01EF 6413              XRL     A,#013H
01F1 7006              JNZ     ?C0033
                                           ; SOURCE LINE # 141
                                           ; SOURCE LINE # 142
01F3 750003      R     MOV     mode,#03H
                                           ; SOURCE LINE # 143
01F6 020000      R     LJMP    ?C0005
                                           ; SOURCE LINE # 144
01F9         ?C0033:
                                           ; SOURCE LINE # 145
01F9 EF                MOV     A,R7
01FA 6412              XRL     A,#012H
01FC 4E                ORL     A,R6
01FD 7013              JNZ     ?C0035
                                           ; SOURCE LINE # 146
                                           ; SOURCE LINE # 147
01FF C3                CLR     C
0200 E500        R     MOV     A,time_flag
0202 9404              SUBB    A,#04H
0204 7480              MOV     A,#080H
0206 9480              SUBB    A,#080H
0208 4003              JC      $ + 5H
020A 020000      R     LJMP    ?C0005
                                           ; SOURCE LINE # 148
                                           ; SOURCE LINE # 149
020D 0500        R     INC     time_flag
                                           ; SOURCE LINE # 150
020F 020000      R     LJMP    ?C0005
                                           ; SOURCE LINE # 152
                                           ; SOURCE LINE # 154
                                           ; SOURCE LINE # 155
0212         ?C0035:
C51 COMPILER V9.60.0.0   MAIN                                                              01/11/2023 10:50:58 PAGE 12  

                                           ; SOURCE LINE # 156
0212 E500        R     MOV     A,key
0214 6411              XRL     A,#011H
0216 6003              JZ      $ + 5H
0218 020000      R     LJMP    ?C0005
                                           ; SOURCE LINE # 157
                                           ; SOURCE LINE # 158
021B E500        R     MOV     A,time_flag
021D 6401              XRL     A,#01H
021F 7003              JNZ     $ + 5H
0221 020000      R     LJMP    ?C0005
                                           ; SOURCE LINE # 159
                                           ; SOURCE LINE # 160
0224 1500        R     DEC     time_flag
                                           ; SOURCE LINE # 161
0226 020000      R     LJMP    ?C0005
                                           ; SOURCE LINE # 163
                                           ; SOURCE LINE # 165
                                           ; SOURCE LINE # 166
                                           ; SOURCE LINE # 168
                                           ; SOURCE LINE # 170
0229         ?C0042:
                                           ; SOURCE LINE # 172
0229 7400        R     MOV     A,#LOW time
022B 2500        R     ADD     A,time_flag
022D F8                MOV     R0,A
022E E6                MOV     A,@R0
022F FD                MOV     R5,A
0230 AF00        R     MOV     R7,time_flag
0232 120000      E     LCALL   _Display_Mode_Time
                                           ; SOURCE LINE # 174
0235 E500        R     MOV     A,key
0237 6413              XRL     A,#013H
0239 701B              JNZ     ?C0043
                                           ; SOURCE LINE # 175
                                           ; SOURCE LINE # 176
023B 750001      R     MOV     mode,#01H
                                           ; SOURCE LINE # 177
023E 7D01              MOV     R5,#01H
0240 FF                MOV     R7,A
0241 120000      E     LCALL   _Display
                                           ; SOURCE LINE # 178
0244 7400        R     MOV     A,#LOW time
0246 2500        R     ADD     A,time_flag
0248 F8                MOV     R0,A
0249 E6                MOV     A,@R0
024A FD                MOV     R5,A
024B AF00        R     MOV     R7,time_flag
024D 120000      E     LCALL   _EEPROM_Write
                                           ; SOURCE LINE # 179
0250 750001      R     MOV     time_flag,#01H
                                           ; SOURCE LINE # 180
0253 020000      R     LJMP    ?C0005
                                           ; SOURCE LINE # 181
0256         ?C0043:
                                           ; SOURCE LINE # 182
0256 AF00        R     MOV     R7,key
0258 7E00              MOV     R6,#00H
025A EF                MOV     A,R7
025B 6412              XRL     A,#012H
025D 7016              JNZ     ?C0045
                                           ; SOURCE LINE # 183
C51 COMPILER V9.60.0.0   MAIN                                                              01/11/2023 10:50:58 PAGE 13  

                                           ; SOURCE LINE # 184
025F 7400        R     MOV     A,#LOW time
0261 2500        R     ADD     A,time_flag
0263 F8                MOV     R0,A
0264 E6                MOV     A,@R0
0265 640C              XRL     A,#0CH
0267 7003              JNZ     $ + 5H
0269 020000      R     LJMP    ?C0005
                                           ; SOURCE LINE # 185
                                           ; SOURCE LINE # 186
026C 7400        R     MOV     A,#LOW time
026E 2500        R     ADD     A,time_flag
0270 F8                MOV     R0,A
0271 06                INC     @R0
                                           ; SOURCE LINE # 187
0272 020000      R     LJMP    ?C0005
                                           ; SOURCE LINE # 189
                                           ; SOURCE LINE # 191
                                           ; SOURCE LINE # 192
0275         ?C0045:
                                           ; SOURCE LINE # 193
0275 EF                MOV     A,R7
0276 6411              XRL     A,#011H
0278 4E                ORL     A,R6
0279 6003              JZ      $ + 5H
027B 020000      R     LJMP    ?C0005
                                           ; SOURCE LINE # 194
                                           ; SOURCE LINE # 195
027E 7400        R     MOV     A,#LOW time
0280 2500        R     ADD     A,time_flag
0282 F8                MOV     R0,A
0283 E6                MOV     A,@R0
0284 6404              XRL     A,#04H
0286 7003              JNZ     $ + 5H
0288 020000      R     LJMP    ?C0005
                                           ; SOURCE LINE # 196
                                           ; SOURCE LINE # 197
028B 7400        R     MOV     A,#LOW time
028D 2500        R     ADD     A,time_flag
028F F8                MOV     R0,A
0290 16                DEC     @R0
                                           ; SOURCE LINE # 198
0291 020000      R     LJMP    ?C0005
             ; FUNCTION main (END)

C51 COMPILER V9.60.0.0   MAIN                                                              01/11/2023 10:50:58 PAGE 14  

NAME                                    CLASS   MSPACE  TYPE    OFFSET  SIZE
====                                    =====   ======  ====    ======  ====


CCF2 . . . . . . . . . . . . . . . . .  ABSBIT   -----  BIT      00DAH  1
P1M0 . . . . . . . . . . . . . . . . .  SFR      DATA   U_CHAR   0092H  1
P0M1 . . . . . . . . . . . . . . . . .  SFR      DATA   U_CHAR   0093H  1
P2M0 . . . . . . . . . . . . . . . . .  SFR      DATA   U_CHAR   0096H  1
P1M1 . . . . . . . . . . . . . . . . .  SFR      DATA   U_CHAR   0091H  1
P0 . . . . . . . . . . . . . . . . . .  SFR      DATA   U_CHAR   0080H  1
P3M0 . . . . . . . . . . . . . . . . .  SFR      DATA   U_CHAR   00B2H  1
P2M1 . . . . . . . . . . . . . . . . .  SFR      DATA   U_CHAR   0095H  1
P1 . . . . . . . . . . . . . . . . . .  SFR      DATA   U_CHAR   0090H  1
P4M0 . . . . . . . . . . . . . . . . .  SFR      DATA   U_CHAR   00B4H  1
P3M1 . . . . . . . . . . . . . . . . .  SFR      DATA   U_CHAR   00B1H  1
P2 . . . . . . . . . . . . . . . . . .  SFR      DATA   U_CHAR   00A0H  1
WKTCH. . . . . . . . . . . . . . . . .  SFR      DATA   U_CHAR   00ABH  1
P5M0 . . . . . . . . . . . . . . . . .  SFR      DATA   U_CHAR   00CAH  1
P4M1 . . . . . . . . . . . . . . . . .  SFR      DATA   U_CHAR   00B3H  1
P3 . . . . . . . . . . . . . . . . . .  SFR      DATA   U_CHAR   00B0H  1
P6M0 . . . . . . . . . . . . . . . . .  SFR      DATA   U_CHAR   00CCH  1
P5M1 . . . . . . . . . . . . . . . . .  SFR      DATA   U_CHAR   00C9H  1
P4 . . . . . . . . . . . . . . . . . .  SFR      DATA   U_CHAR   00C0H  1
AC . . . . . . . . . . . . . . . . . .  ABSBIT   -----  BIT      00D6H  1
counter. . . . . . . . . . . . . . . .  PUBLIC   DATA   U_CHAR   0000H  1
PWMIF. . . . . . . . . . . . . . . . .  SFR      DATA   U_CHAR   00F6H  1
P7M0 . . . . . . . . . . . . . . . . .  SFR      DATA   U_CHAR   00E2H  1
P6M1 . . . . . . . . . . . . . . . . .  SFR      DATA   U_CHAR   00CBH  1
P5 . . . . . . . . . . . . . . . . . .  SFR      DATA   U_CHAR   00C8H  1
_Relay_Buzz_Ctrl . . . . . . . . . . .  EXTERN   CODE   PROC     -----  -----
EA . . . . . . . . . . . . . . . . . .  ABSBIT   -----  BIT      00AFH  1
P7M1 . . . . . . . . . . . . . . . . .  SFR      DATA   U_CHAR   00E1H  1
P6 . . . . . . . . . . . . . . . . . .  SFR      DATA   U_CHAR   00E8H  1
WKTCL. . . . . . . . . . . . . . . . .  SFR      DATA   U_CHAR   00AAH  1
P7 . . . . . . . . . . . . . . . . . .  SFR      DATA   U_CHAR   00F8H  1
SPCTL. . . . . . . . . . . . . . . . .  SFR      DATA   U_CHAR   00CEH  1
CF . . . . . . . . . . . . . . . . . .  ABSBIT   -----  BIT      00DFH  1
PWMCR. . . . . . . . . . . . . . . . .  SFR      DATA   U_CHAR   00F5H  1
CH . . . . . . . . . . . . . . . . . .  SFR      DATA   U_CHAR   00F9H  1
P_SW1. . . . . . . . . . . . . . . . .  SFR      DATA   U_CHAR   00A2H  1
P_SW2. . . . . . . . . . . . . . . . .  SFR      DATA   U_CHAR   00BAH  1
_Led_Ctrl. . . . . . . . . . . . . . .  EXTERN   CODE   PROC     -----  -----
EADC . . . . . . . . . . . . . . . . .  ABSBIT   -----  BIT      00ADH  1
IE . . . . . . . . . . . . . . . . . .  SFR      DATA   U_CHAR   00A8H  1
CL . . . . . . . . . . . . . . . . . .  SFR      DATA   U_CHAR   00E9H  1
IAP_CMD. . . . . . . . . . . . . . . .  SFR      DATA   U_CHAR   00C5H  1
CCAP0H . . . . . . . . . . . . . . . .  SFR      DATA   U_CHAR   00FAH  1
Key_Scan . . . . . . . . . . . . . . .  EXTERN   CODE   PROC     -----  -----
CCAP1H . . . . . . . . . . . . . . . .  SFR      DATA   U_CHAR   00FBH  1
CCAP2H . . . . . . . . . . . . . . . .  SFR      DATA   U_CHAR   00FCH  1
ADC_RES. . . . . . . . . . . . . . . .  SFR      DATA   U_CHAR   00BDH  1
CCAP0L . . . . . . . . . . . . . . . .  SFR      DATA   U_CHAR   00EAH  1
CR . . . . . . . . . . . . . . . . . .  ABSBIT   -----  BIT      00DEH  1
PWMFDCR. . . . . . . . . . . . . . . .  SFR      DATA   U_CHAR   00F7H  1
CCAP1L . . . . . . . . . . . . . . . .  SFR      DATA   U_CHAR   00EBH  1
CCAPM0 . . . . . . . . . . . . . . . .  SFR      DATA   U_CHAR   00DAH  1
CCAP2L . . . . . . . . . . . . . . . .  SFR      DATA   U_CHAR   00ECH  1
CCAPM1 . . . . . . . . . . . . . . . .  SFR      DATA   U_CHAR   00DBH  1
CCAPM2 . . . . . . . . . . . . . . . .  SFR      DATA   U_CHAR   00DCH  1
ES . . . . . . . . . . . . . . . . . .  ABSBIT   -----  BIT      00ACH  1
PADC . . . . . . . . . . . . . . . . .  ABSBIT   -----  BIT      00BDH  1
C51 COMPILER V9.60.0.0   MAIN                                                              01/11/2023 10:50:58 PAGE 15  

NAME                                    CLASS   MSPACE  TYPE    OFFSET  SIZE
====                                    =====   ======  ====    ======  ====


IP . . . . . . . . . . . . . . . . . .  SFR      DATA   U_CHAR   00B8H  1
RI . . . . . . . . . . . . . . . . . .  ABSBIT   -----  BIT      0098H  1
CY . . . . . . . . . . . . . . . . . .  ABSBIT   -----  BIT      00D7H  1
TI . . . . . . . . . . . . . . . . . .  ABSBIT   -----  BIT      0099H  1
CLK_DIV. . . . . . . . . . . . . . . .  SFR      DATA   U_CHAR   0097H  1
IAP_ADDRH. . . . . . . . . . . . . . .  SFR      DATA   U_CHAR   00C3H  1
PS . . . . . . . . . . . . . . . . . .  ABSBIT   -----  BIT      00BCH  1
SP . . . . . . . . . . . . . . . . . .  SFR      DATA   U_CHAR   0081H  1
CMOD . . . . . . . . . . . . . . . . .  SFR      DATA   U_CHAR   00D9H  1
CCON . . . . . . . . . . . . . . . . .  SFR      DATA   U_CHAR   00D8H  1
IAP_ADDRL. . . . . . . . . . . . . . .  SFR      DATA   U_CHAR   00C4H  1
PPCA . . . . . . . . . . . . . . . . .  ABSBIT   -----  BIT      00BFH  1
OV . . . . . . . . . . . . . . . . . .  ABSBIT   -----  BIT      00D2H  1
main . . . . . . . . . . . . . . . . .  PUBLIC   CODE   PROC     0000H  -----
  mode . . . . . . . . . . . . . . . .  AUTO     DATA   U_CHAR   0000H  1
  key. . . . . . . . . . . . . . . . .  AUTO     DATA   U_CHAR   0001H  1
  state. . . . . . . . . . . . . . . .  AUTO     DATA   U_CHAR   0002H  1
  time . . . . . . . . . . . . . . . .  AUTO     DATA   ARRAY    0003H  5
  time_flag. . . . . . . . . . . . . .  AUTO     DATA   U_CHAR   0008H  1
  led_flag . . . . . . . . . . . . . .  AUTO     DATA   U_CHAR   0009H  1
  adc. . . . . . . . . . . . . . . . .  AUTO     DATA   FLOAT    000AH  4
  level. . . . . . . . . . . . . . . .  AUTO     DATA   U_CHAR   000EH  1
CMPCR1 . . . . . . . . . . . . . . . .  SFR      DATA   U_CHAR   00E6H  1
_EEPROM_Read . . . . . . . . . . . . .  EXTERN   CODE   PROC     -----  -----
CMPCR2 . . . . . . . . . . . . . . . .  SFR      DATA   U_CHAR   00E7H  1
ELVD . . . . . . . . . . . . . . . . .  ABSBIT   -----  BIT      00AEH  1
Key_Val. . . . . . . . . . . . . . . .  EXTERN   CODE   PROC     -----  -----
P00. . . . . . . . . . . . . . . . . .  ABSBIT   -----  BIT      0080H  1
ADC_CONTR. . . . . . . . . . . . . . .  SFR      DATA   U_CHAR   00BCH  1
SBUF . . . . . . . . . . . . . . . . .  SFR      DATA   U_CHAR   0099H  1
PCON . . . . . . . . . . . . . . . . .  SFR      DATA   U_CHAR   0087H  1
P10. . . . . . . . . . . . . . . . . .  ABSBIT   -----  BIT      0090H  1
P01. . . . . . . . . . . . . . . . . .  ABSBIT   -----  BIT      0081H  1
Timer0_IT. . . . . . . . . . . . . . .  PUBLIC   CODE   PROC     0000H  -----
P20. . . . . . . . . . . . . . . . . .  ABSBIT   -----  BIT      00A0H  1
P11. . . . . . . . . . . . . . . . . .  ABSBIT   -----  BIT      0091H  1
P02. . . . . . . . . . . . . . . . . .  ABSBIT   -----  BIT      0082H  1
P30. . . . . . . . . . . . . . . . . .  ABSBIT   -----  BIT      00B0H  1
P21. . . . . . . . . . . . . . . . . .  ABSBIT   -----  BIT      00A1H  1
P12. . . . . . . . . . . . . . . . . .  ABSBIT   -----  BIT      0092H  1
P03. . . . . . . . . . . . . . . . . .  ABSBIT   -----  BIT      0083H  1
_Display_Mode_Time . . . . . . . . . .  EXTERN   CODE   PROC     -----  -----
SCON . . . . . . . . . . . . . . . . .  SFR      DATA   U_CHAR   0098H  1
P40. . . . . . . . . . . . . . . . . .  ABSBIT   -----  BIT      00C0H  1
P31. . . . . . . . . . . . . . . . . .  ABSBIT   -----  BIT      00B1H  1
P22. . . . . . . . . . . . . . . . . .  ABSBIT   -----  BIT      00A2H  1
P13. . . . . . . . . . . . . . . . . .  ABSBIT   -----  BIT      0093H  1
P04. . . . . . . . . . . . . . . . . .  ABSBIT   -----  BIT      0084H  1
TMOD . . . . . . . . . . . . . . . . .  SFR      DATA   U_CHAR   0089H  1
TCON . . . . . . . . . . . . . . . . .  SFR      DATA   U_CHAR   0088H  1
P50. . . . . . . . . . . . . . . . . .  ABSBIT   -----  BIT      00C8H  1
P41. . . . . . . . . . . . . . . . . .  ABSBIT   -----  BIT      00C1H  1
P32. . . . . . . . . . . . . . . . . .  ABSBIT   -----  BIT      00B2H  1
P23. . . . . . . . . . . . . . . . . .  ABSBIT   -----  BIT      00A3H  1
P14. . . . . . . . . . . . . . . . . .  ABSBIT   -----  BIT      0094H  1
P05. . . . . . . . . . . . . . . . . .  ABSBIT   -----  BIT      0085H  1
_Level_Display . . . . . . . . . . . .  EXTERN   CODE   PROC     -----  -----
C51 COMPILER V9.60.0.0   MAIN                                                              01/11/2023 10:50:58 PAGE 16  

NAME                                    CLASS   MSPACE  TYPE    OFFSET  SIZE
====                                    =====   ======  ====    ======  ====


P60. . . . . . . . . . . . . . . . . .  ABSBIT   -----  BIT      00E8H  1
P51. . . . . . . . . . . . . . . . . .  ABSBIT   -----  BIT      00C9H  1
P42. . . . . . . . . . . . . . . . . .  ABSBIT   -----  BIT      00C2H  1
P33. . . . . . . . . . . . . . . . . .  ABSBIT   -----  BIT      00B3H  1
P24. . . . . . . . . . . . . . . . . .  ABSBIT   -----  BIT      00A4H  1
P15. . . . . . . . . . . . . . . . . .  ABSBIT   -----  BIT      0095H  1
P06. . . . . . . . . . . . . . . . . .  ABSBIT   -----  BIT      0086H  1
PLVD . . . . . . . . . . . . . . . . .  ABSBIT   -----  BIT      00BEH  1
P70. . . . . . . . . . . . . . . . . .  ABSBIT   -----  BIT      00F8H  1
P61. . . . . . . . . . . . . . . . . .  ABSBIT   -----  BIT      00E9H  1
P52. . . . . . . . . . . . . . . . . .  ABSBIT   -----  BIT      00CAH  1
P43. . . . . . . . . . . . . . . . . .  ABSBIT   -----  BIT      00C3H  1
P34. . . . . . . . . . . . . . . . . .  ABSBIT   -----  BIT      00B4H  1
P25. . . . . . . . . . . . . . . . . .  ABSBIT   -----  BIT      00A5H  1
P16. . . . . . . . . . . . . . . . . .  ABSBIT   -----  BIT      0096H  1
P07. . . . . . . . . . . . . . . . . .  ABSBIT   -----  BIT      0087H  1
P71. . . . . . . . . . . . . . . . . .  ABSBIT   -----  BIT      00F9H  1
P62. . . . . . . . . . . . . . . . . .  ABSBIT   -----  BIT      00EAH  1
P53. . . . . . . . . . . . . . . . . .  ABSBIT   -----  BIT      00CBH  1
P44. . . . . . . . . . . . . . . . . .  ABSBIT   -----  BIT      00C4H  1
P35. . . . . . . . . . . . . . . . . .  ABSBIT   -----  BIT      00B5H  1
P26. . . . . . . . . . . . . . . . . .  ABSBIT   -----  BIT      00A6H  1
P17. . . . . . . . . . . . . . . . . .  ABSBIT   -----  BIT      0097H  1
_EEPROM_Write. . . . . . . . . . . . .  EXTERN   CODE   PROC     -----  -----
P72. . . . . . . . . . . . . . . . . .  ABSBIT   -----  BIT      00FAH  1
P63. . . . . . . . . . . . . . . . . .  ABSBIT   -----  BIT      00EBH  1
P54. . . . . . . . . . . . . . . . . .  ABSBIT   -----  BIT      00CCH  1
P45. . . . . . . . . . . . . . . . . .  ABSBIT   -----  BIT      00C5H  1
P36. . . . . . . . . . . . . . . . . .  ABSBIT   -----  BIT      00B6H  1
P27. . . . . . . . . . . . . . . . . .  ABSBIT   -----  BIT      00A7H  1
P73. . . . . . . . . . . . . . . . . .  ABSBIT   -----  BIT      00FBH  1
P64. . . . . . . . . . . . . . . . . .  ABSBIT   -----  BIT      00ECH  1
P55. . . . . . . . . . . . . . . . . .  ABSBIT   -----  BIT      00CDH  1
P46. . . . . . . . . . . . . . . . . .  ABSBIT   -----  BIT      00C6H  1
P37. . . . . . . . . . . . . . . . . .  ABSBIT   -----  BIT      00B7H  1
P74. . . . . . . . . . . . . . . . . .  ABSBIT   -----  BIT      00FCH  1
P65. . . . . . . . . . . . . . . . . .  ABSBIT   -----  BIT      00EDH  1
P56. . . . . . . . . . . . . . . . . .  ABSBIT   -----  BIT      00CEH  1
P47. . . . . . . . . . . . . . . . . .  ABSBIT   -----  BIT      00C7H  1
P75. . . . . . . . . . . . . . . . . .  ABSBIT   -----  BIT      00FDH  1
P66. . . . . . . . . . . . . . . . . .  ABSBIT   -----  BIT      00EEH  1
P57. . . . . . . . . . . . . . . . . .  ABSBIT   -----  BIT      00CFH  1
P76. . . . . . . . . . . . . . . . . .  ABSBIT   -----  BIT      00FEH  1
P67. . . . . . . . . . . . . . . . . .  ABSBIT   -----  BIT      00EFH  1
IE0. . . . . . . . . . . . . . . . . .  ABSBIT   -----  BIT      0089H  1
BUS_SPEED. . . . . . . . . . . . . . .  SFR      DATA   U_CHAR   00A1H  1
P77. . . . . . . . . . . . . . . . . .  ABSBIT   -----  BIT      00FFH  1
IE1. . . . . . . . . . . . . . . . . .  ABSBIT   -----  BIT      008BH  1
IE2. . . . . . . . . . . . . . . . . .  SFR      DATA   U_CHAR   00AFH  1
AUXR . . . . . . . . . . . . . . . . .  SFR      DATA   U_CHAR   008EH  1
B. . . . . . . . . . . . . . . . . . .  SFR      DATA   U_CHAR   00F0H  1
_?ix1000 . . . . . . . . . . . . . . .  STATIC   CODE   ARRAY    0000H  5
IAP_CONTR. . . . . . . . . . . . . . .  SFR      DATA   U_CHAR   00C7H  1
PWMCFG . . . . . . . . . . . . . . . .  SFR      DATA   U_CHAR   00F1H  1
ACC. . . . . . . . . . . . . . . . . .  SFR      DATA   U_CHAR   00E0H  1
ET0. . . . . . . . . . . . . . . . . .  ABSBIT   -----  BIT      00A9H  1
TF0. . . . . . . . . . . . . . . . . .  ABSBIT   -----  BIT      008DH  1
C51 COMPILER V9.60.0.0   MAIN                                                              01/11/2023 10:50:58 PAGE 17  

NAME                                    CLASS   MSPACE  TYPE    OFFSET  SIZE
====                                    =====   ======  ====    ======  ====


ET1. . . . . . . . . . . . . . . . . .  ABSBIT   -----  BIT      00ABH  1
Timer0Init . . . . . . . . . . . . . .  EXTERN   CODE   PROC     -----  -----
TF1. . . . . . . . . . . . . . . . . .  ABSBIT   -----  BIT      008FH  1
IP2. . . . . . . . . . . . . . . . . .  SFR      DATA   U_CHAR   00B5H  1
RB8. . . . . . . . . . . . . . . . . .  ABSBIT   -----  BIT      009AH  1
TH0. . . . . . . . . . . . . . . . . .  SFR      DATA   U_CHAR   008CH  1
TH1. . . . . . . . . . . . . . . . . .  SFR      DATA   U_CHAR   008DH  1
IT0. . . . . . . . . . . . . . . . . .  ABSBIT   -----  BIT      0088H  1
EX0. . . . . . . . . . . . . . . . . .  ABSBIT   -----  BIT      00A8H  1
TB8. . . . . . . . . . . . . . . . . .  ABSBIT   -----  BIT      009BH  1
T2H. . . . . . . . . . . . . . . . . .  SFR      DATA   U_CHAR   00D6H  1
IT1. . . . . . . . . . . . . . . . . .  ABSBIT   -----  BIT      008AH  1
EX1. . . . . . . . . . . . . . . . . .  ABSBIT   -----  BIT      00AAH  1
T3H. . . . . . . . . . . . . . . . . .  SFR      DATA   U_CHAR   00D4H  1
P. . . . . . . . . . . . . . . . . . .  ABSBIT   -----  BIT      00D0H  1
SM0. . . . . . . . . . . . . . . . . .  ABSBIT   -----  BIT      009FH  1
T4H. . . . . . . . . . . . . . . . . .  SFR      DATA   U_CHAR   00D2H  1
TL0. . . . . . . . . . . . . . . . . .  SFR      DATA   U_CHAR   008AH  1
SM1. . . . . . . . . . . . . . . . . .  ABSBIT   -----  BIT      009EH  1
TL1. . . . . . . . . . . . . . . . . .  SFR      DATA   U_CHAR   008BH  1
_PCF8591_ADC_Init. . . . . . . . . . .  EXTERN   CODE   PROC     -----  -----
SM2. . . . . . . . . . . . . . . . . .  ABSBIT   -----  BIT      009DH  1
T2L. . . . . . . . . . . . . . . . . .  SFR      DATA   U_CHAR   00D7H  1
T3L. . . . . . . . . . . . . . . . . .  SFR      DATA   U_CHAR   00D5H  1
T4L. . . . . . . . . . . . . . . . . .  SFR      DATA   U_CHAR   00D3H  1
PT0. . . . . . . . . . . . . . . . . .  ABSBIT   -----  BIT      00B9H  1
PT1. . . . . . . . . . . . . . . . . .  ABSBIT   -----  BIT      00BBH  1
RS0. . . . . . . . . . . . . . . . . .  ABSBIT   -----  BIT      00D3H  1
IAP_DATA . . . . . . . . . . . . . . .  SFR      DATA   U_CHAR   00C2H  1
TR0. . . . . . . . . . . . . . . . . .  ABSBIT   -----  BIT      008CH  1
RS1. . . . . . . . . . . . . . . . . .  ABSBIT   -----  BIT      00D4H  1
TR1. . . . . . . . . . . . . . . . . .  ABSBIT   -----  BIT      008EH  1
WDT_CONTR. . . . . . . . . . . . . . .  SFR      DATA   U_CHAR   00C1H  1
PX0. . . . . . . . . . . . . . . . . .  ABSBIT   -----  BIT      00B8H  1
PX1. . . . . . . . . . . . . . . . . .  ABSBIT   -----  BIT      00BAH  1
_Display . . . . . . . . . . . . . . .  EXTERN   CODE   PROC     -----  -----
PCA_PWM0 . . . . . . . . . . . . . . .  SFR      DATA   U_CHAR   00F2H  1
PCA_PWM1 . . . . . . . . . . . . . . .  SFR      DATA   U_CHAR   00F3H  1
PCA_PWM2 . . . . . . . . . . . . . . .  SFR      DATA   U_CHAR   00F4H  1
P1ASF. . . . . . . . . . . . . . . . .  SFR      DATA   U_CHAR   009DH  1
DPH. . . . . . . . . . . . . . . . . .  SFR      DATA   U_CHAR   0083H  1
PCF8591_ADC_Get. . . . . . . . . . . .  EXTERN   CODE   PROC     -----  -----
T3T4M. . . . . . . . . . . . . . . . .  SFR      DATA   U_CHAR   00D1H  1
T4T3M. . . . . . . . . . . . . . . . .  SFR      DATA   U_CHAR   00D1H  1
ADC_RESL . . . . . . . . . . . . . . .  SFR      DATA   U_CHAR   00BEH  1
DPL. . . . . . . . . . . . . . . . . .  SFR      DATA   U_CHAR   0082H  1
SPSTAT . . . . . . . . . . . . . . . .  SFR      DATA   U_CHAR   00CDH  1
S2BUF. . . . . . . . . . . . . . . . .  SFR      DATA   U_CHAR   009BH  1
S3BUF. . . . . . . . . . . . . . . . .  SFR      DATA   U_CHAR   00ADH  1
S4BUF. . . . . . . . . . . . . . . . .  SFR      DATA   U_CHAR   0085H  1
REN. . . . . . . . . . . . . . . . . .  ABSBIT   -----  BIT      009CH  1
S2CON. . . . . . . . . . . . . . . . .  SFR      DATA   U_CHAR   009AH  1
now_time . . . . . . . . . . . . . . .  PUBLIC   DATA   U_CHAR   0001H  1
S3CON. . . . . . . . . . . . . . . . .  SFR      DATA   U_CHAR   00ACH  1
S4CON. . . . . . . . . . . . . . . . .  SFR      DATA   U_CHAR   0084H  1
SADEN. . . . . . . . . . . . . . . . .  SFR      DATA   U_CHAR   00B9H  1
SADDR. . . . . . . . . . . . . . . . .  SFR      DATA   U_CHAR   00A9H  1
C51 COMPILER V9.60.0.0   MAIN                                                              01/11/2023 10:50:58 PAGE 18  

NAME                                    CLASS   MSPACE  TYPE    OFFSET  SIZE
====                                    =====   ======  ====    ======  ====


IAP_TRIG . . . . . . . . . . . . . . .  SFR      DATA   U_CHAR   00C6H  1
AUXR1. . . . . . . . . . . . . . . . .  SFR      DATA   U_CHAR   00A2H  1
F0 . . . . . . . . . . . . . . . . . .  ABSBIT   -----  BIT      00D5H  1
INT_CLKO . . . . . . . . . . . . . . .  SFR      DATA   U_CHAR   008FH  1
F1 . . . . . . . . . . . . . . . . . .  ABSBIT   -----  BIT      00D1H  1
PSW. . . . . . . . . . . . . . . . . .  SFR      DATA   U_CHAR   00D0H  1
CCF0 . . . . . . . . . . . . . . . . .  ABSBIT   -----  BIT      00D8H  1
CCF1 . . . . . . . . . . . . . . . . .  ABSBIT   -----  BIT      00D9H  1
SPDAT. . . . . . . . . . . . . . . . .  SFR      DATA   U_CHAR   00CFH  1
P0M0 . . . . . . . . . . . . . . . . .  SFR      DATA   U_CHAR   0094H  1


MODULE INFORMATION:   STATIC OVERLAYABLE
   CODE SIZE        =    690    ----
   CONSTANT SIZE    =      5    ----
   XDATA SIZE       =   ----    ----
   PDATA SIZE       =   ----    ----
   DATA SIZE        =      2      15
   IDATA SIZE       =   ----    ----
   BIT SIZE         =   ----    ----
   EDATA SIZE       =   ----    ----
   HDATA SIZE       =   ----    ----
   XDATA CONST SIZE =   ----    ----
   FAR CONST SIZE   =   ----    ----
END OF MODULE INFORMATION.


C51 COMPILATION COMPLETE.  0 WARNING(S),  0 ERROR(S)
