C51 COMPILER V9.60.0.0   FUNCTION                                                          02/09/2023 14:36:44 PAGE 1   


C51 COMPILER V9.60.0.0, COMPILATION OF MODULE FUNCTION
OBJECT MODULE PLACED IN ..\..\out\function.obj
COMPILER INVOKED BY: D:\Keil_v5\C51\BIN\C51.EXE ..\..\scr\function.c OPTIMIZE(8,SPEED) BROWSE DEBUG OBJECTEXTEND PRINT(.
                    -\Listings\function.lst) OBJECT(..\..\out\function.obj)

line level    source

   1          #include "function.h"
   2          #include <STC15F2K60S2.H>
   3          #include <intrins.h>
   4          #include "ds1302.h"
   5                  
   6          u8 code COM[9] = {0x00, 0x01, 0x02, 0x04, 0x08, 0x10, 0x20, 0x40, 0x80};                //.   //-
   7          u8 code NUM[12] = {0xc0, 0xf9, 0xa4, 0xb0, 0x99, 0x92, 0x82, 0xf8, 0x80, 0x90, 0x7f, 0xbf};
   8          u8 code LED[9] = {0xff, 0xfe, 0xfd, 0xfb, 0xf7, 0xef, 0xdf, 0xbf, 0x7f};
   9          u8 buzz_relay_flag = 0x00;
  10          
  11          void Delay3ms()         //@11.0592MHz
  12          {
  13   1              unsigned char i, j;
  14   1      
  15   1              _nop_();
  16   1              _nop_();
  17   1              i = 33;
  18   1              j = 66;
  19   1              do
  20   1              {
  21   2                      while (--j);
  22   2              } while (--i);
  23   1      }
  24          
  25          /**
  26           * @brief LED控制
  27           * @param led 控制第几个灯
  28           * @param state 控制灯的状态
  29           *              @arg GPIO_Pin_Reset LED开启
  30           *              @arg GPIO_Pin_Set       LED关闭
  31           * @return 无
  32           */
  33          void Led_Ctrl(u8 led, u8 state)
  34          {
  35   1              static u8 Led_flag = 0xff;
  36   1      
  37   1              if(!state)
  38   1              {
  39   2                      Led_flag &= led;                 
  40   2              }                                                   
  41   1              else
  42   1              {
  43   2                      Led_flag |= ~led;        
  44   2              }
  45   1      
  46   1              P2 = (P2 & 0x1f) | 0x80;
  47   1              P0 = Led_flag;
  48   1              P2 &= 0x1f;
  49   1      }       
  50          
  51          /**
  52           * @brief 蜂鸣器控制
  53           * @param state 控制蜂鸣器的状态
  54           *              @arg GPIO_Pin_Reset 蜂鸣器关闭
C51 COMPILER V9.60.0.0   FUNCTION                                                          02/09/2023 14:36:44 PAGE 2   

  55           *              @arg GPIO_Pin_Set       蜂鸣器开启
  56           * @return 无
  57           */
  58          void Buzz_Ctrl(u8 state)
  59          {
  60   1              P0 = buzz_relay_flag;
  61   1              P2 = (P2 & 0X1F) | 0xa0;
  62   1              P06 = state;
  63   1              P2 &= 0x1f;
  64   1              buzz_relay_flag = P0;
  65   1      }
  66          
  67          /**
  68           * @brief 控制继电器的状态
  69           * @param state 
  70           *      @arg GPIO_Pin_Reset 继电器关闭
  71           *              @arg GPIO_Pin_Set       继电器开启
  72           * @return 无
  73           */
  74          void Relay_Ctrl(u8 state)
  75          {
  76   1              P0 = buzz_relay_flag;
  77   1              P2 = (P2 & 0X1F) | 0xa0;
  78   1              P04 = state;
  79   1              P2 &= 0x1f;
  80   1              buzz_relay_flag = P0;
  81   1      }
  82          
  83          /**
  84           * @brief 按键扫描
  85           * @param 无
  86           * @return u8 返回按键的状态，如果没有按键按下，返回0x99
  87           */
  88          u8 Key_Scan()
  89          {
  90   1              if(P30 == 0)
  91   1              {
  92   2                      return s7;
  93   2              }
  94   1              else if(P31 == 0)
  95   1              {
  96   2                      return s6;
  97   2              }
  98   1              else if(P32 == 0)
  99   1              {
 100   2                      return s5; 
 101   2              }
 102   1              else if(P33 == 0)
 103   1              {
 104   2                      return s4;
 105   2              }
 106   1              else
 107   1              {
 108   2                      return No_Press;
 109   2              }
 110   1      }
 111          
 112          /**
 113           * @brief 返回一次按键有效值
 114           * @param 无
 115           * @return u8 返回按键有效值
 116           */
C51 COMPILER V9.60.0.0   FUNCTION                                                          02/09/2023 14:36:44 PAGE 3   

 117          u8 Key_Val()
 118          {
 119   1              static u8 key = No_Press, state = No_Press;
 120   1      
 121   1              state = Key_Scan();
 122   1              if(state != key)
 123   1              {
 124   2                      key = state;
 125   2                      return key;
 126   2              }
 127   1              else
 128   1              {
 129   2                      return No_Press;
 130   2              }
 131   1      }
 132          
 133          /**
 134           * @brief 数码管显示
 135           * @param com 位选（控制第几个数码管亮）
 136           * @param num 段选（控制要显示的数字）
 137           * @return 无
 138           */
 139          void Display(u8 com, u8 num)
 140          {
 141   1              P2 = (P2 & 0X1F) | 0Xc0;
 142   1              P0 = COM[com];
 143   1      
 144   1              P2 = (P2 & 0X1F) | 0Xe0;
 145   1              P0 = NUM[num];
 146   1      
 147   1              P2 &= 0x1f;
 148   1              Delay3ms();
 149   1      }
 150          
 151          /**
 152           * @brief 显示时间
 153           * @param 无
 154           * @return 无
 155           */
 156          void Display_Time()
 157          {
 158   1              Display(1, Hour / 10);
 159   1              Display(2, Hour % 10);
 160   1      
 161   1              Display(3, 11);
 162   1      
 163   1              Display(4, Min / 10);
 164   1              Display(5, Min % 10);
 165   1      }
 166          
 167          /**
 168           * @brief 显示湿度
 169           * @param humidity 传入湿度的大小
 170           * @return 无
 171           */
 172          void Display_Humidity(u8 humidity)
 173          {
 174   1      
 175   1              Display(7, humidity / 10);
 176   1              Display(8, humidity % 10);
 177   1      
 178   1      }
C51 COMPILER V9.60.0.0   FUNCTION                                                          02/09/2023 14:36:44 PAGE 4   

 179          
 180          /**
 181           * @brief 显示阈值
 182           * @param threshold 传入阈值的大小
 183           * @return 无
 184           */
 185          void Display_Threshold(u8 threshold)
 186          {
 187   1      
 188   1              Display(1, 11);
 189   1              Display(2, 11);
 190   1      
 191   1              Display(7, threshold / 10);
 192   1              Display(8, threshold % 10);
 193   1      
 194   1      }
 195          


MODULE INFORMATION:   STATIC OVERLAYABLE
   CODE SIZE        =    278    ----
   CONSTANT SIZE    =     30    ----
   XDATA SIZE       =   ----    ----
   PDATA SIZE       =   ----    ----
   DATA SIZE        =      4    ----
   IDATA SIZE       =   ----    ----
   BIT SIZE         =   ----    ----
END OF MODULE INFORMATION.


C51 COMPILATION COMPLETE.  0 WARNING(S),  0 ERROR(S)
