C51 COMPILER V9.60.0.0   FUNCTION                                                          01/05/2023 14:40:57 PAGE 1   


C51 COMPILER V9.60.0.0, COMPILATION OF MODULE FUNCTION
OBJECT MODULE PLACED IN .\build\Target 1\__\__\scr\function.o
COMPILER INVOKED BY: D:\Keil_v5\C51\BIN\C51.exe .\..\..\SCR\FUNCTION.C OMF2 TABS(4) CODE NOCOND SYMBOLS PRINT(.\build\Ta
                    -rget 1\__\__\scr\function.lst) INCDIR(D:/Keil_v5/C51/INC/STC;D:/Keil_v5/C51/INC) DEFINE(__UVISION_VERSION=526) OPTIMIZE(
                    -8,SPEED) SMALL ROM(LARGE) OBJECT(.\build\Target 1\__\__\scr\function.o)

line level    source

   1          #include "function.h"
   2          #include <STC15F2K60S2.H>
   3          #include <intrins.h>
   4          #include "ds1302.h"
   5              
   6          u8 code COM[9] = {0x00, 0x01, 0x02, 0x04, 0x08, 0x10, 0x20, 0x40, 0x80};        //.   //-
   7          u8 code NUM[12] = {0xc0, 0xf9, 0xa4, 0xb0, 0x99, 0x92, 0x82, 0xf8, 0x80, 0x90, 0x7f, 0xbf};
   8          u8 code LED[9] = {0xff, 0xfe, 0xfd, 0xfb, 0xf7, 0xef, 0xdf, 0xbf, 0x7f};
   9          u8 buzz_relay_flag = 0x00;
  10          
  11          void Delay3ms()     //@11.0592MHz
  12          {
  13   1          unsigned char i, j;
  14   1      
  15   1          _nop_();
  16   1          _nop_();
  17   1          i = 33;
  18   1          j = 66;
  19   1          do
  20   1          {
  21   2              while (--j);
  22   2          } while (--i);
  23   1      }
  24          
  25          /**
  26           * @brief LEDżŘÖĆ
  27           * @param led żŘÖĆµÚĽ¸¸öµĆ
  28           * @param state żŘÖĆµĆµÄ×´Ě¬
  29           *      @arg GPIO_Pin_Reset LEDżŞĆô
  30           *      @arg GPIO_Pin_Set   LEDąŘ±Ő
  31           * @return ÎŢ
  32           */
  33          void Led_Ctrl(u8 led, u8 state)
  34          {
  35   1          static u8 Led_flag = 0xff;
  36   1      
  37   1          if(!state)
  38   1          {
  39   2              Led_flag &= led;         
  40   2          }                           
  41   1          else
  42   1          {
  43   2              Led_flag |= ~led;    
  44   2          }
  45   1      
  46   1          P2 = (P2 & 0x1f) | 0x80;
  47   1          P0 = Led_flag;
  48   1          P2 &= 0x1f;
  49   1      }   
  50          
  51          /**
  52           * @brief ·äĂůĆ÷żŘÖĆ
  53           * @param state żŘÖĆ·äĂůĆ÷µÄ×´Ě¬
C51 COMPILER V9.60.0.0   FUNCTION                                                          01/05/2023 14:40:57 PAGE 2   

  54           *      @arg GPIO_Pin_Reset ·äĂůĆ÷ąŘ±Ő
  55           *      @arg GPIO_Pin_Set   ·äĂůĆ÷żŞĆô
  56           * @return ÎŢ
  57           */
  58          void Buzz_Ctrl(u8 state)
  59          {
  60   1          P0 = buzz_relay_flag;
  61   1          P2 = (P2 & 0X1F) | 0xa0;
  62   1          P06 = state;
  63   1          P2 &= 0x1f;
  64   1          buzz_relay_flag = P0;
  65   1      }
  66          
  67          /**
  68           * @brief żŘÖĆĽĚµçĆ÷µÄ×´Ě¬
  69           * @param state 
  70           *      @arg GPIO_Pin_Reset ĽĚµçĆ÷ąŘ±Ő
  71           *      @arg GPIO_Pin_Set   ĽĚµçĆ÷żŞĆô
  72           * @return ÎŢ
  73           */
  74          void Relay_Ctrl(u8 state)
  75          {
  76   1          P0 = buzz_relay_flag;
  77   1          P2 = (P2 & 0X1F) | 0xa0;
  78   1          P04 = state;
  79   1          P2 &= 0x1f;
  80   1          buzz_relay_flag = P0;
  81   1      }
  82          
  83          /**
  84           * @brief °´ĽüÉ¨Ăč
  85           * @param ÎŢ
  86           * @return u8 ·µ»Ř°´ĽüµÄ×´Ě¬Ł¬ČçąűĂ»ÓĐ°´Ľü°´ĎÂŁ¬·µ»Ř0x99
  87           */
  88          u8 Key_Scan()
  89          {
  90   1          if(P30 == 0)
  91   1          {
  92   2              return s7;
  93   2          }
  94   1          else if(P31 == 0)
  95   1          {
  96   2              return s6;
  97   2          }
  98   1          else if(P32 == 0)
  99   1          {
 100   2              return s5; 
 101   2          }
 102   1          else if(P33 == 0)
 103   1          {
 104   2              return s4;
 105   2          }
 106   1          else
 107   1          {
 108   2              return No_Press;
 109   2          }
 110   1      }
 111          
 112          /**
 113           * @brief ·µ»ŘŇ»´Î°´ĽüÓĐĐ§Öµ
 114           * @param ÎŢ
 115           * @return u8 ·µ»Ř°´ĽüÓĐĐ§Öµ
C51 COMPILER V9.60.0.0   FUNCTION                                                          01/05/2023 14:40:57 PAGE 3   

 116           */
 117          u8 Key_Val()
 118          {
 119   1          static u8 key = No_Press, state = No_Press;
 120   1      
 121   1          state = Key_Scan();
 122   1          if(state != key)
 123   1          {
 124   2              key = state;
 125   2              return key;
 126   2          }
 127   1          else
 128   1          {
 129   2              return No_Press;
 130   2          }
 131   1      }
 132          
 133          /**
 134           * @brief ĘýÂëąÜĎÔĘľ
 135           * @param com Î»ŃˇŁ¨żŘÖĆµÚĽ¸¸öĘýÂëąÜÁÁŁ©
 136           * @param num ¶ÎŃˇŁ¨żŘÖĆŇŞĎÔĘľµÄĘý×ÖŁ©
 137           * @return ÎŢ
 138           */
 139          void Display(u8 com, u8 num)
 140          {
 141   1          P2 = (P2 & 0X1F) | 0Xc0;
 142   1          P0 = COM[com];
 143   1      
 144   1          P2 = (P2 & 0X1F) | 0Xe0;
 145   1          P0 = NUM[num];
 146   1      
 147   1          P2 &= 0x1f;
 148   1          Delay3ms();
 149   1      }
 150          
 151          /**
 152           * @brief ĎÔĘľĘ±Ľä
 153           * @param ÎŢ
 154           * @return ÎŢ
 155           */
 156          void Display_Time()
 157          {
 158   1          Display(1, Hour / 10);
 159   1          Display(2, Hour % 10);
 160   1      
 161   1          Display(3, 11);
 162   1      
 163   1          Display(4, Min / 10);
 164   1          Display(5, Min % 10);
 165   1      }
 166          
 167          /**
 168           * @brief ĎÔĘľĘŞ¶Č
 169           * @param humidity ´«ČëĘŞ¶ČµÄ´óĐˇ
 170           * @return ÎŢ
 171           */
 172          void Display_Humidity(u8 humidity)
 173          {
 174   1      
 175   1          Display(7, humidity / 10);
 176   1          Display(8, humidity % 10);
 177   1      
C51 COMPILER V9.60.0.0   FUNCTION                                                          01/05/2023 14:40:57 PAGE 4   

 178   1      }
 179          
 180          /**
 181           * @brief ĎÔĘľăĐÖµ
 182           * @param threshold ´«ČëăĐÖµµÄ´óĐˇ
 183           * @return ÎŢ
 184           */
 185          void Display_Threshold(u8 threshold)
 186          {
 187   1      
 188   1          Display(1, 11);
 189   1          Display(2, 11);
 190   1      
 191   1          Display(7, threshold / 10);
 192   1          Display(8, threshold % 10);
 193   1      
 194   1      }
 195          
C51 COMPILER V9.60.0.0   FUNCTION                                                          01/05/2023 14:40:57 PAGE 5   

ASSEMBLY LISTING OF GENERATED OBJECT CODE


             ; FUNCTION Delay3ms (BEGIN)
                                           ; SOURCE LINE # 11
                                           ; SOURCE LINE # 12
                                           ; SOURCE LINE # 15
0000 00                NOP     
                                           ; SOURCE LINE # 16
0001 00                NOP     
                                           ; SOURCE LINE # 17
;---- Variable 'i' assigned to Register 'R7' ----
0002 7F21              MOV     R7,#021H
                                           ; SOURCE LINE # 18
;---- Variable 'j' assigned to Register 'R6' ----
0004 7E42              MOV     R6,#042H
                                           ; SOURCE LINE # 20
0006         ?C0004:
                                           ; SOURCE LINE # 21
0006 DEFE              DJNZ    R6,?C0004
                                           ; SOURCE LINE # 22
0008 DFFC              DJNZ    R7,?C0004
                                           ; SOURCE LINE # 23
000A 22                RET     
             ; FUNCTION Delay3ms (END)

             ; FUNCTION _Led_Ctrl (BEGIN)
                                           ; SOURCE LINE # 33
;---- Variable 'led' assigned to Register 'R7' ----
;---- Variable 'state' assigned to Register 'R5' ----
                                           ; SOURCE LINE # 34
                                           ; SOURCE LINE # 37
0000 ED                MOV     A,R5
0001 7005              JNZ     ?C0007
                                           ; SOURCE LINE # 38
                                           ; SOURCE LINE # 39
0003 EF                MOV     A,R7
0004 5200        R     ANL     Led_flag,A
                                           ; SOURCE LINE # 40
0006 8004              SJMP    ?C0008
0008         ?C0007:
                                           ; SOURCE LINE # 42
                                           ; SOURCE LINE # 43
0008 EF                MOV     A,R7
0009 F4                CPL     A
000A 4200        R     ORL     Led_flag,A
                                           ; SOURCE LINE # 44
000C         ?C0008:
                                           ; SOURCE LINE # 46
000C E5A0              MOV     A,P2
000E 541F              ANL     A,#01FH
0010 4480              ORL     A,#080H
0012 F5A0              MOV     P2,A
                                           ; SOURCE LINE # 47
0014 850080      R     MOV     P0,Led_flag
                                           ; SOURCE LINE # 48
0017 53A01F            ANL     P2,#01FH
                                           ; SOURCE LINE # 49
001A 22                RET     
             ; FUNCTION _Led_Ctrl (END)

             ; FUNCTION _Buzz_Ctrl (BEGIN)
C51 COMPILER V9.60.0.0   FUNCTION                                                          01/05/2023 14:40:57 PAGE 6   

                                           ; SOURCE LINE # 58
;---- Variable 'state' assigned to Register 'R7' ----
                                           ; SOURCE LINE # 59
                                           ; SOURCE LINE # 60
0000 850080      R     MOV     P0,buzz_relay_flag
                                           ; SOURCE LINE # 61
0003 E5A0              MOV     A,P2
0005 541F              ANL     A,#01FH
0007 44A0              ORL     A,#0A0H
0009 F5A0              MOV     P2,A
                                           ; SOURCE LINE # 62
000B EF                MOV     A,R7
000C 24FF              ADD     A,#0FFH
000E 9286              MOV     P06,C
                                           ; SOURCE LINE # 63
0010 53A01F            ANL     P2,#01FH
                                           ; SOURCE LINE # 64
0013 858000      R     MOV     buzz_relay_flag,P0
                                           ; SOURCE LINE # 65
0016 22                RET     
             ; FUNCTION _Buzz_Ctrl (END)

             ; FUNCTION _Relay_Ctrl (BEGIN)
                                           ; SOURCE LINE # 74
;---- Variable 'state' assigned to Register 'R7' ----
                                           ; SOURCE LINE # 75
                                           ; SOURCE LINE # 76
0000 850080      R     MOV     P0,buzz_relay_flag
                                           ; SOURCE LINE # 77
0003 E5A0              MOV     A,P2
0005 541F              ANL     A,#01FH
0007 44A0              ORL     A,#0A0H
0009 F5A0              MOV     P2,A
                                           ; SOURCE LINE # 78
000B EF                MOV     A,R7
000C 24FF              ADD     A,#0FFH
000E 9284              MOV     P04,C
                                           ; SOURCE LINE # 79
0010 53A01F            ANL     P2,#01FH
                                           ; SOURCE LINE # 80
0013 858000      R     MOV     buzz_relay_flag,P0
                                           ; SOURCE LINE # 81
0016 22                RET     
             ; FUNCTION _Relay_Ctrl (END)

             ; FUNCTION Key_Scan (BEGIN)
                                           ; SOURCE LINE # 88
                                           ; SOURCE LINE # 89
                                           ; SOURCE LINE # 90
0000 20B003            JB      P30,?C0012
                                           ; SOURCE LINE # 91
                                           ; SOURCE LINE # 92
0003 7F14              MOV     R7,#014H
0005 22                RET     
                                           ; SOURCE LINE # 93
0006         ?C0012:
                                           ; SOURCE LINE # 94
0006 20B103            JB      P31,?C0015
                                           ; SOURCE LINE # 95
                                           ; SOURCE LINE # 96
0009 7F13              MOV     R7,#013H
000B 22                RET     
C51 COMPILER V9.60.0.0   FUNCTION                                                          01/05/2023 14:40:57 PAGE 7   

                                           ; SOURCE LINE # 97
000C         ?C0015:
                                           ; SOURCE LINE # 98
000C 20B203            JB      P32,?C0017
                                           ; SOURCE LINE # 99
                                           ; SOURCE LINE # 100
000F 7F12              MOV     R7,#012H
0011 22                RET     
                                           ; SOURCE LINE # 101
0012         ?C0017:
                                           ; SOURCE LINE # 102
0012 7F99              MOV     R7,#099H
0014 20B302            JB      P33,?C0019
                                           ; SOURCE LINE # 103
                                           ; SOURCE LINE # 104
0017 7F11              MOV     R7,#011H
                                           ; SOURCE LINE # 105
0019         ?C0019:
                                           ; SOURCE LINE # 107
                                           ; SOURCE LINE # 108
                                           ; SOURCE LINE # 109
                                           ; SOURCE LINE # 110
0019         ?C0013:
0019 22                RET     
             ; FUNCTION Key_Scan (END)

             ; FUNCTION Key_Val (BEGIN)
                                           ; SOURCE LINE # 117
                                           ; SOURCE LINE # 118
                                           ; SOURCE LINE # 121
0000 120000      R     LCALL   Key_Scan
0003 8F00        R     MOV     state,R7
                                           ; SOURCE LINE # 122
0005 E500        R     MOV     A,state
0007 6500        R     XRL     A,key
0009 6006              JZ      ?C0021
                                           ; SOURCE LINE # 123
                                           ; SOURCE LINE # 124
000B 850000      R     MOV     key,state
                                           ; SOURCE LINE # 125
000E AF00        R     MOV     R7,key
0010 22                RET     
                                           ; SOURCE LINE # 126
0011         ?C0021:
                                           ; SOURCE LINE # 128
                                           ; SOURCE LINE # 129
0011 7F99              MOV     R7,#099H
                                           ; SOURCE LINE # 130
                                           ; SOURCE LINE # 131
0013         ?C0022:
0013 22                RET     
             ; FUNCTION Key_Val (END)

             ; FUNCTION L?0028 (BEGIN)
0000 EC                MOV     A,R4
0001 75F00A            MOV     B,#0AH
0004 84                DIV     AB
0005 FD                MOV     R5,A
0006 7F07              MOV     R7,#07H
             ; FUNCTION _Display (BEGIN)
                                           ; SOURCE LINE # 139
;---- Variable 'num' assigned to Register 'R5' ----
C51 COMPILER V9.60.0.0   FUNCTION                                                          01/05/2023 14:40:57 PAGE 8   

;---- Variable 'com' assigned to Register 'R7' ----
                                           ; SOURCE LINE # 140
                                           ; SOURCE LINE # 141
0008 E5A0              MOV     A,P2
000A 541F              ANL     A,#01FH
000C 44C0              ORL     A,#0C0H
000E F5A0              MOV     P2,A
                                           ; SOURCE LINE # 142
0010 EF                MOV     A,R7
0011 900000      R     MOV     DPTR,#COM
0014 93                MOVC    A,@A+DPTR
0015 F580              MOV     P0,A
                                           ; SOURCE LINE # 144
0017 E5A0              MOV     A,P2
0019 541F              ANL     A,#01FH
001B 44E0              ORL     A,#0E0H
001D F5A0              MOV     P2,A
                                           ; SOURCE LINE # 145
001F ED                MOV     A,R5
0020 900000      R     MOV     DPTR,#NUM
0023 93                MOVC    A,@A+DPTR
0024 F580              MOV     P0,A
                                           ; SOURCE LINE # 147
0026 53A01F            ANL     P2,#01FH
                                           ; SOURCE LINE # 148
0029 020000      R     LJMP    Delay3ms
             ; FUNCTION _Display (END)

             ; FUNCTION Display_Time (BEGIN)
                                           ; SOURCE LINE # 156
                                           ; SOURCE LINE # 157
                                           ; SOURCE LINE # 158
0000 E500        E     MOV     A,Hour
0002 75F00A            MOV     B,#0AH
0005 84                DIV     AB
0006 FD                MOV     R5,A
0007 7F01              MOV     R7,#01H
0009 120000      R     LCALL   _Display
                                           ; SOURCE LINE # 159
000C E500        E     MOV     A,Hour
000E 75F00A            MOV     B,#0AH
0011 84                DIV     AB
0012 ADF0              MOV     R5,B
0014 7F02              MOV     R7,#02H
0016 120000      R     LCALL   _Display
                                           ; SOURCE LINE # 161
0019 7D0B              MOV     R5,#0BH
001B 7F03              MOV     R7,#03H
001D 120000      R     LCALL   _Display
                                           ; SOURCE LINE # 163
0020 E500        E     MOV     A,Min
0022 75F00A            MOV     B,#0AH
0025 84                DIV     AB
0026 FD                MOV     R5,A
0027 7F04              MOV     R7,#04H
0029 120000      R     LCALL   _Display
                                           ; SOURCE LINE # 164
002C E500        E     MOV     A,Min
002E 75F00A            MOV     B,#0AH
0031 84                DIV     AB
0032 ADF0              MOV     R5,B
0034 7F05              MOV     R7,#05H
C51 COMPILER V9.60.0.0   FUNCTION                                                          01/05/2023 14:40:57 PAGE 9   

0036 020000      R     LJMP    _Display
             ; FUNCTION Display_Time (END)

             ; FUNCTION _Display_Humidity (BEGIN)
                                           ; SOURCE LINE # 172
;---- Variable 'humidity' assigned to Register 'R4' ----
0000 AC07              MOV     R4,AR7
                                           ; SOURCE LINE # 173
                                           ; SOURCE LINE # 175
0002 120000      R     LCALL   L?0028
                                           ; SOURCE LINE # 176
0005 EC                MOV     A,R4
0006 75F00A            MOV     B,#0AH
0009 84                DIV     AB
000A ADF0              MOV     R5,B
000C 7F08              MOV     R7,#08H
000E 020000      R     LJMP    _Display
             ; FUNCTION _Display_Humidity (END)

             ; FUNCTION _Display_Threshold (BEGIN)
                                           ; SOURCE LINE # 185
;---- Variable 'threshold' assigned to Register 'R4' ----
0000 AC07              MOV     R4,AR7
                                           ; SOURCE LINE # 186
                                           ; SOURCE LINE # 188
0002 7D0B              MOV     R5,#0BH
0004 7F01              MOV     R7,#01H
0006 120000      R     LCALL   _Display
                                           ; SOURCE LINE # 189
0009 7F02              MOV     R7,#02H
000B 120000      R     LCALL   _Display
                                           ; SOURCE LINE # 191
000E 120000      R     LCALL   L?0028
                                           ; SOURCE LINE # 192
0011 EC                MOV     A,R4
0012 75F00A            MOV     B,#0AH
0015 84                DIV     AB
0016 ADF0              MOV     R5,B
0018 7F08              MOV     R7,#08H
001A 020000      R     LJMP    _Display
             ; FUNCTION _Display_Threshold (END)

C51 COMPILER V9.60.0.0   FUNCTION                                                          01/05/2023 14:40:57 PAGE 10  

NAME                                    CLASS   MSPACE  TYPE    OFFSET  SIZE
====                                    =====   ======  ====    ======  ====


CCF2 . . . . . . . . . . . . . . . . .  ABSBIT   -----  BIT      00DAH  1
P1M0 . . . . . . . . . . . . . . . . .  SFR      DATA   U_CHAR   0092H  1
P0M1 . . . . . . . . . . . . . . . . .  SFR      DATA   U_CHAR   0093H  1
P2M0 . . . . . . . . . . . . . . . . .  SFR      DATA   U_CHAR   0096H  1
P1M1 . . . . . . . . . . . . . . . . .  SFR      DATA   U_CHAR   0091H  1
P0 . . . . . . . . . . . . . . . . . .  SFR      DATA   U_CHAR   0080H  1
P3M0 . . . . . . . . . . . . . . . . .  SFR      DATA   U_CHAR   00B2H  1
P2M1 . . . . . . . . . . . . . . . . .  SFR      DATA   U_CHAR   0095H  1
P1 . . . . . . . . . . . . . . . . . .  SFR      DATA   U_CHAR   0090H  1
P4M0 . . . . . . . . . . . . . . . . .  SFR      DATA   U_CHAR   00B4H  1
P3M1 . . . . . . . . . . . . . . . . .  SFR      DATA   U_CHAR   00B1H  1
P2 . . . . . . . . . . . . . . . . . .  SFR      DATA   U_CHAR   00A0H  1
WKTCH. . . . . . . . . . . . . . . . .  SFR      DATA   U_CHAR   00ABH  1
P5M0 . . . . . . . . . . . . . . . . .  SFR      DATA   U_CHAR   00CAH  1
P4M1 . . . . . . . . . . . . . . . . .  SFR      DATA   U_CHAR   00B3H  1
P3 . . . . . . . . . . . . . . . . . .  SFR      DATA   U_CHAR   00B0H  1
P6M0 . . . . . . . . . . . . . . . . .  SFR      DATA   U_CHAR   00CCH  1
P5M1 . . . . . . . . . . . . . . . . .  SFR      DATA   U_CHAR   00C9H  1
P4 . . . . . . . . . . . . . . . . . .  SFR      DATA   U_CHAR   00C0H  1
AC . . . . . . . . . . . . . . . . . .  ABSBIT   -----  BIT      00D6H  1
PWMIF. . . . . . . . . . . . . . . . .  SFR      DATA   U_CHAR   00F6H  1
P7M0 . . . . . . . . . . . . . . . . .  SFR      DATA   U_CHAR   00E2H  1
P6M1 . . . . . . . . . . . . . . . . .  SFR      DATA   U_CHAR   00CBH  1
P5 . . . . . . . . . . . . . . . . . .  SFR      DATA   U_CHAR   00C8H  1
EA . . . . . . . . . . . . . . . . . .  ABSBIT   -----  BIT      00AFH  1
P7M1 . . . . . . . . . . . . . . . . .  SFR      DATA   U_CHAR   00E1H  1
P6 . . . . . . . . . . . . . . . . . .  SFR      DATA   U_CHAR   00E8H  1
WKTCL. . . . . . . . . . . . . . . . .  SFR      DATA   U_CHAR   00AAH  1
P7 . . . . . . . . . . . . . . . . . .  SFR      DATA   U_CHAR   00F8H  1
Delay3ms . . . . . . . . . . . . . . .  PUBLIC   CODE   PROC     0000H  -----
  i. . . . . . . . . . . . . . . . . .  * REG *  DATA   U_CHAR   0007H  1
  j. . . . . . . . . . . . . . . . . .  * REG *  DATA   U_CHAR   0006H  1
SPCTL. . . . . . . . . . . . . . . . .  SFR      DATA   U_CHAR   00CEH  1
CF . . . . . . . . . . . . . . . . . .  ABSBIT   -----  BIT      00DFH  1
PWMCR. . . . . . . . . . . . . . . . .  SFR      DATA   U_CHAR   00F5H  1
CH . . . . . . . . . . . . . . . . . .  SFR      DATA   U_CHAR   00F9H  1
P_SW1. . . . . . . . . . . . . . . . .  SFR      DATA   U_CHAR   00A2H  1
P_SW2. . . . . . . . . . . . . . . . .  SFR      DATA   U_CHAR   00BAH  1
EADC . . . . . . . . . . . . . . . . .  ABSBIT   -----  BIT      00ADH  1
IE . . . . . . . . . . . . . . . . . .  SFR      DATA   U_CHAR   00A8H  1
_Display_Humidity. . . . . . . . . . .  PUBLIC   CODE   PROC     0000H  -----
  humidity . . . . . . . . . . . . . .  * REG *  DATA   U_CHAR   0004H  1
_Led_Ctrl. . . . . . . . . . . . . . .  PUBLIC   CODE   PROC     0000H  -----
  led. . . . . . . . . . . . . . . . .  * REG *  DATA   U_CHAR   0007H  1
  state. . . . . . . . . . . . . . . .  * REG *  DATA   U_CHAR   0005H  1
  Led_flag . . . . . . . . . . . . . .  STATIC   DATA   U_CHAR   0000H  1
CL . . . . . . . . . . . . . . . . . .  SFR      DATA   U_CHAR   00E9H  1
IAP_CMD. . . . . . . . . . . . . . . .  SFR      DATA   U_CHAR   00C5H  1
CCAP0H . . . . . . . . . . . . . . . .  SFR      DATA   U_CHAR   00FAH  1
CCAP1H . . . . . . . . . . . . . . . .  SFR      DATA   U_CHAR   00FBH  1
Key_Scan . . . . . . . . . . . . . . .  PUBLIC   CODE   PROC     0000H  -----
CCAP2H . . . . . . . . . . . . . . . .  SFR      DATA   U_CHAR   00FCH  1
ADC_RES. . . . . . . . . . . . . . . .  SFR      DATA   U_CHAR   00BDH  1
CCAP0L . . . . . . . . . . . . . . . .  SFR      DATA   U_CHAR   00EAH  1
CR . . . . . . . . . . . . . . . . . .  ABSBIT   -----  BIT      00DEH  1
PWMFDCR. . . . . . . . . . . . . . . .  SFR      DATA   U_CHAR   00F7H  1
CCAP1L . . . . . . . . . . . . . . . .  SFR      DATA   U_CHAR   00EBH  1
C51 COMPILER V9.60.0.0   FUNCTION                                                          01/05/2023 14:40:57 PAGE 11  

NAME                                    CLASS   MSPACE  TYPE    OFFSET  SIZE
====                                    =====   ======  ====    ======  ====


CCAPM0 . . . . . . . . . . . . . . . .  SFR      DATA   U_CHAR   00DAH  1
CCAP2L . . . . . . . . . . . . . . . .  SFR      DATA   U_CHAR   00ECH  1
CCAPM1 . . . . . . . . . . . . . . . .  SFR      DATA   U_CHAR   00DBH  1
CCAPM2 . . . . . . . . . . . . . . . .  SFR      DATA   U_CHAR   00DCH  1
ES . . . . . . . . . . . . . . . . . .  ABSBIT   -----  BIT      00ACH  1
PADC . . . . . . . . . . . . . . . . .  ABSBIT   -----  BIT      00BDH  1
IP . . . . . . . . . . . . . . . . . .  SFR      DATA   U_CHAR   00B8H  1
RI . . . . . . . . . . . . . . . . . .  ABSBIT   -----  BIT      0098H  1
CY . . . . . . . . . . . . . . . . . .  ABSBIT   -----  BIT      00D7H  1
TI . . . . . . . . . . . . . . . . . .  ABSBIT   -----  BIT      0099H  1
CLK_DIV. . . . . . . . . . . . . . . .  SFR      DATA   U_CHAR   0097H  1
Hour . . . . . . . . . . . . . . . . .  EXTERN   DATA   U_CHAR   -----  1
IAP_ADDRH. . . . . . . . . . . . . . .  SFR      DATA   U_CHAR   00C3H  1
PS . . . . . . . . . . . . . . . . . .  ABSBIT   -----  BIT      00BCH  1
SP . . . . . . . . . . . . . . . . . .  SFR      DATA   U_CHAR   0081H  1
CMOD . . . . . . . . . . . . . . . . .  SFR      DATA   U_CHAR   00D9H  1
CCON . . . . . . . . . . . . . . . . .  SFR      DATA   U_CHAR   00D8H  1
IAP_ADDRL. . . . . . . . . . . . . . .  SFR      DATA   U_CHAR   00C4H  1
Min. . . . . . . . . . . . . . . . . .  EXTERN   DATA   U_CHAR   -----  1
PPCA . . . . . . . . . . . . . . . . .  ABSBIT   -----  BIT      00BFH  1
OV . . . . . . . . . . . . . . . . . .  ABSBIT   -----  BIT      00D2H  1
_Buzz_Ctrl . . . . . . . . . . . . . .  PUBLIC   CODE   PROC     0000H  -----
  state. . . . . . . . . . . . . . . .  * REG *  DATA   U_CHAR   0007H  1
CMPCR1 . . . . . . . . . . . . . . . .  SFR      DATA   U_CHAR   00E6H  1
CMPCR2 . . . . . . . . . . . . . . . .  SFR      DATA   U_CHAR   00E7H  1
ELVD . . . . . . . . . . . . . . . . .  ABSBIT   -----  BIT      00AEH  1
Key_Val. . . . . . . . . . . . . . . .  PUBLIC   CODE   PROC     0000H  -----
  key. . . . . . . . . . . . . . . . .  STATIC   DATA   U_CHAR   0001H  1
  state. . . . . . . . . . . . . . . .  STATIC   DATA   U_CHAR   0002H  1
P00. . . . . . . . . . . . . . . . . .  ABSBIT   -----  BIT      0080H  1
ADC_CONTR. . . . . . . . . . . . . . .  SFR      DATA   U_CHAR   00BCH  1
SBUF . . . . . . . . . . . . . . . . .  SFR      DATA   U_CHAR   0099H  1
PCON . . . . . . . . . . . . . . . . .  SFR      DATA   U_CHAR   0087H  1
P10. . . . . . . . . . . . . . . . . .  ABSBIT   -----  BIT      0090H  1
P01. . . . . . . . . . . . . . . . . .  ABSBIT   -----  BIT      0081H  1
P20. . . . . . . . . . . . . . . . . .  ABSBIT   -----  BIT      00A0H  1
P11. . . . . . . . . . . . . . . . . .  ABSBIT   -----  BIT      0091H  1
P02. . . . . . . . . . . . . . . . . .  ABSBIT   -----  BIT      0082H  1
P30. . . . . . . . . . . . . . . . . .  ABSBIT   -----  BIT      00B0H  1
P21. . . . . . . . . . . . . . . . . .  ABSBIT   -----  BIT      00A1H  1
P12. . . . . . . . . . . . . . . . . .  ABSBIT   -----  BIT      0092H  1
P03. . . . . . . . . . . . . . . . . .  ABSBIT   -----  BIT      0083H  1
SCON . . . . . . . . . . . . . . . . .  SFR      DATA   U_CHAR   0098H  1
P40. . . . . . . . . . . . . . . . . .  ABSBIT   -----  BIT      00C0H  1
P31. . . . . . . . . . . . . . . . . .  ABSBIT   -----  BIT      00B1H  1
P22. . . . . . . . . . . . . . . . . .  ABSBIT   -----  BIT      00A2H  1
P13. . . . . . . . . . . . . . . . . .  ABSBIT   -----  BIT      0093H  1
P04. . . . . . . . . . . . . . . . . .  ABSBIT   -----  BIT      0084H  1
TMOD . . . . . . . . . . . . . . . . .  SFR      DATA   U_CHAR   0089H  1
TCON . . . . . . . . . . . . . . . . .  SFR      DATA   U_CHAR   0088H  1
P50. . . . . . . . . . . . . . . . . .  ABSBIT   -----  BIT      00C8H  1
P41. . . . . . . . . . . . . . . . . .  ABSBIT   -----  BIT      00C1H  1
P32. . . . . . . . . . . . . . . . . .  ABSBIT   -----  BIT      00B2H  1
P23. . . . . . . . . . . . . . . . . .  ABSBIT   -----  BIT      00A3H  1
P14. . . . . . . . . . . . . . . . . .  ABSBIT   -----  BIT      0094H  1
P05. . . . . . . . . . . . . . . . . .  ABSBIT   -----  BIT      0085H  1
P60. . . . . . . . . . . . . . . . . .  ABSBIT   -----  BIT      00E8H  1
C51 COMPILER V9.60.0.0   FUNCTION                                                          01/05/2023 14:40:57 PAGE 12  

NAME                                    CLASS   MSPACE  TYPE    OFFSET  SIZE
====                                    =====   ======  ====    ======  ====


P51. . . . . . . . . . . . . . . . . .  ABSBIT   -----  BIT      00C9H  1
P42. . . . . . . . . . . . . . . . . .  ABSBIT   -----  BIT      00C2H  1
P33. . . . . . . . . . . . . . . . . .  ABSBIT   -----  BIT      00B3H  1
P24. . . . . . . . . . . . . . . . . .  ABSBIT   -----  BIT      00A4H  1
P15. . . . . . . . . . . . . . . . . .  ABSBIT   -----  BIT      0095H  1
P06. . . . . . . . . . . . . . . . . .  ABSBIT   -----  BIT      0086H  1
PLVD . . . . . . . . . . . . . . . . .  ABSBIT   -----  BIT      00BEH  1
P70. . . . . . . . . . . . . . . . . .  ABSBIT   -----  BIT      00F8H  1
P61. . . . . . . . . . . . . . . . . .  ABSBIT   -----  BIT      00E9H  1
P52. . . . . . . . . . . . . . . . . .  ABSBIT   -----  BIT      00CAH  1
P43. . . . . . . . . . . . . . . . . .  ABSBIT   -----  BIT      00C3H  1
P34. . . . . . . . . . . . . . . . . .  ABSBIT   -----  BIT      00B4H  1
P25. . . . . . . . . . . . . . . . . .  ABSBIT   -----  BIT      00A5H  1
P16. . . . . . . . . . . . . . . . . .  ABSBIT   -----  BIT      0096H  1
P07. . . . . . . . . . . . . . . . . .  ABSBIT   -----  BIT      0087H  1
P71. . . . . . . . . . . . . . . . . .  ABSBIT   -----  BIT      00F9H  1
P62. . . . . . . . . . . . . . . . . .  ABSBIT   -----  BIT      00EAH  1
P53. . . . . . . . . . . . . . . . . .  ABSBIT   -----  BIT      00CBH  1
P44. . . . . . . . . . . . . . . . . .  ABSBIT   -----  BIT      00C4H  1
P35. . . . . . . . . . . . . . . . . .  ABSBIT   -----  BIT      00B5H  1
P26. . . . . . . . . . . . . . . . . .  ABSBIT   -----  BIT      00A6H  1
P17. . . . . . . . . . . . . . . . . .  ABSBIT   -----  BIT      0097H  1
P72. . . . . . . . . . . . . . . . . .  ABSBIT   -----  BIT      00FAH  1
P63. . . . . . . . . . . . . . . . . .  ABSBIT   -----  BIT      00EBH  1
P54. . . . . . . . . . . . . . . . . .  ABSBIT   -----  BIT      00CCH  1
P45. . . . . . . . . . . . . . . . . .  ABSBIT   -----  BIT      00C5H  1
P36. . . . . . . . . . . . . . . . . .  ABSBIT   -----  BIT      00B6H  1
P27. . . . . . . . . . . . . . . . . .  ABSBIT   -----  BIT      00A7H  1
P73. . . . . . . . . . . . . . . . . .  ABSBIT   -----  BIT      00FBH  1
P64. . . . . . . . . . . . . . . . . .  ABSBIT   -----  BIT      00ECH  1
P55. . . . . . . . . . . . . . . . . .  ABSBIT   -----  BIT      00CDH  1
P46. . . . . . . . . . . . . . . . . .  ABSBIT   -----  BIT      00C6H  1
P37. . . . . . . . . . . . . . . . . .  ABSBIT   -----  BIT      00B7H  1
P74. . . . . . . . . . . . . . . . . .  ABSBIT   -----  BIT      00FCH  1
P65. . . . . . . . . . . . . . . . . .  ABSBIT   -----  BIT      00EDH  1
P56. . . . . . . . . . . . . . . . . .  ABSBIT   -----  BIT      00CEH  1
P47. . . . . . . . . . . . . . . . . .  ABSBIT   -----  BIT      00C7H  1
P75. . . . . . . . . . . . . . . . . .  ABSBIT   -----  BIT      00FDH  1
P66. . . . . . . . . . . . . . . . . .  ABSBIT   -----  BIT      00EEH  1
P57. . . . . . . . . . . . . . . . . .  ABSBIT   -----  BIT      00CFH  1
P76. . . . . . . . . . . . . . . . . .  ABSBIT   -----  BIT      00FEH  1
P67. . . . . . . . . . . . . . . . . .  ABSBIT   -----  BIT      00EFH  1
IE0. . . . . . . . . . . . . . . . . .  ABSBIT   -----  BIT      0089H  1
BUS_SPEED. . . . . . . . . . . . . . .  SFR      DATA   U_CHAR   00A1H  1
P77. . . . . . . . . . . . . . . . . .  ABSBIT   -----  BIT      00FFH  1
IE1. . . . . . . . . . . . . . . . . .  ABSBIT   -----  BIT      008BH  1
IE2. . . . . . . . . . . . . . . . . .  SFR      DATA   U_CHAR   00AFH  1
AUXR . . . . . . . . . . . . . . . . .  SFR      DATA   U_CHAR   008EH  1
B. . . . . . . . . . . . . . . . . . .  SFR      DATA   U_CHAR   00F0H  1
IAP_CONTR. . . . . . . . . . . . . . .  SFR      DATA   U_CHAR   00C7H  1
PWMCFG . . . . . . . . . . . . . . . .  SFR      DATA   U_CHAR   00F1H  1
ACC. . . . . . . . . . . . . . . . . .  SFR      DATA   U_CHAR   00E0H  1
ET0. . . . . . . . . . . . . . . . . .  ABSBIT   -----  BIT      00A9H  1
TF0. . . . . . . . . . . . . . . . . .  ABSBIT   -----  BIT      008DH  1
ET1. . . . . . . . . . . . . . . . . .  ABSBIT   -----  BIT      00ABH  1
buzz_relay_flag. . . . . . . . . . . .  PUBLIC   DATA   U_CHAR   0003H  1
TF1. . . . . . . . . . . . . . . . . .  ABSBIT   -----  BIT      008FH  1
C51 COMPILER V9.60.0.0   FUNCTION                                                          01/05/2023 14:40:57 PAGE 13  

NAME                                    CLASS   MSPACE  TYPE    OFFSET  SIZE
====                                    =====   ======  ====    ======  ====


IP2. . . . . . . . . . . . . . . . . .  SFR      DATA   U_CHAR   00B5H  1
RB8. . . . . . . . . . . . . . . . . .  ABSBIT   -----  BIT      009AH  1
TH0. . . . . . . . . . . . . . . . . .  SFR      DATA   U_CHAR   008CH  1
Display_Time . . . . . . . . . . . . .  PUBLIC   CODE   PROC     0000H  -----
TH1. . . . . . . . . . . . . . . . . .  SFR      DATA   U_CHAR   008DH  1
IT0. . . . . . . . . . . . . . . . . .  ABSBIT   -----  BIT      0088H  1
EX0. . . . . . . . . . . . . . . . . .  ABSBIT   -----  BIT      00A8H  1
TB8. . . . . . . . . . . . . . . . . .  ABSBIT   -----  BIT      009BH  1
T2H. . . . . . . . . . . . . . . . . .  SFR      DATA   U_CHAR   00D6H  1
IT1. . . . . . . . . . . . . . . . . .  ABSBIT   -----  BIT      008AH  1
EX1. . . . . . . . . . . . . . . . . .  ABSBIT   -----  BIT      00AAH  1
T3H. . . . . . . . . . . . . . . . . .  SFR      DATA   U_CHAR   00D4H  1
P. . . . . . . . . . . . . . . . . . .  ABSBIT   -----  BIT      00D0H  1
SM0. . . . . . . . . . . . . . . . . .  ABSBIT   -----  BIT      009FH  1
T4H. . . . . . . . . . . . . . . . . .  SFR      DATA   U_CHAR   00D2H  1
TL0. . . . . . . . . . . . . . . . . .  SFR      DATA   U_CHAR   008AH  1
SM1. . . . . . . . . . . . . . . . . .  ABSBIT   -----  BIT      009EH  1
TL1. . . . . . . . . . . . . . . . . .  SFR      DATA   U_CHAR   008BH  1
SM2. . . . . . . . . . . . . . . . . .  ABSBIT   -----  BIT      009DH  1
T2L. . . . . . . . . . . . . . . . . .  SFR      DATA   U_CHAR   00D7H  1
T3L. . . . . . . . . . . . . . . . . .  SFR      DATA   U_CHAR   00D5H  1
T4L. . . . . . . . . . . . . . . . . .  SFR      DATA   U_CHAR   00D3H  1
PT0. . . . . . . . . . . . . . . . . .  ABSBIT   -----  BIT      00B9H  1
PT1. . . . . . . . . . . . . . . . . .  ABSBIT   -----  BIT      00BBH  1
RS0. . . . . . . . . . . . . . . . . .  ABSBIT   -----  BIT      00D3H  1
LED. . . . . . . . . . . . . . . . . .  PUBLIC   CODE   ARRAY    0015H  9
IAP_DATA . . . . . . . . . . . . . . .  SFR      DATA   U_CHAR   00C2H  1
TR0. . . . . . . . . . . . . . . . . .  ABSBIT   -----  BIT      008CH  1
RS1. . . . . . . . . . . . . . . . . .  ABSBIT   -----  BIT      00D4H  1
TR1. . . . . . . . . . . . . . . . . .  ABSBIT   -----  BIT      008EH  1
WDT_CONTR. . . . . . . . . . . . . . .  SFR      DATA   U_CHAR   00C1H  1
PX0. . . . . . . . . . . . . . . . . .  ABSBIT   -----  BIT      00B8H  1
PX1. . . . . . . . . . . . . . . . . .  ABSBIT   -----  BIT      00BAH  1
PCA_PWM0 . . . . . . . . . . . . . . .  SFR      DATA   U_CHAR   00F2H  1
_Display . . . . . . . . . . . . . . .  PUBLIC   CODE   PROC     0008H  -----
  com. . . . . . . . . . . . . . . . .  * REG *  DATA   U_CHAR   0007H  1
  num. . . . . . . . . . . . . . . . .  * REG *  DATA   U_CHAR   0005H  1
PCA_PWM1 . . . . . . . . . . . . . . .  SFR      DATA   U_CHAR   00F3H  1
PCA_PWM2 . . . . . . . . . . . . . . .  SFR      DATA   U_CHAR   00F4H  1
P1ASF. . . . . . . . . . . . . . . . .  SFR      DATA   U_CHAR   009DH  1
DPH. . . . . . . . . . . . . . . . . .  SFR      DATA   U_CHAR   0083H  1
T3T4M. . . . . . . . . . . . . . . . .  SFR      DATA   U_CHAR   00D1H  1
T4T3M. . . . . . . . . . . . . . . . .  SFR      DATA   U_CHAR   00D1H  1
COM. . . . . . . . . . . . . . . . . .  PUBLIC   CODE   ARRAY    0000H  9
ADC_RESL . . . . . . . . . . . . . . .  SFR      DATA   U_CHAR   00BEH  1
DPL. . . . . . . . . . . . . . . . . .  SFR      DATA   U_CHAR   0082H  1
SPSTAT . . . . . . . . . . . . . . . .  SFR      DATA   U_CHAR   00CDH  1
S2BUF. . . . . . . . . . . . . . . . .  SFR      DATA   U_CHAR   009BH  1
S3BUF. . . . . . . . . . . . . . . . .  SFR      DATA   U_CHAR   00ADH  1
S4BUF. . . . . . . . . . . . . . . . .  SFR      DATA   U_CHAR   0085H  1
REN. . . . . . . . . . . . . . . . . .  ABSBIT   -----  BIT      009CH  1
S2CON. . . . . . . . . . . . . . . . .  SFR      DATA   U_CHAR   009AH  1
S3CON. . . . . . . . . . . . . . . . .  SFR      DATA   U_CHAR   00ACH  1
S4CON. . . . . . . . . . . . . . . . .  SFR      DATA   U_CHAR   0084H  1
SADEN. . . . . . . . . . . . . . . . .  SFR      DATA   U_CHAR   00B9H  1
_Display_Threshold . . . . . . . . . .  PUBLIC   CODE   PROC     0000H  -----
  threshold. . . . . . . . . . . . . .  * REG *  DATA   U_CHAR   0004H  1
C51 COMPILER V9.60.0.0   FUNCTION                                                          01/05/2023 14:40:57 PAGE 14  

NAME                                    CLASS   MSPACE  TYPE    OFFSET  SIZE
====                                    =====   ======  ====    ======  ====


SADDR. . . . . . . . . . . . . . . . .  SFR      DATA   U_CHAR   00A9H  1
NUM. . . . . . . . . . . . . . . . . .  PUBLIC   CODE   ARRAY    0009H  12
IAP_TRIG . . . . . . . . . . . . . . .  SFR      DATA   U_CHAR   00C6H  1
AUXR1. . . . . . . . . . . . . . . . .  SFR      DATA   U_CHAR   00A2H  1
F0 . . . . . . . . . . . . . . . . . .  ABSBIT   -----  BIT      00D5H  1
INT_CLKO . . . . . . . . . . . . . . .  SFR      DATA   U_CHAR   008FH  1
F1 . . . . . . . . . . . . . . . . . .  ABSBIT   -----  BIT      00D1H  1
_Relay_Ctrl. . . . . . . . . . . . . .  PUBLIC   CODE   PROC     0000H  -----
  state. . . . . . . . . . . . . . . .  * REG *  DATA   U_CHAR   0007H  1
PSW. . . . . . . . . . . . . . . . . .  SFR      DATA   U_CHAR   00D0H  1
CCF0 . . . . . . . . . . . . . . . . .  ABSBIT   -----  BIT      00D8H  1
CCF1 . . . . . . . . . . . . . . . . .  ABSBIT   -----  BIT      00D9H  1
SPDAT. . . . . . . . . . . . . . . . .  SFR      DATA   U_CHAR   00CFH  1
P0M0 . . . . . . . . . . . . . . . . .  SFR      DATA   U_CHAR   0094H  1


MODULE INFORMATION:   STATIC OVERLAYABLE
   CODE SIZE        =    277    ----
   CONSTANT SIZE    =     30    ----
   XDATA SIZE       =   ----    ----
   PDATA SIZE       =   ----    ----
   DATA SIZE        =      4    ----
   IDATA SIZE       =   ----    ----
   BIT SIZE         =   ----    ----
   EDATA SIZE       =   ----    ----
   HDATA SIZE       =   ----    ----
   XDATA CONST SIZE =   ----    ----
   FAR CONST SIZE   =   ----    ----
END OF MODULE INFORMATION.


C51 COMPILATION COMPLETE.  0 WARNING(S),  0 ERROR(S)
