C51 COMPILER V9.60.0.0   IIC                                                               01/05/2023 14:40:57 PAGE 1   


C51 COMPILER V9.60.0.0, COMPILATION OF MODULE IIC
OBJECT MODULE PLACED IN .\build\Target 1\__\__\scr\iic.o
COMPILER INVOKED BY: D:\Keil_v5\C51\BIN\C51.exe .\..\..\SCR\IIC.C OMF2 TABS(4) CODE NOCOND SYMBOLS PRINT(.\build\Target 
                    -1\__\__\scr\iic.lst) INCDIR(D:/Keil_v5/C51/INC/STC;D:/Keil_v5/C51/INC) DEFINE(__UVISION_VERSION=526) OPTIMIZE(8,SPEED) S
                    -MALL ROM(LARGE) OBJECT(.\build\Target 1\__\__\scr\iic.o)

line level    source

   1          #include "iic.h"
   2          #include <STC15F2K60S2.H>
   3          #include <intrins.h>
   4          
   5          #define DELAY_TIME 5
   6          
   7          sbit SDA = P2^1;
   8          sbit SCL = P2^0;
   9          
  10          void Delay5ms()     //@11.0592MHz
  11          {
  12   1          unsigned char i, j;
  13   1      
  14   1          i = 54;
  15   1          j = 199;
  16   1          do
  17   1          {
  18   2              while (--j);
  19   2          } while (--i);
  20   1      }
  21          
  22          //I2C总线内部延时函数
  23          void IIC_Delay(unsigned char i)
  24          {
  25   1          do{_nop_();}
  26   1          while(i--);        
  27   1      }
  28          
  29          //I2C总线启动信号
  30          void IIC_Start(void)
  31          {
  32   1          /* 当SCL高电平时，SDA出现一个下降沿表示I2C总线启动信号 */
  33   1          SDA = 1;                        //将SDA初始化为高电平                
  34   1          SCL = 1;                        //初SCL始化为高电平
  35   1          IIC_Delay(DELAY_TIME);
  36   1          SDA = 0;            
  37   1          IIC_Delay(DELAY_TIME);
  38   1          SCL = 0;                        // 拉低SCL开始传输数据
  39   1      }
  40          
  41          //I2C总线停止信号
  42          void IIC_Stop(void)
  43          {
  44   1          /* 当SCL高电平时，SDA出现一个上升沿表示I2C总线停止信号 */
  45   1          SDA = 0;                        //将SDA初始化为低电平      
  46   1          SCL = 1;                        //初SCL初始化为高电平         
  47   1          IIC_Delay(DELAY_TIME);
  48   1          SDA = 1;                             
  49   1          IIC_Delay(DELAY_TIME);          
  50   1      }
  51          
  52          //发送应答或非应答信号
  53          void IIC_SendAck(bit ackbit)
C51 COMPILER V9.60.0.0   IIC                                                               01/05/2023 14:40:57 PAGE 2   

  54          {
  55   1          SCL = 0;                        // 拉低SCL开始传输数据                          
  56   1          SDA = ackbit;                   //要发送的信号，发应答信号或者非应答信号            
  57   1          IIC_Delay(DELAY_TIME);
  58   1          SCL = 1;                        // 拉高SCL           
  59   1          IIC_Delay(DELAY_TIME);
  60   1          SCL = 0;                       
  61   1          SDA = 1;                       
  62   1          IIC_Delay(DELAY_TIME);
  63   1      }
  64          
  65          //等待应答
  66          bit IIC_WaitAck(void)
  67          {
  68   1          bit ackbit;
  69   1          
  70   1          SCL  = 1;                   // 拉高时钟线
  71   1          IIC_Delay(DELAY_TIME);
  72   1          ackbit = SDA;               // 获取数据线的电平
  73   1          SCL = 0;                    // 拉低SCL开始传输数据
  74   1          IIC_Delay(DELAY_TIME);
  75   1          return ackbit;              //返回信号
  76   1      }
  77          
  78          //I2C总线发送一个字节数据
  79          void IIC_SendByte(unsigned char byt)
  80          {
  81   1          unsigned char i;
  82   1      
  83   1          for(i=0; i<8; i++)
  84   1          {
  85   2              SCL  = 0;                       // 拉低SCL开始传输数据  
  86   2              IIC_Delay(DELAY_TIME);
  87   2              if(byt & 0x80) SDA  = 1;        //先把高位取出来，给SDA幅值
  88   2              else SDA  = 0;
  89   2              IIC_Delay(DELAY_TIME);
  90   2              SCL = 1;                        //准备下一个数据
  91   2              byt <<= 1;                     
  92   2              IIC_Delay(DELAY_TIME);
  93   2          }
  94   1          SCL  = 0;  
  95   1      }
  96          
  97          //I2C总线接收一个字节数据
  98          unsigned char IIC_RecByte(void)
  99          {
 100   1          unsigned char i, da;
 101   1          for(i=0; i<8; i++)              
 102   1          {   
 103   2              SCL = 1;                    //准备接收数据
 104   2          IIC_Delay(DELAY_TIME);
 105   2          da <<= 1;                       //向左移一位
 106   2          if(SDA) da |= 1;                //获取这一位的数据
 107   2          SCL = 0;                        //准备下一个传输数据 
 108   2          IIC_Delay(DELAY_TIME);
 109   2          }
 110   1          return da;    
 111   1      }
 112          
 113          /**
 114           * @brief 往AT24C02写一个数据进去
 115           * @note 注意这是8位，地址范围为0~255，数据范围为0~255
C51 COMPILER V9.60.0.0   IIC                                                               01/05/2023 14:40:57 PAGE 3   

 116           * @param addr 存放数据的地址
 117           * @param date 所要存放的数据大小
 118           */
 119          void EEPROM_Write(unsigned char addr, unsigned char date)
 120          {
 121   1          IIC_Start();                    //起始信号
 122   1      
 123   1          IIC_SendByte(0xa0);             //发送器件的地址并使用写数据功能
 124   1          IIC_WaitAck();                  //等待应答
 125   1      
 126   1          IIC_SendByte(addr);             //发送存储数据的地址
 127   1          IIC_WaitAck();                  //等待应答
 128   1      
 129   1          IIC_SendByte(date);             //发送要存储的数据          
 130   1          IIC_WaitAck();                  //等待应答
 131   1      
 132   1          IIC_Stop();                     //停止信号
 133   1      }
 134          
 135          /**
 136           * @brief 往AT24C02读取一个数据出来
 137           * 
 138           * @param addr 读取数据的地址
 139           * @return unsigned char 返回读取的数据
 140           */
 141          unsigned char EEPROM_Read(unsigned char addr)
 142          {
 143   1      
 144   1          unsigned char temp = 0;
 145   1      
 146   1          IIC_Start();                //起始信号
 147   1      
 148   1          IIC_SendByte(0xa0);         //发送器件的地址并使用写数据功能
 149   1          IIC_WaitAck();              //等待应答
 150   1      
 151   1          IIC_SendByte(addr);         //发送要读取数据的地址
 152   1          IIC_WaitAck();              //等待应答
 153   1      
 154   1          IIC_Start();                //读写转换时，需重新启用IIC总线          
 155   1      
 156   1          IIC_SendByte(0xa1);         //发送器件的地址并使用读数据功能
 157   1          IIC_WaitAck();              //等待应答
 158   1      
 159   1          temp = IIC_RecByte();       //读数数据
 160   1          IIC_SendAck(1);             //发送非应答信号，告诉芯片我后面不读数据了
 161   1      
 162   1          IIC_Stop();                 //停止信号，停止通信      
 163   1      
 164   1          return temp;                //将读取的数据返回
 165   1      }
 166          
 167          /**
 168           * @brief 往AT24C02连续写数据进去
 169           * @note 这种连续写法，要注意延时
 170           * @param addr 写数据的起始地址
 171           * @param date 存放的数据地址
 172           * @param number 往AT24C02写多少个数据
 173           */
 174          void EEPROM_ContinuousWrite(unsigned char addr, unsigned char date[], unsigned char number)
 175          {
 176   1          while(number--)                          //控制写多少个数据             
 177   1          {
C51 COMPILER V9.60.0.0   IIC                                                               01/05/2023 14:40:57 PAGE 4   

 178   2              EEPROM_Write(addr++, *date++);       //多次调用EEPROM_Write函数往里面写数据
 179   2              Delay5ms();                          //写进AT24C02需要一定的时间
 180   2          }
 181   1      }
 182          
 183          /**
 184           * @brief 连续从AT24C02读数据
 185           * 
 186           * @param addr 读数据的起始地址
 187           * @param date 读取数据存放的地址
 188           * @param num 读多少个数据
 189           * @return 无
 190           */
 191          void EEPROM_ContinuousRead(unsigned char addr, unsigned char date[], unsigned char number)
 192          {
 193   1          
 194   1          IIC_Start();                 //起始信号
 195   1      
 196   1          IIC_SendByte(0xa0);          //发送器件的地址并使用写数据功能
 197   1          IIC_WaitAck();               //等待应答
 198   1      
 199   1          IIC_SendByte(addr);          //发送要读取数据的地址
 200   1          IIC_WaitAck();               //等待应答
 201   1      
 202   1          IIC_Start();                 //起始信号
 203   1          IIC_SendByte(0xa1);          //发送器件的地址并使用读数据功能
 204   1          IIC_WaitAck();               //等待应答          
 205   1      
 206   1          while(number--)              //控制读取多少个数据
 207   1          {
 208   2              *date++ = IIC_RecByte(); //读数据，并指向下一个地址来接收下一个数据
 209   2      
 210   2              if(number != 0)          //如果不是读取最后一个数据发送应答信号，否则发送非应答信号
 211   2              {
 212   3                  IIC_SendAck(0);      //发送应答信号
 213   3              }
 214   2              else
 215   2              {
 216   3                  IIC_SendAck(1);      //发送非应答信号
 217   3              }
 218   2          }
 219   1      
 220   1          IIC_Stop();                   //停止使用IIC总线  
 221   1      }
 222          
 223          /**
 224           * @brief PCF8591_DAC输出
 225           * @note 参考电压5V，8位数据
 226           * @param date：需要转化的数据，范围为0~255
 227           * @return 无
 228           */
 229          void PCF8591_DAC(unsigned char date)
 230          {
 231   1          IIC_Start();                     //起始信号
 232   1      
 233   1          IIC_SendByte(0x90);              //发送器件的地址并使用写数据功能
 234   1          IIC_WaitAck();                   //等待应答        
 235   1      
 236   1          IIC_SendByte(0x40);              //启用DAC模式，输出到通道OUT 
 237   1          IIC_WaitAck();                   //等待应答  
 238   1      
 239   1          IIC_SendByte(date);              //发送要转换的数据 
C51 COMPILER V9.60.0.0   IIC                                                               01/05/2023 14:40:57 PAGE 5   

 240   1          IIC_WaitAck();                   //等待应答 
 241   1      
 242   1          IIC_Stop();                      //停止使用IIC总线 
 243   1      } 
 244          
 245          /**
 246           * @brief PCF8591_ADC初始化
 247           * 
 248           * @param channel：ADC转化通道
 249           *          @arg：0x00：通道0，未使用
 250           *          @arg：0x01：通道1，光敏电阻
 251           *          @arg：0x02：通道2，外接输入
 252           *          @arg：0x03：通道3，电位器
 253           * @return 无
 254           */
 255          void PCF8591_ADC_Init(unsigned char channel)
 256          {
 257   1          IIC_Start();                        //启用IIC总线 
 258   1      
 259   1          IIC_SendByte(0x90);                 //发送器件的地址并使用写数据功能
 260   1          IIC_WaitAck();                      //等待应答
 261   1      
 262   1          IIC_SendByte(channel);              //启用ADC模式，发送转换通道
 263   1          IIC_WaitAck();                      //等待应答
 264   1      
 265   1          IIC_Stop();                         //停止使用IIC总线 
 266   1      }
 267          
 268          /**
 269           * @brief 获取PCF8591_ADC的转换结果
 270           * @note 参考电压5V，8位数据
 271           * @param 无
 272           * @return 返回转换结果
 273           */
 274          unsigned char PCF8591_ADC_Get()
 275          {
 276   1          unsigned char date = 0;
 277   1      
 278   1          IIC_Start();                    //启用IIC总线 
 279   1      
 280   1          IIC_SendByte(0x91);             //发送器件地址并使用读数据功能
 281   1          IIC_WaitAck();                  //等待应答
 282   1      
 283   1          date = IIC_RecByte();           //接收转换好的数据
 284   1          IIC_SendAck(1);                 //发送非应答信号    
 285   1      
 286   1          IIC_Stop();                     //停止使用IIC总线
 287   1      
 288   1          return date;                    //返回转换结果
 289   1      }
C51 COMPILER V9.60.0.0   IIC                                                               01/05/2023 14:40:57 PAGE 6   

ASSEMBLY LISTING OF GENERATED OBJECT CODE


             ; FUNCTION Delay5ms (BEGIN)
                                           ; SOURCE LINE # 10
                                           ; SOURCE LINE # 11
                                           ; SOURCE LINE # 14
;---- Variable 'i' assigned to Register 'R7' ----
0000 7F36              MOV     R7,#036H
                                           ; SOURCE LINE # 15
;---- Variable 'j' assigned to Register 'R6' ----
0002 7EC7              MOV     R6,#0C7H
                                           ; SOURCE LINE # 17
0004         ?C0004:
                                           ; SOURCE LINE # 18
0004 DEFE              DJNZ    R6,?C0004
                                           ; SOURCE LINE # 19
0006 DFFC              DJNZ    R7,?C0004
                                           ; SOURCE LINE # 20
0008 22                RET     
             ; FUNCTION Delay5ms (END)

             ; FUNCTION L?0044 (BEGIN)
0000         L?0045:
0000 D2A0              SETB    SCL
0002 7F05              MOV     R7,#05H
             ; FUNCTION _IIC_Delay (BEGIN)
                                           ; SOURCE LINE # 23
;---- Variable 'i' assigned to Register 'R7' ----
                                           ; SOURCE LINE # 24
0004         ?C0009:
                                           ; SOURCE LINE # 25
0004 00                NOP     
                                           ; SOURCE LINE # 26
0005 AE07              MOV     R6,AR7
0007 1F                DEC     R7
0008 EE                MOV     A,R6
0009 70F9              JNZ     ?C0009
                                           ; SOURCE LINE # 27
000B 22                RET     
             ; FUNCTION _IIC_Delay (END)

             ; FUNCTION IIC_Start (BEGIN)
                                           ; SOURCE LINE # 30
                                           ; SOURCE LINE # 31
                                           ; SOURCE LINE # 33
0000 D2A1              SETB    SDA
                                           ; SOURCE LINE # 34
                                           ; SOURCE LINE # 35
0002 120000      R     LCALL   L?0044
                                           ; SOURCE LINE # 36
0005 C2A1              CLR     SDA
                                           ; SOURCE LINE # 37
0007 7F05              MOV     R7,#05H
0009 120000      R     LCALL   _IIC_Delay
                                           ; SOURCE LINE # 38
000C C2A0              CLR     SCL
                                           ; SOURCE LINE # 39
000E 22                RET     
             ; FUNCTION IIC_Start (END)

             ; FUNCTION IIC_Stop (BEGIN)
C51 COMPILER V9.60.0.0   IIC                                                               01/05/2023 14:40:57 PAGE 7   

                                           ; SOURCE LINE # 42
                                           ; SOURCE LINE # 43
                                           ; SOURCE LINE # 45
0000 C2A1              CLR     SDA
                                           ; SOURCE LINE # 46
                                           ; SOURCE LINE # 47
0002 120000      R     LCALL   L?0044
                                           ; SOURCE LINE # 48
0005 D2A1              SETB    SDA
                                           ; SOURCE LINE # 49
0007 7F05              MOV     R7,#05H
0009 020000      R     LJMP    _IIC_Delay
             ; FUNCTION IIC_Stop (END)

             ; FUNCTION L?0046 (BEGIN)
0000 120000      R     LCALL   IIC_RecByte
0003 AD07              MOV     R5,AR7
0005 D200        R     SETB    ?IIC_SendAck?BIT
             ; FUNCTION IIC_SendAck (BEGIN)
                                           ; SOURCE LINE # 53
                                           ; SOURCE LINE # 54
                                           ; SOURCE LINE # 55
0007 C2A0              CLR     SCL
                                           ; SOURCE LINE # 56
0009 A200        R     MOV     C,ackbit
000B 92A1              MOV     SDA,C
                                           ; SOURCE LINE # 57
000D 7F05              MOV     R7,#05H
000F 120000      R     LCALL   _IIC_Delay
                                           ; SOURCE LINE # 58
                                           ; SOURCE LINE # 59
0012 120000      R     LCALL   L?0045
                                           ; SOURCE LINE # 60
0015 C2A0              CLR     SCL
                                           ; SOURCE LINE # 61
0017 D2A1              SETB    SDA
                                           ; SOURCE LINE # 62
0019 7F05              MOV     R7,#05H
001B 020000      R     LJMP    _IIC_Delay
             ; FUNCTION IIC_SendAck (END)

             ; FUNCTION L?0042 (BEGIN)
0000         L?0043:
0000 120000      R     LCALL   IIC_Start
0003 7FA0              MOV     R7,#0A0H
0005 120000      R     LCALL   _IIC_SendByte
             ; FUNCTION IIC_WaitAck (BEGIN)
                                           ; SOURCE LINE # 66
                                           ; SOURCE LINE # 67
                                           ; SOURCE LINE # 70
                                           ; SOURCE LINE # 71
0008 120000      R     LCALL   L?0045
                                           ; SOURCE LINE # 72
000B A2A1              MOV     C,SDA
000D 9200        R     MOV     ackbit,C
                                           ; SOURCE LINE # 73
000F C2A0              CLR     SCL
                                           ; SOURCE LINE # 74
0011 7F05              MOV     R7,#05H
0013 120000      R     LCALL   _IIC_Delay
                                           ; SOURCE LINE # 75
0016 A200        R     MOV     C,ackbit
C51 COMPILER V9.60.0.0   IIC                                                               01/05/2023 14:40:57 PAGE 8   

                                           ; SOURCE LINE # 76
0018 22                RET     
             ; FUNCTION IIC_WaitAck (END)

             ; FUNCTION L?0047 (BEGIN)
0000 AB07              MOV     R3,AR7
0002 120000      R     LCALL   IIC_Start
0005 7F90              MOV     R7,#090H
             ; FUNCTION _IIC_SendByte (BEGIN)
                                           ; SOURCE LINE # 79
;---- Variable 'byt' assigned to Register 'R5' ----
0007 AD07              MOV     R5,AR7
                                           ; SOURCE LINE # 80
                                           ; SOURCE LINE # 83
;---- Variable 'i' assigned to Register 'R4' ----
0009 E4                CLR     A
000A FC                MOV     R4,A
000B         ?C0015:
000B EC                MOV     A,R4
000C C3                CLR     C
000D 9408              SUBB    A,#08H
000F 7480              MOV     A,#080H
0011 9480              SUBB    A,#080H
0013 5024              JNC     ?C0016
                                           ; SOURCE LINE # 84
                                           ; SOURCE LINE # 85
0015 C2A0              CLR     SCL
                                           ; SOURCE LINE # 86
0017 7F05              MOV     R7,#05H
0019 120000      R     LCALL   _IIC_Delay
                                           ; SOURCE LINE # 87
001C ED                MOV     A,R5
001D 30E704            JNB     ACC.7,?C0018
0020 D2A1              SETB    SDA
0022 8002              SJMP    ?C0019
0024         ?C0018:
                                           ; SOURCE LINE # 88
0024 C2A1              CLR     SDA
0026         ?C0019:
                                           ; SOURCE LINE # 89
0026 7F05              MOV     R7,#05H
0028 120000      R     LCALL   _IIC_Delay
                                           ; SOURCE LINE # 90
002B D2A0              SETB    SCL
                                           ; SOURCE LINE # 91
002D ED                MOV     A,R5
002E 25E0              ADD     A,ACC
0030 FD                MOV     R5,A
                                           ; SOURCE LINE # 92
0031 7F05              MOV     R7,#05H
0033 120000      R     LCALL   _IIC_Delay
                                           ; SOURCE LINE # 93
0036 0C                INC     R4
0037 80D2              SJMP    ?C0015
0039         ?C0016:
                                           ; SOURCE LINE # 94
0039 C2A0              CLR     SCL
                                           ; SOURCE LINE # 95
003B 22                RET     
             ; FUNCTION _IIC_SendByte (END)

             ; FUNCTION IIC_RecByte (BEGIN)
C51 COMPILER V9.60.0.0   IIC                                                               01/05/2023 14:40:57 PAGE 9   

                                           ; SOURCE LINE # 98
;---- Variable 'da' assigned to Register 'R5' ----
                                           ; SOURCE LINE # 99
                                           ; SOURCE LINE # 101
;---- Variable 'i' assigned to Register 'R4' ----
0000 E4                CLR     A
0001 FC                MOV     R4,A
0002         ?C0021:
0002 EC                MOV     A,R4
0003 C3                CLR     C
0004 9408              SUBB    A,#08H
0006 7480              MOV     A,#080H
0008 9480              SUBB    A,#080H
000A 5017              JNC     ?C0022
                                           ; SOURCE LINE # 102
                                           ; SOURCE LINE # 103
                                           ; SOURCE LINE # 104
000C 120000      R     LCALL   L?0045
                                           ; SOURCE LINE # 105
000F ED                MOV     A,R5
0010 25E0              ADD     A,ACC
0012 FD                MOV     R5,A
                                           ; SOURCE LINE # 106
0013 30A103            JNB     SDA,?C0024
0016 430501            ORL     AR5,#01H
0019         ?C0024:
                                           ; SOURCE LINE # 107
0019 C2A0              CLR     SCL
                                           ; SOURCE LINE # 108
001B 7F05              MOV     R7,#05H
001D 120000      R     LCALL   _IIC_Delay
                                           ; SOURCE LINE # 109
0020 0C                INC     R4
0021 80DF              SJMP    ?C0021
0023         ?C0022:
                                           ; SOURCE LINE # 110
0023 AF05              MOV     R7,AR5
                                           ; SOURCE LINE # 111
0025 22                RET     
             ; FUNCTION IIC_RecByte (END)

             ; FUNCTION _EEPROM_Write (BEGIN)
                                           ; SOURCE LINE # 119
;---- Variable 'date' assigned to Register 'R3' ----
0000 AB05              MOV     R3,AR5
;---- Variable 'addr' assigned to Register 'R2' ----
0002 AA07              MOV     R2,AR7
                                           ; SOURCE LINE # 120
                                           ; SOURCE LINE # 121
                                           ; SOURCE LINE # 123
                                           ; SOURCE LINE # 124
0004 120000      R     LCALL   L?0042
                                           ; SOURCE LINE # 126
0007 AF02              MOV     R7,AR2
0009 120000      R     LCALL   _IIC_SendByte
                                           ; SOURCE LINE # 127
000C 120000      R     LCALL   IIC_WaitAck
                                           ; SOURCE LINE # 129
000F AF03              MOV     R7,AR3
0011 120000      R     LCALL   _IIC_SendByte
                                           ; SOURCE LINE # 130
0014 120000      R     LCALL   IIC_WaitAck
C51 COMPILER V9.60.0.0   IIC                                                               01/05/2023 14:40:57 PAGE 10  

                                           ; SOURCE LINE # 132
0017 020000      R     LJMP    IIC_Stop
             ; FUNCTION _EEPROM_Write (END)

             ; FUNCTION _EEPROM_Read (BEGIN)
                                           ; SOURCE LINE # 141
;---- Variable 'addr' assigned to Register 'R3' ----
0000 AB07              MOV     R3,AR7
                                           ; SOURCE LINE # 142
                                           ; SOURCE LINE # 144
;---- Variable 'temp' assigned to Register 'R5' ----
0002 E4                CLR     A
0003 FD                MOV     R5,A
                                           ; SOURCE LINE # 146
                                           ; SOURCE LINE # 148
                                           ; SOURCE LINE # 149
0004 120000      R     LCALL   L?0042
                                           ; SOURCE LINE # 151
0007 AF03              MOV     R7,AR3
0009 120000      R     LCALL   _IIC_SendByte
                                           ; SOURCE LINE # 152
000C 120000      R     LCALL   IIC_WaitAck
                                           ; SOURCE LINE # 154
000F 120000      R     LCALL   IIC_Start
                                           ; SOURCE LINE # 156
0012 7FA1              MOV     R7,#0A1H
0014 120000      R     LCALL   _IIC_SendByte
                                           ; SOURCE LINE # 157
0017 120000      R     LCALL   IIC_WaitAck
                                           ; SOURCE LINE # 159
                                           ; SOURCE LINE # 160
001A 120000      R     LCALL   L?0046
                                           ; SOURCE LINE # 162
001D 120000      R     LCALL   IIC_Stop
                                           ; SOURCE LINE # 164
0020 AF05              MOV     R7,AR5
                                           ; SOURCE LINE # 165
0022 22                RET     
             ; FUNCTION _EEPROM_Read (END)

             ; FUNCTION _EEPROM_ContinuousWrite (BEGIN)
                                           ; SOURCE LINE # 174
0000 8F00        R     MOV     addr,R7
0002 8B00        R     MOV     date,R3
0004 8A00        R     MOV     date+01H,R2
0006 8900        R     MOV     date+02H,R1
                                           ; SOURCE LINE # 175
0008         ?C0028:
                                           ; SOURCE LINE # 176
0008 AF00        R     MOV     R7,number
000A 1500        R     DEC     number
000C EF                MOV     A,R7
000D 601E              JZ      ?C0030
                                           ; SOURCE LINE # 177
                                           ; SOURCE LINE # 178
000F AF00        R     MOV     R7,addr
0011 0500        R     INC     addr
0013 AB00        R     MOV     R3,date
0015 0500        R     INC     date+02H
0017 E500        R     MOV     A,date+02H
0019 AA00        R     MOV     R2,date+01H
001B 7002              JNZ     ?C0039
C51 COMPILER V9.60.0.0   IIC                                                               01/05/2023 14:40:57 PAGE 11  

001D 0500        R     INC     date+01H
001F         ?C0039:
001F 14                DEC     A
0020 F9                MOV     R1,A
0021 120000      E     LCALL   ?C?CLDPTR
0024 FD                MOV     R5,A
0025 120000      R     LCALL   _EEPROM_Write
                                           ; SOURCE LINE # 179
0028 120000      R     LCALL   Delay5ms
                                           ; SOURCE LINE # 180
002B 80DB              SJMP    ?C0028
                                           ; SOURCE LINE # 181
002D         ?C0030:
002D 22                RET     
             ; FUNCTION _EEPROM_ContinuousWrite (END)

             ; FUNCTION _EEPROM_ContinuousRead (BEGIN)
                                           ; SOURCE LINE # 191
0000 8F00        R     MOV     addr,R7
0002 8B00        R     MOV     date,R3
0004 8A00        R     MOV     date+01H,R2
0006 8900        R     MOV     date+02H,R1
                                           ; SOURCE LINE # 192
                                           ; SOURCE LINE # 194
                                           ; SOURCE LINE # 196
                                           ; SOURCE LINE # 197
0008 120000      R     LCALL   L?0043
                                           ; SOURCE LINE # 199
000B AF00        R     MOV     R7,addr
000D 120000      R     LCALL   _IIC_SendByte
                                           ; SOURCE LINE # 200
0010 120000      R     LCALL   IIC_WaitAck
                                           ; SOURCE LINE # 202
0013 120000      R     LCALL   IIC_Start
                                           ; SOURCE LINE # 203
0016 7FA1              MOV     R7,#0A1H
0018 120000      R     LCALL   _IIC_SendByte
                                           ; SOURCE LINE # 204
001B 120000      R     LCALL   IIC_WaitAck
001E         ?C0031:
                                           ; SOURCE LINE # 206
001E AF00        R     MOV     R7,number
0020 1500        R     DEC     number
0022 EF                MOV     A,R7
0023 6024              JZ      ?C0032
                                           ; SOURCE LINE # 207
                                           ; SOURCE LINE # 208
0025 120000      R     LCALL   IIC_RecByte
0028 AB00        R     MOV     R3,date
002A 0500        R     INC     date+02H
002C E500        R     MOV     A,date+02H
002E AA00        R     MOV     R2,date+01H
0030 7002              JNZ     ?C0040
0032 0500        R     INC     date+01H
0034         ?C0040:
0034 14                DEC     A
0035 F9                MOV     R1,A
0036 EF                MOV     A,R7
0037 120000      E     LCALL   ?C?CSTPTR
                                           ; SOURCE LINE # 210
003A E500        R     MOV     A,number
003C 6004              JZ      ?C0033
C51 COMPILER V9.60.0.0   IIC                                                               01/05/2023 14:40:57 PAGE 12  

                                           ; SOURCE LINE # 211
                                           ; SOURCE LINE # 212
003E C200        R     CLR     ?IIC_SendAck?BIT
                                           ; SOURCE LINE # 213
0040 8002              SJMP    ?C0041
0042         ?C0033:
                                           ; SOURCE LINE # 215
                                           ; SOURCE LINE # 216
0042 D200        R     SETB    ?IIC_SendAck?BIT
0044         ?C0041:
0044 120000      R     LCALL   IIC_SendAck
                                           ; SOURCE LINE # 217
                                           ; SOURCE LINE # 218
0047 80D5              SJMP    ?C0031
0049         ?C0032:
                                           ; SOURCE LINE # 220
0049 020000      R     LJMP    IIC_Stop
             ; FUNCTION _EEPROM_ContinuousRead (END)

             ; FUNCTION _PCF8591_DAC (BEGIN)
                                           ; SOURCE LINE # 229
;---- Variable 'date' assigned to Register 'R3' ----
                                           ; SOURCE LINE # 230
                                           ; SOURCE LINE # 231
                                           ; SOURCE LINE # 233
0000 120000      R     LCALL   L?0047
                                           ; SOURCE LINE # 234
0003 120000      R     LCALL   IIC_WaitAck
                                           ; SOURCE LINE # 236
0006 7F40              MOV     R7,#040H
0008 120000      R     LCALL   _IIC_SendByte
                                           ; SOURCE LINE # 237
000B 120000      R     LCALL   IIC_WaitAck
                                           ; SOURCE LINE # 239
000E AF03              MOV     R7,AR3
0010 120000      R     LCALL   _IIC_SendByte
                                           ; SOURCE LINE # 240
0013 120000      R     LCALL   IIC_WaitAck
                                           ; SOURCE LINE # 242
0016 020000      R     LJMP    IIC_Stop
             ; FUNCTION _PCF8591_DAC (END)

             ; FUNCTION _PCF8591_ADC_Init (BEGIN)
                                           ; SOURCE LINE # 255
;---- Variable 'channel' assigned to Register 'R3' ----
                                           ; SOURCE LINE # 256
                                           ; SOURCE LINE # 257
                                           ; SOURCE LINE # 259
0000 120000      R     LCALL   L?0047
                                           ; SOURCE LINE # 260
0003 120000      R     LCALL   IIC_WaitAck
                                           ; SOURCE LINE # 262
0006 AF03              MOV     R7,AR3
0008 120000      R     LCALL   _IIC_SendByte
                                           ; SOURCE LINE # 263
000B 120000      R     LCALL   IIC_WaitAck
                                           ; SOURCE LINE # 265
000E 020000      R     LJMP    IIC_Stop
             ; FUNCTION _PCF8591_ADC_Init (END)

             ; FUNCTION PCF8591_ADC_Get (BEGIN)
                                           ; SOURCE LINE # 274
C51 COMPILER V9.60.0.0   IIC                                                               01/05/2023 14:40:57 PAGE 13  

                                           ; SOURCE LINE # 275
                                           ; SOURCE LINE # 276
;---- Variable 'date' assigned to Register 'R5' ----
0000 E4                CLR     A
0001 FD                MOV     R5,A
                                           ; SOURCE LINE # 278
0002 120000      R     LCALL   IIC_Start
                                           ; SOURCE LINE # 280
0005 7F91              MOV     R7,#091H
0007 120000      R     LCALL   _IIC_SendByte
                                           ; SOURCE LINE # 281
000A 120000      R     LCALL   IIC_WaitAck
                                           ; SOURCE LINE # 283
                                           ; SOURCE LINE # 284
000D 120000      R     LCALL   L?0046
                                           ; SOURCE LINE # 286
0010 120000      R     LCALL   IIC_Stop
                                           ; SOURCE LINE # 288
0013 AF05              MOV     R7,AR5
                                           ; SOURCE LINE # 289
0015 22                RET     
             ; FUNCTION PCF8591_ADC_Get (END)

C51 COMPILER V9.60.0.0   IIC                                                               01/05/2023 14:40:57 PAGE 14  

NAME                                    CLASS   MSPACE  TYPE    OFFSET  SIZE
====                                    =====   ======  ====    ======  ====


CCF2 . . . . . . . . . . . . . . . . .  ABSBIT   -----  BIT      00DAH  1
P1M0 . . . . . . . . . . . . . . . . .  SFR      DATA   U_CHAR   0092H  1
P0M1 . . . . . . . . . . . . . . . . .  SFR      DATA   U_CHAR   0093H  1
P2M0 . . . . . . . . . . . . . . . . .  SFR      DATA   U_CHAR   0096H  1
P1M1 . . . . . . . . . . . . . . . . .  SFR      DATA   U_CHAR   0091H  1
P0 . . . . . . . . . . . . . . . . . .  SFR      DATA   U_CHAR   0080H  1
P3M0 . . . . . . . . . . . . . . . . .  SFR      DATA   U_CHAR   00B2H  1
P2M1 . . . . . . . . . . . . . . . . .  SFR      DATA   U_CHAR   0095H  1
P1 . . . . . . . . . . . . . . . . . .  SFR      DATA   U_CHAR   0090H  1
P4M0 . . . . . . . . . . . . . . . . .  SFR      DATA   U_CHAR   00B4H  1
P3M1 . . . . . . . . . . . . . . . . .  SFR      DATA   U_CHAR   00B1H  1
P2 . . . . . . . . . . . . . . . . . .  SFR      DATA   U_CHAR   00A0H  1
WKTCH. . . . . . . . . . . . . . . . .  SFR      DATA   U_CHAR   00ABH  1
P5M0 . . . . . . . . . . . . . . . . .  SFR      DATA   U_CHAR   00CAH  1
P4M1 . . . . . . . . . . . . . . . . .  SFR      DATA   U_CHAR   00B3H  1
P3 . . . . . . . . . . . . . . . . . .  SFR      DATA   U_CHAR   00B0H  1
P6M0 . . . . . . . . . . . . . . . . .  SFR      DATA   U_CHAR   00CCH  1
P5M1 . . . . . . . . . . . . . . . . .  SFR      DATA   U_CHAR   00C9H  1
P4 . . . . . . . . . . . . . . . . . .  SFR      DATA   U_CHAR   00C0H  1
AC . . . . . . . . . . . . . . . . . .  ABSBIT   -----  BIT      00D6H  1
PWMIF. . . . . . . . . . . . . . . . .  SFR      DATA   U_CHAR   00F6H  1
P7M0 . . . . . . . . . . . . . . . . .  SFR      DATA   U_CHAR   00E2H  1
P6M1 . . . . . . . . . . . . . . . . .  SFR      DATA   U_CHAR   00CBH  1
P5 . . . . . . . . . . . . . . . . . .  SFR      DATA   U_CHAR   00C8H  1
EA . . . . . . . . . . . . . . . . . .  ABSBIT   -----  BIT      00AFH  1
P7M1 . . . . . . . . . . . . . . . . .  SFR      DATA   U_CHAR   00E1H  1
P6 . . . . . . . . . . . . . . . . . .  SFR      DATA   U_CHAR   00E8H  1
WKTCL. . . . . . . . . . . . . . . . .  SFR      DATA   U_CHAR   00AAH  1
P7 . . . . . . . . . . . . . . . . . .  SFR      DATA   U_CHAR   00F8H  1
SPCTL. . . . . . . . . . . . . . . . .  SFR      DATA   U_CHAR   00CEH  1
Delay5ms . . . . . . . . . . . . . . .  PUBLIC   CODE   PROC     0000H  -----
  i. . . . . . . . . . . . . . . . . .  * REG *  DATA   U_CHAR   0007H  1
  j. . . . . . . . . . . . . . . . . .  * REG *  DATA   U_CHAR   0006H  1
CF . . . . . . . . . . . . . . . . . .  ABSBIT   -----  BIT      00DFH  1
PWMCR. . . . . . . . . . . . . . . . .  SFR      DATA   U_CHAR   00F5H  1
CH . . . . . . . . . . . . . . . . . .  SFR      DATA   U_CHAR   00F9H  1
P_SW1. . . . . . . . . . . . . . . . .  SFR      DATA   U_CHAR   00A2H  1
P_SW2. . . . . . . . . . . . . . . . .  SFR      DATA   U_CHAR   00BAH  1
EADC . . . . . . . . . . . . . . . . .  ABSBIT   -----  BIT      00ADH  1
IE . . . . . . . . . . . . . . . . . .  SFR      DATA   U_CHAR   00A8H  1
CL . . . . . . . . . . . . . . . . . .  SFR      DATA   U_CHAR   00E9H  1
IAP_CMD. . . . . . . . . . . . . . . .  SFR      DATA   U_CHAR   00C5H  1
CCAP0H . . . . . . . . . . . . . . . .  SFR      DATA   U_CHAR   00FAH  1
CCAP1H . . . . . . . . . . . . . . . .  SFR      DATA   U_CHAR   00FBH  1
CCAP2H . . . . . . . . . . . . . . . .  SFR      DATA   U_CHAR   00FCH  1
ADC_RES. . . . . . . . . . . . . . . .  SFR      DATA   U_CHAR   00BDH  1
CCAP0L . . . . . . . . . . . . . . . .  SFR      DATA   U_CHAR   00EAH  1
CR . . . . . . . . . . . . . . . . . .  ABSBIT   -----  BIT      00DEH  1
PWMFDCR. . . . . . . . . . . . . . . .  SFR      DATA   U_CHAR   00F7H  1
CCAP1L . . . . . . . . . . . . . . . .  SFR      DATA   U_CHAR   00EBH  1
CCAPM0 . . . . . . . . . . . . . . . .  SFR      DATA   U_CHAR   00DAH  1
CCAP2L . . . . . . . . . . . . . . . .  SFR      DATA   U_CHAR   00ECH  1
CCAPM1 . . . . . . . . . . . . . . . .  SFR      DATA   U_CHAR   00DBH  1
CCAPM2 . . . . . . . . . . . . . . . .  SFR      DATA   U_CHAR   00DCH  1
ES . . . . . . . . . . . . . . . . . .  ABSBIT   -----  BIT      00ACH  1
PADC . . . . . . . . . . . . . . . . .  ABSBIT   -----  BIT      00BDH  1
IP . . . . . . . . . . . . . . . . . .  SFR      DATA   U_CHAR   00B8H  1
C51 COMPILER V9.60.0.0   IIC                                                               01/05/2023 14:40:57 PAGE 15  

NAME                                    CLASS   MSPACE  TYPE    OFFSET  SIZE
====                                    =====   ======  ====    ======  ====


RI . . . . . . . . . . . . . . . . . .  ABSBIT   -----  BIT      0098H  1
CY . . . . . . . . . . . . . . . . . .  ABSBIT   -----  BIT      00D7H  1
TI . . . . . . . . . . . . . . . . . .  ABSBIT   -----  BIT      0099H  1
CLK_DIV. . . . . . . . . . . . . . . .  SFR      DATA   U_CHAR   0097H  1
IAP_ADDRH. . . . . . . . . . . . . . .  SFR      DATA   U_CHAR   00C3H  1
PS . . . . . . . . . . . . . . . . . .  ABSBIT   -----  BIT      00BCH  1
SP . . . . . . . . . . . . . . . . . .  SFR      DATA   U_CHAR   0081H  1
CMOD . . . . . . . . . . . . . . . . .  SFR      DATA   U_CHAR   00D9H  1
CCON . . . . . . . . . . . . . . . . .  SFR      DATA   U_CHAR   00D8H  1
IAP_ADDRL. . . . . . . . . . . . . . .  SFR      DATA   U_CHAR   00C4H  1
PPCA . . . . . . . . . . . . . . . . .  ABSBIT   -----  BIT      00BFH  1
OV . . . . . . . . . . . . . . . . . .  ABSBIT   -----  BIT      00D2H  1
_IIC_Delay . . . . . . . . . . . . . .  PUBLIC   CODE   PROC     0004H  -----
  i. . . . . . . . . . . . . . . . . .  * REG *  DATA   U_CHAR   0007H  1
CMPCR1 . . . . . . . . . . . . . . . .  SFR      DATA   U_CHAR   00E6H  1
CMPCR2 . . . . . . . . . . . . . . . .  SFR      DATA   U_CHAR   00E7H  1
_EEPROM_Read . . . . . . . . . . . . .  PUBLIC   CODE   PROC     0000H  -----
  addr . . . . . . . . . . . . . . . .  * REG *  DATA   U_CHAR   0003H  1
  temp . . . . . . . . . . . . . . . .  * REG *  DATA   U_CHAR   0005H  1
ELVD . . . . . . . . . . . . . . . . .  ABSBIT   -----  BIT      00AEH  1
P00. . . . . . . . . . . . . . . . . .  ABSBIT   -----  BIT      0080H  1
ADC_CONTR. . . . . . . . . . . . . . .  SFR      DATA   U_CHAR   00BCH  1
SBUF . . . . . . . . . . . . . . . . .  SFR      DATA   U_CHAR   0099H  1
PCON . . . . . . . . . . . . . . . . .  SFR      DATA   U_CHAR   0087H  1
P10. . . . . . . . . . . . . . . . . .  ABSBIT   -----  BIT      0090H  1
P01. . . . . . . . . . . . . . . . . .  ABSBIT   -----  BIT      0081H  1
P20. . . . . . . . . . . . . . . . . .  ABSBIT   -----  BIT      00A0H  1
P11. . . . . . . . . . . . . . . . . .  ABSBIT   -----  BIT      0091H  1
P02. . . . . . . . . . . . . . . . . .  ABSBIT   -----  BIT      0082H  1
P30. . . . . . . . . . . . . . . . . .  ABSBIT   -----  BIT      00B0H  1
P21. . . . . . . . . . . . . . . . . .  ABSBIT   -----  BIT      00A1H  1
P12. . . . . . . . . . . . . . . . . .  ABSBIT   -----  BIT      0092H  1
P03. . . . . . . . . . . . . . . . . .  ABSBIT   -----  BIT      0083H  1
SCON . . . . . . . . . . . . . . . . .  SFR      DATA   U_CHAR   0098H  1
P40. . . . . . . . . . . . . . . . . .  ABSBIT   -----  BIT      00C0H  1
P31. . . . . . . . . . . . . . . . . .  ABSBIT   -----  BIT      00B1H  1
P22. . . . . . . . . . . . . . . . . .  ABSBIT   -----  BIT      00A2H  1
P13. . . . . . . . . . . . . . . . . .  ABSBIT   -----  BIT      0093H  1
P04. . . . . . . . . . . . . . . . . .  ABSBIT   -----  BIT      0084H  1
TMOD . . . . . . . . . . . . . . . . .  SFR      DATA   U_CHAR   0089H  1
TCON . . . . . . . . . . . . . . . . .  SFR      DATA   U_CHAR   0088H  1
P50. . . . . . . . . . . . . . . . . .  ABSBIT   -----  BIT      00C8H  1
P41. . . . . . . . . . . . . . . . . .  ABSBIT   -----  BIT      00C1H  1
P32. . . . . . . . . . . . . . . . . .  ABSBIT   -----  BIT      00B2H  1
P23. . . . . . . . . . . . . . . . . .  ABSBIT   -----  BIT      00A3H  1
P14. . . . . . . . . . . . . . . . . .  ABSBIT   -----  BIT      0094H  1
P05. . . . . . . . . . . . . . . . . .  ABSBIT   -----  BIT      0085H  1
P60. . . . . . . . . . . . . . . . . .  ABSBIT   -----  BIT      00E8H  1
P51. . . . . . . . . . . . . . . . . .  ABSBIT   -----  BIT      00C9H  1
P42. . . . . . . . . . . . . . . . . .  ABSBIT   -----  BIT      00C2H  1
P33. . . . . . . . . . . . . . . . . .  ABSBIT   -----  BIT      00B3H  1
P24. . . . . . . . . . . . . . . . . .  ABSBIT   -----  BIT      00A4H  1
P15. . . . . . . . . . . . . . . . . .  ABSBIT   -----  BIT      0095H  1
P06. . . . . . . . . . . . . . . . . .  ABSBIT   -----  BIT      0086H  1
PLVD . . . . . . . . . . . . . . . . .  ABSBIT   -----  BIT      00BEH  1
P70. . . . . . . . . . . . . . . . . .  ABSBIT   -----  BIT      00F8H  1
P61. . . . . . . . . . . . . . . . . .  ABSBIT   -----  BIT      00E9H  1
C51 COMPILER V9.60.0.0   IIC                                                               01/05/2023 14:40:57 PAGE 16  

NAME                                    CLASS   MSPACE  TYPE    OFFSET  SIZE
====                                    =====   ======  ====    ======  ====


P52. . . . . . . . . . . . . . . . . .  ABSBIT   -----  BIT      00CAH  1
P43. . . . . . . . . . . . . . . . . .  ABSBIT   -----  BIT      00C3H  1
P34. . . . . . . . . . . . . . . . . .  ABSBIT   -----  BIT      00B4H  1
P25. . . . . . . . . . . . . . . . . .  ABSBIT   -----  BIT      00A5H  1
P16. . . . . . . . . . . . . . . . . .  ABSBIT   -----  BIT      0096H  1
P07. . . . . . . . . . . . . . . . . .  ABSBIT   -----  BIT      0087H  1
P71. . . . . . . . . . . . . . . . . .  ABSBIT   -----  BIT      00F9H  1
P62. . . . . . . . . . . . . . . . . .  ABSBIT   -----  BIT      00EAH  1
P53. . . . . . . . . . . . . . . . . .  ABSBIT   -----  BIT      00CBH  1
P44. . . . . . . . . . . . . . . . . .  ABSBIT   -----  BIT      00C4H  1
P35. . . . . . . . . . . . . . . . . .  ABSBIT   -----  BIT      00B5H  1
P26. . . . . . . . . . . . . . . . . .  ABSBIT   -----  BIT      00A6H  1
P17. . . . . . . . . . . . . . . . . .  ABSBIT   -----  BIT      0097H  1
P72. . . . . . . . . . . . . . . . . .  ABSBIT   -----  BIT      00FAH  1
P63. . . . . . . . . . . . . . . . . .  ABSBIT   -----  BIT      00EBH  1
P54. . . . . . . . . . . . . . . . . .  ABSBIT   -----  BIT      00CCH  1
P45. . . . . . . . . . . . . . . . . .  ABSBIT   -----  BIT      00C5H  1
P36. . . . . . . . . . . . . . . . . .  ABSBIT   -----  BIT      00B6H  1
P27. . . . . . . . . . . . . . . . . .  ABSBIT   -----  BIT      00A7H  1
_EEPROM_Write. . . . . . . . . . . . .  PUBLIC   CODE   PROC     0000H  -----
  addr . . . . . . . . . . . . . . . .  * REG *  DATA   U_CHAR   0002H  1
  date . . . . . . . . . . . . . . . .  * REG *  DATA   U_CHAR   0003H  1
P73. . . . . . . . . . . . . . . . . .  ABSBIT   -----  BIT      00FBH  1
P64. . . . . . . . . . . . . . . . . .  ABSBIT   -----  BIT      00ECH  1
P55. . . . . . . . . . . . . . . . . .  ABSBIT   -----  BIT      00CDH  1
P46. . . . . . . . . . . . . . . . . .  ABSBIT   -----  BIT      00C6H  1
P37. . . . . . . . . . . . . . . . . .  ABSBIT   -----  BIT      00B7H  1
P74. . . . . . . . . . . . . . . . . .  ABSBIT   -----  BIT      00FCH  1
P65. . . . . . . . . . . . . . . . . .  ABSBIT   -----  BIT      00EDH  1
P56. . . . . . . . . . . . . . . . . .  ABSBIT   -----  BIT      00CEH  1
P47. . . . . . . . . . . . . . . . . .  ABSBIT   -----  BIT      00C7H  1
P75. . . . . . . . . . . . . . . . . .  ABSBIT   -----  BIT      00FDH  1
P66. . . . . . . . . . . . . . . . . .  ABSBIT   -----  BIT      00EEH  1
P57. . . . . . . . . . . . . . . . . .  ABSBIT   -----  BIT      00CFH  1
P76. . . . . . . . . . . . . . . . . .  ABSBIT   -----  BIT      00FEH  1
P67. . . . . . . . . . . . . . . . . .  ABSBIT   -----  BIT      00EFH  1
IE0. . . . . . . . . . . . . . . . . .  ABSBIT   -----  BIT      0089H  1
BUS_SPEED. . . . . . . . . . . . . . .  SFR      DATA   U_CHAR   00A1H  1
P77. . . . . . . . . . . . . . . . . .  ABSBIT   -----  BIT      00FFH  1
IE1. . . . . . . . . . . . . . . . . .  ABSBIT   -----  BIT      008BH  1
IE2. . . . . . . . . . . . . . . . . .  SFR      DATA   U_CHAR   00AFH  1
AUXR . . . . . . . . . . . . . . . . .  SFR      DATA   U_CHAR   008EH  1
B. . . . . . . . . . . . . . . . . . .  SFR      DATA   U_CHAR   00F0H  1
IAP_CONTR. . . . . . . . . . . . . . .  SFR      DATA   U_CHAR   00C7H  1
PWMCFG . . . . . . . . . . . . . . . .  SFR      DATA   U_CHAR   00F1H  1
ACC. . . . . . . . . . . . . . . . . .  SFR      DATA   U_CHAR   00E0H  1
IIC_Start. . . . . . . . . . . . . . .  PUBLIC   CODE   PROC     0000H  -----
ET0. . . . . . . . . . . . . . . . . .  ABSBIT   -----  BIT      00A9H  1
TF0. . . . . . . . . . . . . . . . . .  ABSBIT   -----  BIT      008DH  1
ET1. . . . . . . . . . . . . . . . . .  ABSBIT   -----  BIT      00ABH  1
TF1. . . . . . . . . . . . . . . . . .  ABSBIT   -----  BIT      008FH  1
IP2. . . . . . . . . . . . . . . . . .  SFR      DATA   U_CHAR   00B5H  1
RB8. . . . . . . . . . . . . . . . . .  ABSBIT   -----  BIT      009AH  1
TH0. . . . . . . . . . . . . . . . . .  SFR      DATA   U_CHAR   008CH  1
TH1. . . . . . . . . . . . . . . . . .  SFR      DATA   U_CHAR   008DH  1
IT0. . . . . . . . . . . . . . . . . .  ABSBIT   -----  BIT      0088H  1
EX0. . . . . . . . . . . . . . . . . .  ABSBIT   -----  BIT      00A8H  1
C51 COMPILER V9.60.0.0   IIC                                                               01/05/2023 14:40:57 PAGE 17  

NAME                                    CLASS   MSPACE  TYPE    OFFSET  SIZE
====                                    =====   ======  ====    ======  ====


TB8. . . . . . . . . . . . . . . . . .  ABSBIT   -----  BIT      009BH  1
T2H. . . . . . . . . . . . . . . . . .  SFR      DATA   U_CHAR   00D6H  1
IT1. . . . . . . . . . . . . . . . . .  ABSBIT   -----  BIT      008AH  1
EX1. . . . . . . . . . . . . . . . . .  ABSBIT   -----  BIT      00AAH  1
T3H. . . . . . . . . . . . . . . . . .  SFR      DATA   U_CHAR   00D4H  1
P. . . . . . . . . . . . . . . . . . .  ABSBIT   -----  BIT      00D0H  1
SM0. . . . . . . . . . . . . . . . . .  ABSBIT   -----  BIT      009FH  1
T4H. . . . . . . . . . . . . . . . . .  SFR      DATA   U_CHAR   00D2H  1
TL0. . . . . . . . . . . . . . . . . .  SFR      DATA   U_CHAR   008AH  1
SM1. . . . . . . . . . . . . . . . . .  ABSBIT   -----  BIT      009EH  1
TL1. . . . . . . . . . . . . . . . . .  SFR      DATA   U_CHAR   008BH  1
SM2. . . . . . . . . . . . . . . . . .  ABSBIT   -----  BIT      009DH  1
T2L. . . . . . . . . . . . . . . . . .  SFR      DATA   U_CHAR   00D7H  1
_PCF8591_ADC_Init. . . . . . . . . . .  PUBLIC   CODE   PROC     0000H  -----
  channel. . . . . . . . . . . . . . .  * REG *  DATA   U_CHAR   0003H  1
T3L. . . . . . . . . . . . . . . . . .  SFR      DATA   U_CHAR   00D5H  1
IIC_SendAck. . . . . . . . . . . . . .  PUBLIC   CODE   PROC     0007H  -----
  ackbit . . . . . . . . . . . . . . .  AUTO     DATA   BIT      0000H  1
T4L. . . . . . . . . . . . . . . . . .  SFR      DATA   U_CHAR   00D3H  1
PT0. . . . . . . . . . . . . . . . . .  ABSBIT   -----  BIT      00B9H  1
PT1. . . . . . . . . . . . . . . . . .  ABSBIT   -----  BIT      00BBH  1
RS0. . . . . . . . . . . . . . . . . .  ABSBIT   -----  BIT      00D3H  1
IAP_DATA . . . . . . . . . . . . . . .  SFR      DATA   U_CHAR   00C2H  1
TR0. . . . . . . . . . . . . . . . . .  ABSBIT   -----  BIT      008CH  1
RS1. . . . . . . . . . . . . . . . . .  ABSBIT   -----  BIT      00D4H  1
TR1. . . . . . . . . . . . . . . . . .  ABSBIT   -----  BIT      008EH  1
SDA. . . . . . . . . . . . . . . . . .  ABSBIT   -----  BIT      00A1H  1
WDT_CONTR. . . . . . . . . . . . . . .  SFR      DATA   U_CHAR   00C1H  1
PX0. . . . . . . . . . . . . . . . . .  ABSBIT   -----  BIT      00B8H  1
PX1. . . . . . . . . . . . . . . . . .  ABSBIT   -----  BIT      00BAH  1
_IIC_SendByte. . . . . . . . . . . . .  PUBLIC   CODE   PROC     0007H  -----
  byt. . . . . . . . . . . . . . . . .  * REG *  DATA   U_CHAR   0005H  1
  i. . . . . . . . . . . . . . . . . .  * REG *  DATA   U_CHAR   0004H  1
PCA_PWM0 . . . . . . . . . . . . . . .  SFR      DATA   U_CHAR   00F2H  1
PCA_PWM1 . . . . . . . . . . . . . . .  SFR      DATA   U_CHAR   00F3H  1
_PCF8591_DAC . . . . . . . . . . . . .  PUBLIC   CODE   PROC     0000H  -----
  date . . . . . . . . . . . . . . . .  * REG *  DATA   U_CHAR   0003H  1
PCA_PWM2 . . . . . . . . . . . . . . .  SFR      DATA   U_CHAR   00F4H  1
P1ASF. . . . . . . . . . . . . . . . .  SFR      DATA   U_CHAR   009DH  1
DPH. . . . . . . . . . . . . . . . . .  SFR      DATA   U_CHAR   0083H  1
T3T4M. . . . . . . . . . . . . . . . .  SFR      DATA   U_CHAR   00D1H  1
T4T3M. . . . . . . . . . . . . . . . .  SFR      DATA   U_CHAR   00D1H  1
PCF8591_ADC_Get. . . . . . . . . . . .  PUBLIC   CODE   PROC     0000H  -----
  date . . . . . . . . . . . . . . . .  * REG *  DATA   U_CHAR   0005H  1
IIC_WaitAck. . . . . . . . . . . . . .  PUBLIC   CODE   PROC     0008H  -----
  ackbit . . . . . . . . . . . . . . .  AUTO     DATA   BIT      0000H  1
IIC_Stop . . . . . . . . . . . . . . .  PUBLIC   CODE   PROC     0000H  -----
ADC_RESL . . . . . . . . . . . . . . .  SFR      DATA   U_CHAR   00BEH  1
DPL. . . . . . . . . . . . . . . . . .  SFR      DATA   U_CHAR   0082H  1
SPSTAT . . . . . . . . . . . . . . . .  SFR      DATA   U_CHAR   00CDH  1
SCL. . . . . . . . . . . . . . . . . .  ABSBIT   -----  BIT      00A0H  1
S2BUF. . . . . . . . . . . . . . . . .  SFR      DATA   U_CHAR   009BH  1
S3BUF. . . . . . . . . . . . . . . . .  SFR      DATA   U_CHAR   00ADH  1
S4BUF. . . . . . . . . . . . . . . . .  SFR      DATA   U_CHAR   0085H  1
REN. . . . . . . . . . . . . . . . . .  ABSBIT   -----  BIT      009CH  1
S2CON. . . . . . . . . . . . . . . . .  SFR      DATA   U_CHAR   009AH  1
S3CON. . . . . . . . . . . . . . . . .  SFR      DATA   U_CHAR   00ACH  1
C51 COMPILER V9.60.0.0   IIC                                                               01/05/2023 14:40:57 PAGE 18  

NAME                                    CLASS   MSPACE  TYPE    OFFSET  SIZE
====                                    =====   ======  ====    ======  ====


S4CON. . . . . . . . . . . . . . . . .  SFR      DATA   U_CHAR   0084H  1
_EEPROM_ContinuousRead . . . . . . . .  PUBLIC   CODE   PROC     0000H  -----
  addr . . . . . . . . . . . . . . . .  AUTO     DATA   U_CHAR   0000H  1
  date . . . . . . . . . . . . . . . .  AUTO     DATA   PTR      0001H  3
  number . . . . . . . . . . . . . . .  AUTO     DATA   U_CHAR   0004H  1
IIC_RecByte. . . . . . . . . . . . . .  PUBLIC   CODE   PROC     0000H  -----
  i. . . . . . . . . . . . . . . . . .  * REG *  DATA   U_CHAR   0004H  1
  da . . . . . . . . . . . . . . . . .  * REG *  DATA   U_CHAR   0005H  1
SADEN. . . . . . . . . . . . . . . . .  SFR      DATA   U_CHAR   00B9H  1
SADDR. . . . . . . . . . . . . . . . .  SFR      DATA   U_CHAR   00A9H  1
IAP_TRIG . . . . . . . . . . . . . . .  SFR      DATA   U_CHAR   00C6H  1
AUXR1. . . . . . . . . . . . . . . . .  SFR      DATA   U_CHAR   00A2H  1
F0 . . . . . . . . . . . . . . . . . .  ABSBIT   -----  BIT      00D5H  1
INT_CLKO . . . . . . . . . . . . . . .  SFR      DATA   U_CHAR   008FH  1
F1 . . . . . . . . . . . . . . . . . .  ABSBIT   -----  BIT      00D1H  1
_EEPROM_ContinuousWrite. . . . . . . .  PUBLIC   CODE   PROC     0000H  -----
  addr . . . . . . . . . . . . . . . .  AUTO     DATA   U_CHAR   0000H  1
  date . . . . . . . . . . . . . . . .  AUTO     DATA   PTR      0001H  3
  number . . . . . . . . . . . . . . .  AUTO     DATA   U_CHAR   0004H  1
PSW. . . . . . . . . . . . . . . . . .  SFR      DATA   U_CHAR   00D0H  1
CCF0 . . . . . . . . . . . . . . . . .  ABSBIT   -----  BIT      00D8H  1
CCF1 . . . . . . . . . . . . . . . . .  ABSBIT   -----  BIT      00D9H  1
SPDAT. . . . . . . . . . . . . . . . .  SFR      DATA   U_CHAR   00CFH  1
P0M0 . . . . . . . . . . . . . . . . .  SFR      DATA   U_CHAR   0094H  1


MODULE INFORMATION:   STATIC OVERLAYABLE
   CODE SIZE        =    448    ----
   CONSTANT SIZE    =   ----    ----
   XDATA SIZE       =   ----    ----
   PDATA SIZE       =   ----    ----
   DATA SIZE        =   ----      10
   IDATA SIZE       =   ----    ----
   BIT SIZE         =   ----       2
   EDATA SIZE       =   ----    ----
   HDATA SIZE       =   ----    ----
   XDATA CONST SIZE =   ----    ----
   FAR CONST SIZE   =   ----    ----
END OF MODULE INFORMATION.


C51 COMPILATION COMPLETE.  0 WARNING(S),  0 ERROR(S)
